#
# There is insufficient memory for the Java Runtime Environment to continue.
# Native memory allocation (mmap) failed to map 131072 bytes for committing reserved memory.
# Possible reasons:
#   The system is out of physical RAM or swap space
#   In 32 bit mode, the process size limit was hit
# Possible solutions:
#   Reduce memory load on the system
#   Increase physical memory or swap space
#   Check if swap backing store is full
#   Use 64 bit Java on a 64 bit OS
#   Decrease Java heap size (-Xmx/-Xms)
#   Decrease number of Java threads
#   Decrease Java thread stack sizes (-Xss)
#   Set larger code cache with -XX:ReservedCodeCacheSize=
# This output file may be truncated or incomplete.
#
#  Out of Memory Error (os_linux.cpp:2643), pid=724, tid=0xb63c4b40
#
# JRE version: OpenJDK Runtime Environment (8.0_162-b12) (build 1.8.0_162-8u162-b12-0ubuntu0.16.04.2-b12)
# Java VM: OpenJDK Server VM (25.162-b12 mixed mode linux-x86 )
# Failed to write core dump. Core dumps have been disabled. To enable core dumping, try "ulimit -c unlimited" before starting Java again
#

---------------  T H R E A D  ---------------

Current thread (0xb620ac00):  JavaThread "main" [_thread_in_vm, id=788, stack(0xb6374000,0xb63c5000)]

Stack: [0xb6374000,0xb63c5000],  sp=0xb63c2428,  free space=313k
Native frames: (J=compiled Java code, j=interpreted, Vv=VM code, C=native code)
V  [libjvm.so+0x8da814]
V  [libjvm.so+0x3a9046]
V  [libjvm.so+0x744ce0]
V  [libjvm.so+0x73eb53]
V  [libjvm.so+0x8d7234]
V  [libjvm.so+0x6d0423]
V  [libjvm.so+0x6d063a]
V  [libjvm.so+0x6d11c5]
V  [libjvm.so+0x6d131a]
V  [libjvm.so+0x6d235a]
V  [libjvm.so+0x6d254d]
V  [libjvm.so+0x399c6f]
V  [libjvm.so+0x6d7c2e]
V  [libjvm.so+0x318a3f]
V  [libjvm.so+0x319213]
V  [libjvm.so+0x31b082]
V  [libjvm.so+0x321c76]
V  [libjvm.so+0x857bf4]
V  [libjvm.so+0x85671f]
V  [libjvm.so+0x858726]
V  [libjvm.so+0x39c3ee]
V  [libjvm.so+0x39e674]
V  [libjvm.so+0x63357e]
V  [libjvm.so+0x635ec8]
V  [libjvm.so+0x5155ed]
j  sun.reflect.generics.factory.CoreReflectionFactory.makeTypeVariable(Ljava/lang/String;[Lsun/reflect/generics/tree/FieldTypeSignature;)Ljava/lang/reflect/TypeVariable;+7
j  sun.reflect.generics.visitor.Reifier.visitFormalTypeParameter(Lsun/reflect/generics/tree/FormalTypeParameter;)V+13
j  sun.reflect.generics.tree.FormalTypeParameter.accept(Lsun/reflect/generics/visitor/TypeTreeVisitor;)V+2
j  sun.reflect.generics.repository.GenericDeclRepository.getTypeParameters()[Ljava/lang/reflect/TypeVariable;+47
j  java.lang.Class.getTypeParameters()[Ljava/lang/reflect/TypeVariable;+10
j  sun.reflect.generics.reflectiveObjects.ParameterizedTypeImpl.validateConstructorArguments()V+4
j  sun.reflect.generics.reflectiveObjects.ParameterizedTypeImpl.<init>(Ljava/lang/Class;[Ljava/lang/reflect/Type;Ljava/lang/reflect/Type;)V+31
j  sun.reflect.generics.reflectiveObjects.ParameterizedTypeImpl.make(Ljava/lang/Class;[Ljava/lang/reflect/Type;Ljava/lang/reflect/Type;)Lsun/reflect/generics/reflectiveObjects/ParameterizedTypeImpl;+7
j  sun.reflect.generics.factory.CoreReflectionFactory.makeParameterizedType(Ljava/lang/reflect/Type;[Ljava/lang/reflect/Type;Ljava/lang/reflect/Type;)Ljava/lang/reflect/ParameterizedType;+6
j  sun.reflect.generics.visitor.Reifier.visitClassTypeSignature(Lsun/reflect/generics/tree/ClassTypeSignature;)V+264
j  sun.reflect.generics.tree.ClassTypeSignature.accept(Lsun/reflect/generics/visitor/TypeTreeVisitor;)V+2
j  sun.reflect.generics.repository.ClassRepository.getSuperInterfaces()[Ljava/lang/reflect/Type;+45
j  java.lang.Class.getGenericInterfaces()[Ljava/lang/reflect/Type;+17
j  org.springframework.core.ResolvableType.getInterfaces()[Lorg/springframework/core/ResolvableType;+10
j  org.springframework.core.ResolvableType.as(Ljava/lang/Class;)Lorg/springframework/core/ResolvableType;+25
j  org.springframework.core.convert.support.GenericConversionService.getRequiredTypeInfo(Ljava/lang/Object;Ljava/lang/Class;)[Lorg/springframework/core/ResolvableType;+8
j  org.springframework.core.convert.support.GenericConversionService.addConverterFactory(Lorg/springframework/core/convert/converter/ConverterFactory;)V+4
j  org.springframework.core.convert.support.DefaultConversionService.addScalarConverters(Lorg/springframework/core/convert/converter/ConverterRegistry;)V+8
j  org.springframework.core.convert.support.DefaultConversionService.addDefaultConverters(Lorg/springframework/core/convert/converter/ConverterRegistry;)V+1
j  org.springframework.core.convert.support.DefaultConversionService.<init>()V+5
j  org.springframework.boot.context.config.ConfigFileApplicationListener.<init>()V+26
v  ~StubRoutines::call_stub
V  [libjvm.so+0x521a6d]
V  [libjvm.so+0x749c05]
V  [libjvm.so+0x520baa]
V  [libjvm.so+0x7bc195]
V  [libjvm.so+0x7be47e]
V  [libjvm.so+0x567d2b]  JVM_NewInstanceFromConstructor+0x6b
C  [libjava.so+0xce50]  Java_sun_reflect_NativeConstructorAccessorImpl_newInstance0+0x20
j  sun.reflect.NativeConstructorAccessorImpl.newInstance0(Ljava/lang/reflect/Constructor;[Ljava/lang/Object;)Ljava/lang/Object;+0
j  sun.reflect.NativeConstructorAccessorImpl.newInstance([Ljava/lang/Object;)Ljava/lang/Object;+85
j  sun.reflect.DelegatingConstructorAccessorImpl.newInstance([Ljava/lang/Object;)Ljava/lang/Object;+5
j  java.lang.reflect.Constructor.newInstance([Ljava/lang/Object;)Ljava/lang/Object;+79
j  org.springframework.boot.SpringApplication.createSpringFactoriesInstances(Ljava/lang/Class;[Ljava/lang/Class;Ljava/lang/ClassLoader;[Ljava/lang/Object;Ljava/util/Set;)Ljava/util/List;+73
j  org.springframework.boot.SpringApplication.getSpringFactoriesInstances(Ljava/lang/Class;[Ljava/lang/Class;[Ljava/lang/Object;)Ljava/util/Collection;+31
j  org.springframework.boot.SpringApplication.getSpringFactoriesInstances(Ljava/lang/Class;)Ljava/util/Collection;+10
j  org.springframework.boot.SpringApplication.initialize([Ljava/lang/Object;)V+45
j  org.springframework.boot.SpringApplication.<init>([Ljava/lang/Object;)V+55
j  org.springframework.boot.SpringApplication.run([Ljava/lang/Object;[Ljava/lang/String;)Lorg/springframework/context/ConfigurableApplicationContext;+5
j  org.springframework.boot.SpringApplication.run(Ljava/lang/Object;[Ljava/lang/String;)Lorg/springframework/context/ConfigurableApplicationContext;+9
j  com.sentriot.proto.WebdavApplication.main([Ljava/lang/String;)V+92
v  ~StubRoutines::call_stub
V  [libjvm.so+0x521a6d]
V  [libjvm.so+0x749c05]
V  [libjvm.so+0x520baa]
V  [libjvm.so+0x540ab4]
V  [libjvm.so+0x542a7b]
C  [libjli.so+0x2c30]
C  [libjli.so+0x6ace]
C  [libpthread.so.0+0x6295]  start_thread+0xe5
C  [libc.so.6+0xe70ae]  clone+0x6e

Java frames: (J=compiled Java code, j=interpreted, Vv=VM code)
j  sun.reflect.generics.factory.CoreReflectionFactory.makeTypeVariable(Ljava/lang/String;[Lsun/reflect/generics/tree/FieldTypeSignature;)Ljava/lang/reflect/TypeVariable;+7
j  sun.reflect.generics.visitor.Reifier.visitFormalTypeParameter(Lsun/reflect/generics/tree/FormalTypeParameter;)V+13
j  sun.reflect.generics.tree.FormalTypeParameter.accept(Lsun/reflect/generics/visitor/TypeTreeVisitor;)V+2
j  sun.reflect.generics.repository.GenericDeclRepository.getTypeParameters()[Ljava/lang/reflect/TypeVariable;+47
j  java.lang.Class.getTypeParameters()[Ljava/lang/reflect/TypeVariable;+10
j  sun.reflect.generics.reflectiveObjects.ParameterizedTypeImpl.validateConstructorArguments()V+4
j  sun.reflect.generics.reflectiveObjects.ParameterizedTypeImpl.<init>(Ljava/lang/Class;[Ljava/lang/reflect/Type;Ljava/lang/reflect/Type;)V+31
j  sun.reflect.generics.reflectiveObjects.ParameterizedTypeImpl.make(Ljava/lang/Class;[Ljava/lang/reflect/Type;Ljava/lang/reflect/Type;)Lsun/reflect/generics/reflectiveObjects/ParameterizedTypeImpl;+7
j  sun.reflect.generics.factory.CoreReflectionFactory.makeParameterizedType(Ljava/lang/reflect/Type;[Ljava/lang/reflect/Type;Ljava/lang/reflect/Type;)Ljava/lang/reflect/ParameterizedType;+6
j  sun.reflect.generics.visitor.Reifier.visitClassTypeSignature(Lsun/reflect/generics/tree/ClassTypeSignature;)V+264
j  sun.reflect.generics.tree.ClassTypeSignature.accept(Lsun/reflect/generics/visitor/TypeTreeVisitor;)V+2
j  sun.reflect.generics.repository.ClassRepository.getSuperInterfaces()[Ljava/lang/reflect/Type;+45
j  java.lang.Class.getGenericInterfaces()[Ljava/lang/reflect/Type;+17
j  org.springframework.core.ResolvableType.getInterfaces()[Lorg/springframework/core/ResolvableType;+10
j  org.springframework.core.ResolvableType.as(Ljava/lang/Class;)Lorg/springframework/core/ResolvableType;+25
j  org.springframework.core.convert.support.GenericConversionService.getRequiredTypeInfo(Ljava/lang/Object;Ljava/lang/Class;)[Lorg/springframework/core/ResolvableType;+8
j  org.springframework.core.convert.support.GenericConversionService.addConverterFactory(Lorg/springframework/core/convert/converter/ConverterFactory;)V+4
j  org.springframework.core.convert.support.DefaultConversionService.addScalarConverters(Lorg/springframework/core/convert/converter/ConverterRegistry;)V+8
j  org.springframework.core.convert.support.DefaultConversionService.addDefaultConverters(Lorg/springframework/core/convert/converter/ConverterRegistry;)V+1
j  org.springframework.core.convert.support.DefaultConversionService.<init>()V+5
j  org.springframework.boot.context.config.ConfigFileApplicationListener.<init>()V+26
v  ~StubRoutines::call_stub
j  sun.reflect.NativeConstructorAccessorImpl.newInstance0(Ljava/lang/reflect/Constructor;[Ljava/lang/Object;)Ljava/lang/Object;+0
j  sun.reflect.NativeConstructorAccessorImpl.newInstance([Ljava/lang/Object;)Ljava/lang/Object;+85
j  sun.reflect.DelegatingConstructorAccessorImpl.newInstance([Ljava/lang/Object;)Ljava/lang/Object;+5
j  java.lang.reflect.Constructor.newInstance([Ljava/lang/Object;)Ljava/lang/Object;+79
j  org.springframework.boot.SpringApplication.createSpringFactoriesInstances(Ljava/lang/Class;[Ljava/lang/Class;Ljava/lang/ClassLoader;[Ljava/lang/Object;Ljava/util/Set;)Ljava/util/List;+73
j  org.springframework.boot.SpringApplication.getSpringFactoriesInstances(Ljava/lang/Class;[Ljava/lang/Class;[Ljava/lang/Object;)Ljava/util/Collection;+31
j  org.springframework.boot.SpringApplication.getSpringFactoriesInstances(Ljava/lang/Class;)Ljava/util/Collection;+10
j  org.springframework.boot.SpringApplication.initialize([Ljava/lang/Object;)V+45
j  org.springframework.boot.SpringApplication.<init>([Ljava/lang/Object;)V+55
j  org.springframework.boot.SpringApplication.run([Ljava/lang/Object;[Ljava/lang/String;)Lorg/springframework/context/ConfigurableApplicationContext;+5
j  org.springframework.boot.SpringApplication.run(Ljava/lang/Object;[Ljava/lang/String;)Lorg/springframework/context/ConfigurableApplicationContext;+9
j  com.sentriot.proto.WebdavApplication.main([Ljava/lang/String;)V+92
v  ~StubRoutines::call_stub

---------------  P R O C E S S  ---------------

Java Threads: ( => current thread )
  0x637aa800 JavaThread "Service Thread" daemon [_thread_blocked, id=1043, stack(0x630db000,0x6312c000)]
  0x637a7400 JavaThread "C1 CompilerThread2" daemon [_thread_blocked, id=1035, stack(0x6312c000,0x631ad000)]
  0x637a5c00 JavaThread "C2 CompilerThread1" daemon [_thread_in_native, id=1032, stack(0x631ad000,0x6322e000)]
  0x637a4000 JavaThread "C2 CompilerThread0" daemon [_thread_in_native, id=1028, stack(0x6322e000,0x632af000)]
  0x637a2800 JavaThread "Signal Dispatcher" daemon [_thread_blocked, id=1026, stack(0x632af000,0x63300000)]
  0x63788800 JavaThread "Finalizer" daemon [_thread_blocked, id=951, stack(0x63814000,0x63865000)]
  0x63785c00 JavaThread "Reference Handler" daemon [_thread_blocked, id=942, stack(0x6642e000,0x6647f000)]
=>0xb620ac00 JavaThread "main" [_thread_in_vm, id=788, stack(0xb6374000,0xb63c5000)]

Other Threads:
  0x63781000 VMThread [stack: 0x63865000,0x638e6000] [id=922]
  0x637ac000 WatcherThread [stack: 0x6305a000,0x630db000] [id=1044]

VM state:not at safepoint (normal execution)

VM Mutex/Monitor currently owned by a thread: None

Heap:
 PSYoungGen      total 19200K, used 10354K [0x918c0000, 0x92e00000, 0xa6e00000)
  eden space 16640K, 62% used [0x918c0000,0x922dcae0,0x92900000)
  from space 2560K, 0% used [0x92b80000,0x92b80000,0x92e00000)
  to   space 2560K, 0% used [0x92900000,0x92900000,0x92b80000)
 ParOldGen       total 43776K, used 0K [0x66e00000, 0x698c0000, 0x918c0000)
  object space 43776K, 0% used [0x66e00000,0x66e00000,0x698c0000)
 Metaspace       used 3719K, capacity 3720K, committed 3736K, reserved 4400K

Card table byte_map: [0x66bff000,0x66e00000] byte_map_base: 0x668c8000

Marking Bits: (ParMarkBitMap*) 0xb70ef8a0
 Begin Bits: [0x64300000, 0x65300000)
 End Bits:   [0x65300000, 0x66300000)

Polling page: 0xb76fc000

CodeCache: size=245760Kb used=1409Kb max_used=1409Kb free=244350Kb
 bounds [0xa71e0000, 0xa7420000, 0xb61e0000]
 total_blobs=499 nmethods=334 adapters=80
 compilation: enabled

Compilation events (10 events):
Event: 2.154 Thread 0x637a7400  334       3       java.security.CodeSource::equals (60 bytes)
Event: 2.155 Thread 0x637a7400 nmethod 334 0xa733f2c8 code [0xa733f420, 0xa733fa18]
Event: 2.156 Thread 0x637a7400  335       3       sun.net.www.protocol.file.Handler::hostsEqual (69 bytes)
Event: 2.157 Thread 0x637a7400 nmethod 335 0xa733fbc8 code [0xa733fd40, 0xa73402dc]
Event: 2.195 Thread 0x637a7400  336   !   3       sun.reflect.generics.parser.SignatureParser::current (40 bytes)
Event: 2.195 Thread 0x637a7400 nmethod 336 0xa7340448 code [0xa7340560, 0xa73406a0]
Event: 2.204 Thread 0x637a7400  337       1       java.lang.CharacterDataLatin1::getProperties (11 bytes)
Event: 2.204 Thread 0x637a7400 nmethod 337 0xa73407c8 code [0xa73408e0, 0xa73409a0]
Event: 2.204 Thread 0x637a7400  338       3       sun.reflect.generics.parser.SignatureParser::advance (37 bytes)
Event: 2.205 Thread 0x637a7400 nmethod 338 0xa7340a48 code [0xa7340b60, 0xa7340c40]

GC Heap History (0 events):
No events

Deoptimization events (1 events):
Event: 1.802 Thread 0xb620ac00 Uncommon trap: reason=unstable_if action=reinterpret pc=0xa72ef964 method=java.lang.String.replace(CC)Ljava/lang/String; @ 26

Classes redefined (0 events):
No events

Internal exceptions (10 events):
Event: 0.837 Thread 0xb620ac00 Exception <a 'java/security/PrivilegedActionException'> (0x91b0d068) thrown at [/build/openjdk-8-2Hm3Za/openjdk-8-8u162-b12/src/hotspot/src/share/vm/prims/jvm.cpp, line 1390]
Event: 0.837 Thread 0xb620ac00 Exception <a 'java/security/PrivilegedActionException'> (0x91b0d268) thrown at [/build/openjdk-8-2Hm3Za/openjdk-8-8u162-b12/src/hotspot/src/share/vm/prims/jvm.cpp, line 1390]
Event: 0.844 Thread 0xb620ac00 Exception <a 'java/security/PrivilegedActionException'> (0x91b0f0a8) thrown at [/build/openjdk-8-2Hm3Za/openjdk-8-8u162-b12/src/hotspot/src/share/vm/prims/jvm.cpp, line 1390]
Event: 0.844 Thread 0xb620ac00 Exception <a 'java/security/PrivilegedActionException'> (0x91b0f2a8) thrown at [/build/openjdk-8-2Hm3Za/openjdk-8-8u162-b12/src/hotspot/src/share/vm/prims/jvm.cpp, line 1390]
Event: 0.844 Thread 0xb620ac00 Exception <a 'java/security/PrivilegedActionException'> (0x91b0fce0) thrown at [/build/openjdk-8-2Hm3Za/openjdk-8-8u162-b12/src/hotspot/src/share/vm/prims/jvm.cpp, line 1390]
Event: 0.844 Thread 0xb620ac00 Exception <a 'java/security/PrivilegedActionException'> (0x91b0fee0) thrown at [/build/openjdk-8-2Hm3Za/openjdk-8-8u162-b12/src/hotspot/src/share/vm/prims/jvm.cpp, line 1390]
Event: 1.320 Thread 0xb620ac00 Exception <a 'java/io/FileNotFoundException'> (0x91cbcf58) thrown at [/build/openjdk-8-2Hm3Za/openjdk-8-8u162-b12/src/hotspot/src/share/vm/prims/jni.cpp, line 709]
Event: 2.193 Thread 0xb620ac00 Exception <a 'java/lang/ArrayIndexOutOfBoundsException': 18> (0x9229e710) thrown at [/build/openjdk-8-2Hm3Za/openjdk-8-8u162-b12/src/hotspot/src/share/vm/interpreter/interpreterRuntime.cpp, line 366]
Event: 2.196 Thread 0xb620ac00 Exception <a 'java/lang/ArrayIndexOutOfBoundsException'> (0x922a0160) thrown at [/build/openjdk-8-2Hm3Za/openjdk-8-8u162-b12/src/hotspot/src/share/vm/runtime/sharedRuntime.cpp, line 605]
Event: 2.205 Thread 0xb620ac00 Exception <a 'java/lang/ArrayIndexOutOfBoundsException'> (0x922a12a8) thrown at [/build/openjdk-8-2Hm3Za/openjdk-8-8u162-b12/src/hotspot/src/share/vm/runtime/sharedRuntime.cpp, line 605]

Events (10 events):
Event: 2.197 loading class sun/reflect/generics/visitor/TypeTreeVisitor
Event: 2.197 loading class sun/reflect/generics/visitor/TypeTreeVisitor done
Event: 2.197 loading class sun/reflect/generics/visitor/Reifier done
Event: 2.197 loading class sun/reflect/generics/reflectiveObjects/ParameterizedTypeImpl
Event: 2.201 loading class java/lang/reflect/ParameterizedType
Event: 2.204 loading class java/lang/reflect/ParameterizedType done
Event: 2.204 loading class sun/reflect/generics/reflectiveObjects/ParameterizedTypeImpl done
Event: 2.205 loading class java/lang/reflect/TypeVariable
Event: 2.205 loading class java/lang/reflect/TypeVariable done
Event: 2.205 loading class sun/reflect/generics/reflectiveObjects/TypeVariableImpl


Dynamic libraries:
08048000-08049000 r-xp 00000000 08:01 1693449    /usr/lib/jvm/java-8-openjdk-i386/jre/bin/java
08049000-0804a000 r--p 00000000 08:01 1693449    /usr/lib/jvm/java-8-openjdk-i386/jre/bin/java
0804a000-0804b000 rw-p 00001000 08:01 1693449    /usr/lib/jvm/java-8-openjdk-i386/jre/bin/java
090fd000-0911e000 rw-p 00000000 00:00 0          [heap]
60d00000-60df9000 rw-p 00000000 00:00 0 
60df9000-60e00000 ---p 00000000 00:00 0 
60e00000-60e29000 rw-p 00000000 00:00 0 
60e29000-60f00000 ---p 00000000 00:00 0 
60f00000-60ff0000 rw-p 00000000 00:00 0 
60ff0000-61000000 ---p 00000000 00:00 0 
610ff000-62d00000 rw-p 00000000 00:00 0 
62d00000-62dfe000 rw-p 00000000 00:00 0 
62dfe000-62e00000 ---p 00000000 00:00 0 
62e30000-62e3e000 r--s 0007c000 08:01 2657517    /home/sarnobat/.m2/repository/org/springframework/spring-test/4.2.5.RELEASE/spring-test-4.2.5.RELEASE.jar
62e3e000-62e3f000 r--s 0000c000 08:01 2796529    /home/sarnobat/.m2/repository/org/hamcrest/hamcrest-library/1.3/hamcrest-library-1.3.jar
62e3f000-62e41000 r--s 00009000 08:01 2657515    /home/sarnobat/.m2/repository/org/objenesis/objenesis/2.1/objenesis-2.1.jar
62e41000-62e5d000 r--s 00103000 08:01 2657513    /home/sarnobat/.m2/repository/org/mockito/mockito-core/1.10.19/mockito-core-1.10.19.jar
62e5d000-62e5f000 r--s 00009000 08:01 2733514    /home/sarnobat/.m2/repository/org/hamcrest/hamcrest-core/1.3/hamcrest-core-1.3.jar
62e5f000-62e67000 r--s 00045000 08:01 2495292    /home/sarnobat/.m2/repository/junit/junit/4.12/junit-4.12.jar
62e67000-62e68000 r--s 00000000 08:01 2657494    /home/sarnobat/.m2/repository/org/springframework/boot/spring-boot-starter-test/1.3.3.RELEASE/spring-boot-starter-test-1.3.3.RELEASE.jar
62e68000-62e6c000 r--s 0002e000 08:01 2657508    /home/sarnobat/.m2/repository/org/apache/tomcat/tomcat-util-scan/9.0.0.M4/tomcat-util-scan-9.0.0.M4.jar
62e6c000-62e70000 r--s 0001b000 08:01 2657505    /home/sarnobat/.m2/repository/org/apache/tomcat/tomcat-util/9.0.0.M4/tomcat-util-9.0.0.M4.jar
62e70000-62e7b000 r--s 000aa000 08:01 2657491    /home/sarnobat/.m2/repository/org/apache/tomcat/tomcat-coyote/9.0.0.M4/tomcat-coyote-9.0.0.M4.jar
62e7b000-62e7d000 r--s 00007000 08:01 2657486    /home/sarnobat/.m2/repository/org/apache/tomcat/tomcat-jni/9.0.0.M4/tomcat-jni-9.0.0.M4.jar
62e7d000-62e7e000 r--s 00002000 08:01 2650198    /home/sarnobat/.m2/repository/org/apache/tomcat/tomcat-api/9.0.0.M4/tomcat-api-9.0.0.M4.jar
62e7e000-62e80000 r--s 00003000 08:01 2650170    /home/sarnobat/.m2/repository/org/apache/tomcat/tomcat-annotations-api/9.0.0.M4/tomcat-annotations-api-9.0.0.M4.jar
62e80000-62e82000 r--s 00012000 08:01 2650160    /home/sarnobat/.m2/repository/org/apache/tomcat/tomcat-el-api/8.0.32/tomcat-el-api-8.0.32.jar
62e82000-62e84000 r--s 0000d000 08:01 2650157    /home/sarnobat/.m2/repository/org/apache/tomcat/tomcat-jsp-api/8.0.32/tomcat-jsp-api-8.0.32.jar
62e84000-62e88000 r--s 00040000 08:01 2650150    /home/sarnobat/.m2/repository/org/apache/tomcat/tomcat-servlet-api/9.0.0.M4/tomcat-servlet-api-9.0.0.M4.jar
62e88000-62e9c000 r--s 0016e000 08:01 2650148    /home/sarnobat/.m2/repository/org/apache/tomcat/tomcat-catalina/9.0.0.M4/tomcat-catalina-9.0.0.M4.jar
62e9c000-62ead000 r--s 000c6000 08:01 2650135    /home/sarnobat/.m2/repository/org/springframework/spring-webmvc/4.2.5.RELEASE/spring-webmvc-4.2.5.RELEASE.jar
62ead000-62ebe000 r--s 000ab000 08:01 2650132    /home/sarnobat/.m2/repository/org/springframework/spring-web/4.2.5.RELEASE/spring-web-4.2.5.RELEASE.jar
62ebe000-62ec2000 r--s 0003c000 08:01 2796576    /home/sarnobat/.m2/repository/com/fasterxml/jackson/core/jackson-core/2.6.5/jackson-core-2.6.5.jar
62ec2000-62ec5000 r--s 00009000 08:01 2796574    /home/sarnobat/.m2/repository/com/fasterxml/jackson/core/jackson-annotations/2.6.5/jackson-annotations-2.6.5.jar
62ec5000-62ed6000 r--s 0010d000 08:01 2796572    /home/sarnobat/.m2/repository/com/fasterxml/jackson/core/jackson-databind/2.6.5/jackson-databind-2.6.5.jar
62ed6000-62ed8000 r--s 0000e000 08:01 2796570    /home/sarnobat/.m2/repository/com/fasterxml/classmate/1.1.0/classmate-1.1.0.jar
62ed8000-62ee8000 r--s 0009c000 08:01 2650102    /home/sarnobat/.m2/repository/org/hibernate/hibernate-validator/5.2.4.Final/hibernate-validator-5.2.4.Final.jar
62ee8000-62efe000 r-xp 00000000 08:01 1693426    /usr/lib/jvm/java-8-openjdk-i386/jre/lib/i386/libnet.so
62efe000-62eff000 r--p 00015000 08:01 1693426    /usr/lib/jvm/java-8-openjdk-i386/jre/lib/i386/libnet.so
62eff000-62f00000 rw-p 00016000 08:01 1693426    /usr/lib/jvm/java-8-openjdk-i386/jre/lib/i386/libnet.so
62f00000-63000000 rw-p 00000000 00:00 0 
63000000-63006000 r--s 00037000 08:01 2650084    /home/sarnobat/.m2/repository/org/apache/tomcat/embed/tomcat-embed-websocket/8.0.32/tomcat-embed-websocket-8.0.32.jar
63006000-6300b000 r--s 00036000 08:01 2650043    /home/sarnobat/.m2/repository/org/apache/tomcat/embed/tomcat-embed-el/8.0.32/tomcat-embed-el-8.0.32.jar
6300b000-6301c000 r-xp 00000000 08:01 1693431    /usr/lib/jvm/java-8-openjdk-i386/jre/lib/i386/libnio.so
6301c000-6301d000 r--p 00010000 08:01 1693431    /usr/lib/jvm/java-8-openjdk-i386/jre/lib/i386/libnio.so
6301d000-6301e000 rw-p 00011000 08:01 1693431    /usr/lib/jvm/java-8-openjdk-i386/jre/lib/i386/libnio.so
6301e000-63043000 r--s 00290000 08:01 2650039    /home/sarnobat/.m2/repository/org/apache/tomcat/embed/tomcat-embed-core/8.0.32/tomcat-embed-core-8.0.32.jar
63043000-6305a000 r--s 000a2000 08:01 2641678    /home/sarnobat/.m2/repository/org/springframework/boot/spring-boot-autoconfigure/1.3.3.RELEASE/spring-boot-autoconfigure-1.3.3.RELEASE.jar
6305a000-6305b000 ---p 00000000 00:00 0 
6305b000-630db000 rw-p 00000000 00:00 0 
630db000-630de000 ---p 00000000 00:00 0 
630de000-6312c000 rw-p 00000000 00:00 0 
6312c000-6312f000 ---p 00000000 00:00 0 
6312f000-631ad000 rw-p 00000000 00:00 0 
631ad000-631b0000 ---p 00000000 00:00 0 
631b0000-6322e000 rw-p 00000000 00:00 0 
6322e000-63231000 ---p 00000000 00:00 0 
63231000-632af000 rw-p 00000000 00:00 0 
632af000-632b2000 ---p 00000000 00:00 0 
632b2000-63300000 rw-p 00000000 00:00 0 
63300000-63500000 r--p 00000000 08:01 1110568    /usr/lib/locale/locale-archive
63500000-635ce000 rw-p 00000000 00:00 0 
635ce000-63600000 ---p 00000000 00:00 0 
63600000-63621000 rw-p 00000000 00:00 0 
63621000-63700000 ---p 00000000 00:00 0 
63700000-637fc000 rw-p 00000000 00:00 0 
637fc000-63800000 ---p 00000000 00:00 0 
63800000-63801000 r--s 00009000 08:01 2650165    /home/sarnobat/.m2/repository/org/apache/tomcat/tomcat-juli/9.0.0.M4/tomcat-juli-9.0.0.M4.jar
63801000-63803000 r--s 0000f000 08:01 2650129    /home/sarnobat/.m2/repository/org/jboss/logging/jboss-logging/3.3.0.Final/jboss-logging-3.3.0.Final.jar
63803000-63809000 r--s 0003c000 08:01 2650030    /home/sarnobat/.m2/repository/org/yaml/snakeyaml/1.16/snakeyaml-1.16.jar
63809000-63814000 r--s 00065000 08:01 2650024    /home/sarnobat/.m2/repository/ch/qos/logback/logback-core/1.1.5/logback-core-1.1.5.jar
63814000-63817000 ---p 00000000 00:00 0 
63817000-63865000 rw-p 00000000 00:00 0 
63865000-63866000 ---p 00000000 00:00 0 
63866000-638e6000 rw-p 00000000 00:00 0 
638e6000-63ab4000 r--s 03c2c000 08:01 1692598    /usr/lib/jvm/java-8-openjdk-i386/jre/lib/rt.jar
63ab4000-63e5a000 rw-p 00000000 00:00 0 
63e7a000-63f00000 ---p 00000000 00:00 0 
63f00000-66300000 rw-p 00000000 00:00 0 
66300000-663ac000 rw-p 00000000 00:00 0 
663ac000-66400000 ---p 00000000 00:00 0 
66400000-66401000 r--s 00000000 08:01 2650097    /home/sarnobat/.m2/repository/org/springframework/boot/spring-boot-starter-validation/1.3.3.RELEASE/spring-boot-starter-validation-1.3.3.RELEASE.jar
66401000-66402000 r--s 00009000 08:01 2650073    /home/sarnobat/.m2/repository/org/apache/tomcat/embed/tomcat-embed-logging-juli/8.0.32/tomcat-embed-logging-juli-8.0.32.jar
66402000-66408000 r--s 0003f000 08:01 2650009    /home/sarnobat/.m2/repository/ch/qos/logback/logback-classic/1.1.5/logback-classic-1.1.5.jar
66408000-66415000 r--s 000a6000 08:01 2641689    /home/sarnobat/.m2/repository/org/springframework/spring-beans/4.2.5.RELEASE/spring-beans-4.2.5.RELEASE.jar
66415000-6642e000 r--s 000f3000 08:01 2641676    /home/sarnobat/.m2/repository/org/springframework/spring-context/4.2.5.RELEASE/spring-context-4.2.5.RELEASE.jar
6642e000-66431000 ---p 00000000 00:00 0 
66431000-6647f000 rw-p 00000000 00:00 0 
6647f000-66480000 ---p 00000000 00:00 0 
66480000-66500000 rw-p 00000000 00:00 0 
66500000-665fc000 rw-p 00000000 00:00 0 
665fc000-66600000 ---p 00000000 00:00 0 
66600000-66602000 r--s 00004000 08:01 2796567    /home/sarnobat/.m2/repository/org/slf4j/log4j-over-slf4j/1.7.16/log4j-over-slf4j-1.7.16.jar
66602000-66604000 r--s 00000000 08:01 2796565    /home/sarnobat/.m2/repository/org/slf4j/jul-to-slf4j/1.7.16/jul-to-slf4j-1.7.16.jar
66604000-6660d000 r--s 00052000 08:01 2641687    /home/sarnobat/.m2/repository/org/springframework/spring-aop/4.2.5.RELEASE/spring-aop-4.2.5.RELEASE.jar
6660d000-66623000 r--s 000f2000 08:01 2641681    /home/sarnobat/.m2/repository/org/springframework/spring-core/4.2.5.RELEASE/spring-core-4.2.5.RELEASE.jar
66623000-66631000 r--s 00078000 08:01 2641674    /home/sarnobat/.m2/repository/org/springframework/boot/spring-boot/1.3.3.RELEASE/spring-boot-1.3.3.RELEASE.jar
66631000-6667f000 rw-p 00000000 00:00 0 
6667f000-66680000 ---p 00000000 00:00 0 
66680000-66700000 rw-p 00000000 00:00 0 
66700000-66721000 rw-p 00000000 00:00 0 
66721000-66800000 ---p 00000000 00:00 0 
66800000-66805000 r--s 0003c000 08:01 2641692    /home/sarnobat/.m2/repository/org/springframework/spring-expression/4.2.5.RELEASE/spring-expression-4.2.5.RELEASE.jar
66805000-66809000 r--s 0000c000 08:01 2717440    /home/sarnobat/.m2/repository/javax/validation/validation-api/1.1.0.Final/validation-api-1.1.0.Final.jar
66809000-66824000 r--s 00394000 08:01 1692580    /usr/lib/jvm/java-8-openjdk-i386/jre/lib/ext/cldrdata.jar
66824000-6687f000 rw-p 00000000 00:00 0 
6687f000-66880000 ---p 00000000 00:00 0 
66880000-66900000 rw-p 00000000 00:00 0 
66900000-66921000 rw-p 00000000 00:00 0 
66921000-66a00000 ---p 00000000 00:00 0 
66a00000-66a01000 r--s 00000000 08:01 2650035    /home/sarnobat/.m2/repository/org/springframework/boot/spring-boot-starter-tomcat/1.3.3.RELEASE/spring-boot-starter-tomcat-1.3.3.RELEASE.jar
66a01000-66a03000 r--s 00003000 08:01 2796563    /home/sarnobat/.m2/repository/org/slf4j/jcl-over-slf4j/1.7.16/jcl-over-slf4j-1.7.16.jar
66a03000-66a1e000 r--s 001d6000 08:01 1692582    /usr/lib/jvm/java-8-openjdk-i386/jre/lib/ext/nashorn.jar
66a1e000-66a28000 r--s 00116000 08:01 1692574    /usr/lib/jvm/java-8-openjdk-i386/jre/lib/ext/localedata.jar
66a28000-66a29000 ---p 00000000 00:00 0 
66a29000-66abf000 rw-p 00000000 00:00 0 
66abf000-66bff000 ---p 00000000 00:00 0 
66bff000-66c15000 rw-p 00000000 00:00 0 
66c15000-66d54000 ---p 00000000 00:00 0 
66d54000-66d5f000 rw-p 00000000 00:00 0 
66d5f000-66dff000 ---p 00000000 00:00 0 
66dff000-698c0000 rw-p 00000000 00:00 0 
698c0000-918c0000 ---p 00000000 00:00 0 
918c0000-92e00000 rw-p 00000000 00:00 0 
92e00000-a6e00000 ---p 00000000 00:00 0 
a6e00000-a6e01000 r--s 00000000 08:01 2650033    /home/sarnobat/.m2/repository/org/springframework/boot/spring-boot-starter-web/1.3.3.RELEASE/spring-boot-starter-web-1.3.3.RELEASE.jar
a6e01000-a6e02000 r--s 00009000 08:01 2796554    /home/sarnobat/.m2/repository/org/slf4j/slf4j-api/1.7.16/slf4j-api-1.7.16.jar
a6e02000-a6e03000 r--s 00000000 08:01 2650006    /home/sarnobat/.m2/repository/org/springframework/boot/spring-boot-starter-logging/1.3.3.RELEASE/spring-boot-starter-logging-1.3.3.RELEASE.jar
a6e03000-a6e08000 r--s 0003b000 08:01 1692576    /usr/lib/jvm/java-8-openjdk-i386/jre/lib/ext/sunjce_provider.jar
a6e08000-a6e29000 rw-p 00000000 00:00 0 
a6e29000-a71e0000 ---p 00000000 00:00 0 
a71e0000-a7420000 rwxp 00000000 00:00 0 
a7420000-b61e0000 ---p 00000000 00:00 0 
b61e0000-b61eb000 r-xp 00000000 08:01 3402889    /lib/i386-linux-gnu/libnss_files-2.23.so
b61eb000-b61ec000 r--p 0000a000 08:01 3402889    /lib/i386-linux-gnu/libnss_files-2.23.so
b61ec000-b61ed000 rw-p 0000b000 08:01 3402889    /lib/i386-linux-gnu/libnss_files-2.23.so
b61ed000-b61f3000 rw-p 00000000 00:00 0 
b61f3000-b61fe000 r-xp 00000000 08:01 3402895    /lib/i386-linux-gnu/libnss_nis-2.23.so
b61fe000-b61ff000 r--p 0000a000 08:01 3402895    /lib/i386-linux-gnu/libnss_nis-2.23.so
b61ff000-b6200000 rw-p 0000b000 08:01 3402895    /lib/i386-linux-gnu/libnss_nis-2.23.so
b6200000-b62fe000 rw-p 00000000 00:00 0 
b62fe000-b6300000 ---p 00000000 00:00 0 
b6300000-b6302000 r--s 00000000 08:01 2717532    /home/sarnobat/.m2/repository/aopalliance/aopalliance/1.0/aopalliance-1.0.jar
b6302000-b6304000 r--s 00008000 08:01 1692578    /usr/lib/jvm/java-8-openjdk-i386/jre/lib/ext/sunec.jar
b6304000-b631b000 r-xp 00000000 08:01 3402652    /lib/i386-linux-gnu/libnsl-2.23.so
b631b000-b631c000 r--p 00016000 08:01 3402652    /lib/i386-linux-gnu/libnsl-2.23.so
b631c000-b631d000 rw-p 00017000 08:01 3402652    /lib/i386-linux-gnu/libnsl-2.23.so
b631d000-b631f000 rw-p 00000000 00:00 0 
b631f000-b6327000 r-xp 00000000 08:01 3402720    /lib/i386-linux-gnu/libnss_compat-2.23.so
b6327000-b6328000 r--p 00007000 08:01 3402720    /lib/i386-linux-gnu/libnss_compat-2.23.so
b6328000-b6329000 rw-p 00008000 08:01 3402720    /lib/i386-linux-gnu/libnss_compat-2.23.so
b6329000-b632a000 r--s 00000000 08:01 2641672    /home/sarnobat/.m2/repository/org/springframework/boot/spring-boot-starter/1.3.3.RELEASE/spring-boot-starter-1.3.3.RELEASE.jar
b632a000-b632c000 r--s 00001000 08:01 1692579    /usr/lib/jvm/java-8-openjdk-i386/jre/lib/ext/dnsns.jar
b632c000-b632f000 r--s 0000f000 08:01 1692575    /usr/lib/jvm/java-8-openjdk-i386/jre/lib/ext/icedtea-sound.jar
b632f000-b6337000 r-xp 00000000 08:01 1693413    /usr/lib/jvm/java-8-openjdk-i386/jre/lib/i386/libzip.so
b6337000-b6338000 r--p 00007000 08:01 1693413    /usr/lib/jvm/java-8-openjdk-i386/jre/lib/i386/libzip.so
b6338000-b6339000 rw-p 00008000 08:01 1693413    /usr/lib/jvm/java-8-openjdk-i386/jre/lib/i386/libzip.so
b6339000-b6341000 rw-s 00000000 08:01 2576861    /tmp/hsperfdata_sarnobat/724
b6341000-b6369000 r-xp 00000000 08:01 1693416    /usr/lib/jvm/java-8-openjdk-i386/jre/lib/i386/libjava.so
b6369000-b636a000 r--p 00027000 08:01 1693416    /usr/lib/jvm/java-8-openjdk-i386/jre/lib/i386/libjava.so
b636a000-b636b000 rw-p 00028000 08:01 1693416    /usr/lib/jvm/java-8-openjdk-i386/jre/lib/i386/libjava.so
b636b000-b6372000 r-xp 00000000 08:01 3402905    /lib/i386-linux-gnu/librt-2.23.so
b6372000-b6373000 r--p 00006000 08:01 3402905    /lib/i386-linux-gnu/librt-2.23.so
b6373000-b6374000 rw-p 00007000 08:01 3402905    /lib/i386-linux-gnu/librt-2.23.so
b6374000-b6377000 ---p 00000000 00:00 0 
b6377000-b63c5000 rw-p 00000000 00:00 0 
b63c5000-b63e1000 r-xp 00000000 08:01 3402590    /lib/i386-linux-gnu/libgcc_s.so.1
b63e1000-b63e2000 rw-p 0001b000 08:01 3402590    /lib/i386-linux-gnu/libgcc_s.so.1
b63e2000-b6435000 r-xp 00000000 08:01 3402651    /lib/i386-linux-gnu/libm-2.23.so
b6435000-b6436000 r--p 00052000 08:01 3402651    /lib/i386-linux-gnu/libm-2.23.so
b6436000-b6437000 rw-p 00053000 08:01 3402651    /lib/i386-linux-gnu/libm-2.23.so
b6437000-b65a4000 r-xp 00000000 08:01 1104849    /usr/lib/i386-linux-gnu/libstdc++.so.6.0.21
b65a4000-b65a5000 ---p 0016d000 08:01 1104849    /usr/lib/i386-linux-gnu/libstdc++.so.6.0.21
b65a5000-b65aa000 r--p 0016d000 08:01 1104849    /usr/lib/i386-linux-gnu/libstdc++.so.6.0.21
b65aa000-b65ab000 rw-p 00172000 08:01 1104849    /usr/lib/i386-linux-gnu/libstdc++.so.6.0.21
b65ab000-b65ae000 rw-p 00000000 00:00 0 
b65ae000-b7084000 r-xp 00000000 08:01 1693411    /usr/lib/jvm/java-8-openjdk-i386/jre/lib/i386/server/libjvm.so
b7084000-b70ca000 r--p 00ad5000 08:01 1693411    /usr/lib/jvm/java-8-openjdk-i386/jre/lib/i386/server/libjvm.so
b70ca000-b70e1000 rw-p 00b1b000 08:01 1693411    /usr/lib/jvm/java-8-openjdk-i386/jre/lib/i386/server/libjvm.so
b70e1000-b7501000 rw-p 00000000 00:00 0 
b7501000-b751a000 r-xp 00000000 08:01 3402662    /lib/i386-linux-gnu/libpthread-2.23.so
b751a000-b751b000 r--p 00018000 08:01 3402662    /lib/i386-linux-gnu/libpthread-2.23.so
b751b000-b751c000 rw-p 00019000 08:01 3402662    /lib/i386-linux-gnu/libpthread-2.23.so
b751c000-b751e000 rw-p 00000000 00:00 0 
b751e000-b7521000 r-xp 00000000 08:01 3402697    /lib/i386-linux-gnu/libdl-2.23.so
b7521000-b7522000 r--p 00002000 08:01 3402697    /lib/i386-linux-gnu/libdl-2.23.so
b7522000-b7523000 rw-p 00003000 08:01 3402697    /lib/i386-linux-gnu/libdl-2.23.so
b7523000-b7524000 rw-p 00000000 00:00 0 
b7524000-b753d000 r-xp 00000000 08:01 3402741    /lib/i386-linux-gnu/libz.so.1.2.8
b753d000-b753e000 r--p 00018000 08:01 3402741    /lib/i386-linux-gnu/libz.so.1.2.8
b753e000-b753f000 rw-p 00019000 08:01 3402741    /lib/i386-linux-gnu/libz.so.1.2.8
b753f000-b76ef000 r-xp 00000000 08:01 3402663    /lib/i386-linux-gnu/libc-2.23.so
b76ef000-b76f1000 r--p 001af000 08:01 3402663    /lib/i386-linux-gnu/libc-2.23.so
b76f1000-b76f2000 rw-p 001b1000 08:01 3402663    /lib/i386-linux-gnu/libc-2.23.so
b76f2000-b76f5000 rw-p 00000000 00:00 0 
b76f5000-b76f6000 r--s 00010000 08:01 1692581    /usr/lib/jvm/java-8-openjdk-i386/jre/lib/ext/zipfs.jar
b76f6000-b76f7000 r--s 0000a000 08:01 1692577    /usr/lib/jvm/java-8-openjdk-i386/jre/lib/ext/jaccess.jar
b76f7000-b76fa000 r--s 00038000 08:01 1692573    /usr/lib/jvm/java-8-openjdk-i386/jre/lib/ext/sunpkcs11.jar
b76fa000-b76fb000 r--p 002d4000 08:01 1110568    /usr/lib/locale/locale-archive
b76fb000-b76fc000 rw-p 00000000 00:00 0 
b76fc000-b76fd000 r--p 00000000 00:00 0 
b76fd000-b770b000 r-xp 00000000 08:01 1693425    /usr/lib/jvm/java-8-openjdk-i386/jre/lib/i386/libverify.so
b770b000-b770c000 r--p 0000d000 08:01 1693425    /usr/lib/jvm/java-8-openjdk-i386/jre/lib/i386/libverify.so
b770c000-b770d000 rw-p 0000e000 08:01 1693425    /usr/lib/jvm/java-8-openjdk-i386/jre/lib/i386/libverify.so
b770d000-b771a000 r-xp 00000000 08:01 1693421    /usr/lib/jvm/java-8-openjdk-i386/jre/lib/i386/jli/libjli.so
b771a000-b771b000 r--p 0000c000 08:01 1693421    /usr/lib/jvm/java-8-openjdk-i386/jre/lib/i386/jli/libjli.so
b771b000-b771c000 rw-p 0000d000 08:01 1693421    /usr/lib/jvm/java-8-openjdk-i386/jre/lib/i386/jli/libjli.so
b771c000-b771d000 rw-p 00000000 00:00 0 
b771d000-b7720000 r--p 00000000 00:00 0          [vvar]
b7720000-b7721000 r-xp 00000000 00:00 0          [vdso]
b7721000-b7744000 r-xp 00000000 08:01 3402661    /lib/i386-linux-gnu/ld-2.23.so
b7744000-b7745000 r--p 00022000 08:01 3402661    /lib/i386-linux-gnu/ld-2.23.so
b7745000-b7746000 rw-p 00023000 08:01 3402661    /lib/i386-linux-gnu/ld-2.23.so
bfde5000-bfe07000 rw-p 00000000 00:00 0          [stack]

VM Arguments:
jvm_args: -Dfile.encoding=UTF-8 
java_command: com.sentriot.proto.WebdavApplication
java_class_path (initial): /home/sarnobat/github/deprecated-webdav-server-tomcat-spring-boot/target/classes:/home/sarnobat/.m2/repository/javax/validation/validation-api/1.1.0.Final/validation-api-1.1.0.Final.jar:/home/sarnobat/.m2/repository/org/springframework/boot/spring-boot-starter/1.3.3.RELEASE/spring-boot-starter-1.3.3.RELEASE.jar:/home/sarnobat/.m2/repository/org/springframework/boot/spring-boot/1.3.3.RELEASE/spring-boot-1.3.3.RELEASE.jar:/home/sarnobat/.m2/repository/org/springframework/spring-core/4.2.5.RELEASE/spring-core-4.2.5.RELEASE.jar:/home/sarnobat/.m2/repository/org/springframework/spring-context/4.2.5.RELEASE/spring-context-4.2.5.RELEASE.jar:/home/sarnobat/.m2/repository/org/springframework/spring-aop/4.2.5.RELEASE/spring-aop-4.2.5.RELEASE.jar:/home/sarnobat/.m2/repository/aopalliance/aopalliance/1.0/aopalliance-1.0.jar:/home/sarnobat/.m2/repository/org/springframework/spring-beans/4.2.5.RELEASE/spring-beans-4.2.5.RELEASE.jar:/home/sarnobat/.m2/repository/org/springframework/spring-expression/4.2.5.RELEASE/spring-expression-4.2.5.RELEASE.jar:/home/sarnobat/.m2/repository/org/springframework/boot/spring-boot-autoconfigure/1.3.3.RELEASE/spring-boot-autoconfigure-1.3.3.RELEASE.jar:/home/sarnobat/.m2/repository/org/springframework/boot/spring-boot-starter-logging/1.3.3.RELEASE/spring-boot-starter-logging-1.3.3.RELEASE.jar:/home/sarnobat/.m2/repository/ch/qos/logback/logback-classic/1.1.5/logback-classic-1.1.5.jar:/home/sarnobat/.m2/repository/ch/qos/logback/logback-core/1.1.5/logback-core-1.1.5.jar:/home/sarnobat/.m2/repository/org/slf4j/slf4j-api/1.7.16/slf4j-api-1.7.16.jar:/home/sarnobat/.m2/repository/org/slf4j/jcl-over-slf4j/1.7.16/jcl-over-slf4j-1.7.16.jar:/home/sarnobat/.m2/repository/org/slf4j/jul-to-slf4j/1.7.16/jul-to-slf4j-1.7.16.jar:/home/sarnobat/.m2/repository/org/slf4j/log4j-over-slf4j/1.7.16/log4j-over-slf4j-1.7.16.jar:/home/sarnobat/.m2/repository/org/yaml/snakeyaml/1.16/snakeyaml-1.16.jar:/home/sarnobat/.m2/repository/org/springfram
Launcher Type: SUN_STANDARD

Environment Variables:
PATH=/usr/bin:/bin
SHELL=/bin/sh

Signal Handlers:
SIGSEGV: [libjvm.so+0x8db350], sa_mask[0]=11111111011111111101111111111110, sa_flags=SA_RESTART|SA_SIGINFO
SIGBUS: [libjvm.so+0x8db350], sa_mask[0]=11111111011111111101111111111110, sa_flags=SA_RESTART|SA_SIGINFO
SIGFPE: [libjvm.so+0x73fd00], sa_mask[0]=11111111011111111101111111111110, sa_flags=SA_RESTART|SA_SIGINFO
SIGPIPE: [libjvm.so+0x73fd00], sa_mask[0]=11111111011111111101111111111110, sa_flags=SA_RESTART|SA_SIGINFO
SIGXFSZ: [libjvm.so+0x73fd00], sa_mask[0]=11111111011111111101111111111110, sa_flags=SA_RESTART|SA_SIGINFO
SIGILL: [libjvm.so+0x73fd00], sa_mask[0]=11111111011111111101111111111110, sa_flags=SA_RESTART|SA_SIGINFO
SIGUSR1: SIG_DFL, sa_mask[0]=00000000000000000000000000000000, sa_flags=none
SIGUSR2: [libjvm.so+0x73fb40], sa_mask[0]=00000000000000000000000000000000, sa_flags=SA_RESTART|SA_SIGINFO
SIGHUP: [libjvm.so+0x7402d0], sa_mask[0]=11111111011111111101111111111110, sa_flags=SA_RESTART|SA_SIGINFO
SIGINT: [libjvm.so+0x7402d0], sa_mask[0]=11111111011111111101111111111110, sa_flags=SA_RESTART|SA_SIGINFO
SIGTERM: [libjvm.so+0x7402d0], sa_mask[0]=11111111011111111101111111111110, sa_flags=SA_RESTART|SA_SIGINFO
SIGQUIT: [libjvm.so+0x7402d0], sa_mask[0]=11111111011111111101111111111110, sa_flags=SA_RESTART|SA_SIGINFO


---------------  S Y S T E M  ---------------

OS:DISTRIB_ID=Ubuntu
DISTRIB_RELEASE=16.04
DISTRIB_CODENAME=xenial
DISTRIB_DESCRIPTION="Ubuntu 16.04.1 LTS"

uname:Linux 4.4.0-116-generic #140-Ubuntu SMP Mon Feb 12 21:22:43 UTC 2018 i686
libc:glibc 2.23 NPTL 2.23 
rlimit: STACK 8192k, CORE 0k, NPROC 63055, NOFILE 1048576, AS infinity
load average:2.25 2.60 2.75

/proc/meminfo:
MemTotal:        8107396 kB
MemFree:          360932 kB
MemAvailable:          0 kB
Buffers:            6000 kB
Cached:           172960 kB
SwapCached:        16568 kB
Active:          6254112 kB
Inactive:        1274048 kB
Active(anon):    6215288 kB
Inactive(anon):  1238816 kB
Active(file):      38824 kB
Inactive(file):    35232 kB
Unevictable:           0 kB
Mlocked:               0 kB
HighTotal:       7292552 kB
HighFree:          58948 kB
LowTotal:         814844 kB
LowFree:          301984 kB
SwapTotal:       4007932 kB
SwapFree:              0 kB
Dirty:              1660 kB
Writeback:             0 kB
AnonPages:       7332996 kB
Mapped:            60112 kB
Shmem:            104688 kB
Slab:              83668 kB
SReclaimable:      34272 kB
SUnreclaim:        49396 kB
KernelStack:       24704 kB
PageTables:        54988 kB
NFS_Unstable:          0 kB
Bounce:                0 kB
WritebackTmp:          0 kB
CommitLimit:     8061628 kB
Committed_AS:   32321776 kB
VmallocTotal:     122880 kB
VmallocUsed:           0 kB
VmallocChunk:          0 kB
AnonHugePages:   4997120 kB
CmaTotal:              0 kB
CmaFree:               0 kB
HugePages_Total:       0
HugePages_Free:        0
HugePages_Rsvd:        0
HugePages_Surp:        0
Hugepagesize:       2048 kB
DirectMap4k:       55288 kB
DirectMap2M:      856064 kB


CPU:total 4 (initial active 4) (2 cores per cpu, 2 threads per core) family 6 model 58 stepping 9, cmov, cx8, fxsr, mmx, sse, sse2, sse3, ssse3, sse4.1, sse4.2, popcnt, avx, aes, clmul, erms, ht, tsc, tscinvbit, tscinv

/proc/cpuinfo:
processor	: 0
vendor_id	: GenuineIntel
cpu family	: 6
model		: 58
model name	: Intel(R) Core(TM) i5-3427U CPU @ 1.80GHz
stepping	: 9
microcode	: 0x17
cpu MHz		: 2599.988
cache size	: 3072 KB
physical id	: 0
siblings	: 4
core id		: 0
cpu cores	: 2
apicid		: 0
initial apicid	: 0
fdiv_bug	: no
f00f_bug	: no
coma_bug	: no
fpu		: yes
fpu_exception	: yes
cpuid level	: 13
wp		: yes
flags		: fpu vme de pse tsc msr pae mce cx8 apic sep mtrr pge mca cmov pat pse36 clflush dts acpi mmx fxsr sse sse2 ss ht tm pbe nx rdtscp lm constant_tsc arch_perfmon pebs bts xtopology nonstop_tsc aperfmperf eagerfpu pni pclmulqdq dtes64 monitor ds_cpl vmx smx est tm2 ssse3 cx16 xtpr pdcm sse4_1 sse4_2 x2apic popcnt tsc_deadline_timer aes xsave avx f16c rdrand lahf_lm epb retpoline tpr_shadow vnmi flexpriority ept vpid fsgsbase smep erms xsaveopt dtherm ida arat pln pts
bugs		: cpu_meltdown spectre_v1 spectre_v2
bogomips	: 4589.71
clflush size	: 64
cache_alignment	: 64
address sizes	: 36 bits physical, 48 bits virtual
power management:

processor	: 1
vendor_id	: GenuineIntel
cpu family	: 6
model		: 58
model name	: Intel(R) Core(TM) i5-3427U CPU @ 1.80GHz
stepping	: 9
microcode	: 0x17
cpu MHz		: 2599.988
cache size	: 3072 KB
physical id	: 0
siblings	: 4
core id		: 1
cpu cores	: 2
apicid		: 2
initial apicid	: 2
fdiv_bug	: no
f00f_bug	: no
coma_bug	: no
fpu		: yes
fpu_exception	: yes
cpuid level	: 13
wp		: yes
flags		: fpu vme de pse tsc msr pae mce cx8 apic sep mtrr pge mca cmov pat pse36 clflush dts acpi mmx fxsr sse sse2 ss ht tm pbe nx rdtscp lm constant_tsc arch_perfmon pebs bts xtopology nonstop_tsc aperfmperf eagerfpu pni pclmulqdq dtes64 monitor ds_cpl vmx smx est tm2 ssse3 cx16 xtpr pdcm sse4_1 sse4_2 x2apic popcnt tsc_deadline_timer aes xsave avx f16c rdrand lahf_lm epb retpoline tpr_shadow vnmi flexpriority ept vpid fsgsbase smep erms xsaveopt dtherm ida arat pln pts
bugs		: cpu_meltdown spectre_v1 spectre_v2
bogomips	: 4589.71
clflush size	: 64
cache_alignment	: 64
address sizes	: 36 bits physical, 48 bits virtual
power management:

processor	: 2
vendor_id	: GenuineIntel
cpu family	: 6
model		: 58
model name	: Intel(R) Core(TM) i5-3427U CPU @ 1.80GHz
stepping	: 9
microcode	: 0x17
cpu MHz		: 2599.988
cache size	: 3072 KB
physical id	: 0
siblings	: 4
core id		: 0
cpu cores	: 2
apicid		: 1
initial apicid	: 1
fdiv_bug	: no
f00f_bug	: no
coma_bug	: no
fpu		: yes
fpu_exception	: yes
cpuid level	: 13
wp		: yes
flags		: fpu vme de pse tsc msr pae mce cx8 apic sep mtrr pge mca cmov pat pse36 clflush dts acpi mmx fxsr sse sse2 ss ht tm pbe nx rdtscp lm constant_tsc arch_perfmon pebs bts xtopology nonstop_tsc aperfmperf eagerfpu pni pclmulqdq dtes64 monitor ds_cpl vmx smx est tm2 ssse3 cx16 xtpr pdcm sse4_1 sse4_2 x2apic popcnt tsc_deadline_timer aes xsave avx f16c rdrand lahf_lm epb retpoline tpr_shadow vnmi flexpriority ept vpid fsgsbase smep erms xsaveopt dtherm ida arat pln pts
bugs		: cpu_meltdown spectre_v1 spectre_v2
bogomips	: 4589.71
clflush size	: 64
cache_alignment	: 64
address sizes	: 36 bits physical, 48 bits virtual
power management:

processor	: 3
vendor_id	: GenuineIntel
cpu family	: 6
model		: 58
model name	: Intel(R) Core(TM) i5-3427U CPU @ 1.80GHz
stepping	: 9
microcode	: 0x17
cpu MHz		: 2599.988
cache size	: 3072 KB
physical id	: 0
siblings	: 4
core id		: 1
cpu cores	: 2
apicid		: 3
initial apicid	: 3
fdiv_bug	: no
f00f_bug	: no
coma_bug	: no
fpu		: yes
fpu_exception	: yes
cpuid level	: 13
wp		: yes
flags		: fpu vme de pse tsc msr pae mce cx8 apic sep mtrr pge mca cmov pat pse36 clflush dts acpi mmx fxsr sse sse2 ss ht tm pbe nx rdtscp lm constant_tsc arch_perfmon pebs bts xtopology nonstop_tsc aperfmperf eagerfpu pni pclmulqdq dtes64 monitor ds_cpl vmx smx est tm2 ssse3 cx16 xtpr pdcm sse4_1 sse4_2 x2apic popcnt tsc_deadline_timer aes xsave avx f16c rdrand lahf_lm epb retpoline tpr_shadow vnmi flexpriority ept vpid fsgsbase smep erms xsaveopt dtherm ida arat pln pts
bugs		: cpu_meltdown spectre_v1 spectre_v2
bogomips	: 4589.71
clflush size	: 64
cache_alignment	: 64
address sizes	: 36 bits physical, 48 bits virtual
power management:



Memory: 4k page, physical 8107396k(360932k free), swap 4007932k(0k free)

vm_info: OpenJDK Server VM (25.162-b12) for linux-x86 JRE (1.8.0_162-8u162-b12-0ubuntu0.16.04.2-b12), built on Mar 14 2018 12:07:04 by "buildd" with gcc 5.4.0 20160609

time: Thu Apr 12 15:40:03 2018
elapsed time: 2 seconds (0d 0h 0m 2s)

