#
# There is insufficient memory for the Java Runtime Environment to continue.
# Native memory allocation (mmap) failed to map 131072 bytes for committing reserved memory.
# Possible reasons:
#   The system is out of physical RAM or swap space
#   In 32 bit mode, the process size limit was hit
# Possible solutions:
#   Reduce memory load on the system
#   Increase physical memory or swap space
#   Check if swap backing store is full
#   Use 64 bit Java on a 64 bit OS
#   Decrease Java heap size (-Xmx/-Xms)
#   Decrease number of Java threads
#   Decrease Java thread stack sizes (-Xss)
#   Set larger code cache with -XX:ReservedCodeCacheSize=
# This output file may be truncated or incomplete.
#
#  Out of Memory Error (os_linux.cpp:2643), pid=28393, tid=0x631acb40
#
# JRE version: OpenJDK Runtime Environment (8.0_162-b12) (build 1.8.0_162-8u162-b12-0ubuntu0.16.04.2-b12)
# Java VM: OpenJDK Server VM (25.162-b12 mixed mode linux-x86 )
# Failed to write core dump. Core dumps have been disabled. To enable core dumping, try "ulimit -c unlimited" before starting Java again
#

---------------  T H R E A D  ---------------

Current thread (0x637a7400):  JavaThread "C1 CompilerThread2" daemon [_thread_in_vm, id=28617, stack(0x6312c000,0x631ad000)]

Stack: [0x6312c000,0x631ad000],  sp=0x631ab6a0,  free space=509k
Native frames: (J=compiled Java code, j=interpreted, Vv=VM code, C=native code)
V  [libjvm.so+0x8da814]
V  [libjvm.so+0x3a9046]
V  [libjvm.so+0x744ce0]
V  [libjvm.so+0x73eb53]
V  [libjvm.so+0x8d7234]
V  [libjvm.so+0x6d0423]
V  [libjvm.so+0x6d063a]
V  [libjvm.so+0x6d11c5]
V  [libjvm.so+0x6d131a]
V  [libjvm.so+0x6d235a]
V  [libjvm.so+0x6d254d]
V  [libjvm.so+0x6efdc5]
V  [libjvm.so+0x6d8f5f]
V  [libjvm.so+0x2e3f7a]
V  [libjvm.so+0x2e42a7]
V  [libjvm.so+0x21ef7b]
V  [libjvm.so+0x21f0bc]
V  [libjvm.so+0x21f4d8]
V  [libjvm.so+0x2201e0]
V  [libjvm.so+0x361f41]
V  [libjvm.so+0x3636fa]
V  [libjvm.so+0x87c9d7]
V  [libjvm.so+0x8859ab]
V  [libjvm.so+0x885e7e]
V  [libjvm.so+0x741e15]
C  [libpthread.so.0+0x6295]  start_thread+0xe5
C  [libc.so.6+0xe70ae]  clone+0x6e


Current CompileTask:
C1:   3900  389       3       java.net.URLClassLoader::isSealed (72 bytes)


---------------  P R O C E S S  ---------------

Java Threads: ( => current thread )
  0x637aa400 JavaThread "Service Thread" daemon [_thread_blocked, id=28620, stack(0x630db000,0x6312c000)]
=>0x637a7400 JavaThread "C1 CompilerThread2" daemon [_thread_in_vm, id=28617, stack(0x6312c000,0x631ad000)]
  0x637a5c00 JavaThread "C2 CompilerThread1" daemon [_thread_blocked, id=28616, stack(0x631ad000,0x6322e000)]
  0x637a4000 JavaThread "C2 CompilerThread0" daemon [_thread_blocked, id=28614, stack(0x6322e000,0x632af000)]
  0x637a2800 JavaThread "Signal Dispatcher" daemon [_thread_blocked, id=28613, stack(0x632af000,0x63300000)]
  0x63788800 JavaThread "Finalizer" daemon [_thread_blocked, id=28526, stack(0x63814000,0x63865000)]
  0x63785c00 JavaThread "Reference Handler" daemon [_thread_blocked, id=28515, stack(0x6642e000,0x6647f000)]
  0xb620ac00 JavaThread "main" [_thread_blocked, id=28411, stack(0xb6350000,0xb63a1000)]

Other Threads:
  0x63781000 VMThread [stack: 0x63865000,0x638e6000] [id=28500]
  0x637abc00 WatcherThread [stack: 0x6305a000,0x630db000] [id=28621]

VM state:synchronizing (normal execution)

VM Mutex/Monitor currently owned by a thread:  ([mutex/lock_event])
[0xb62080c0] Threads_lock - owner thread: 0x63781000
[0xb6208948] MethodData_lock - owner thread: 0x637a7400

Heap:
 PSYoungGen      total 19200K, used 11686K [0x916c0000, 0x92c00000, 0xa6c00000)
  eden space 16640K, 70% used [0x916c0000,0x92229868,0x92700000)
  from space 2560K, 0% used [0x92980000,0x92980000,0x92c00000)
  to   space 2560K, 0% used [0x92700000,0x92700000,0x92980000)
 ParOldGen       total 43776K, used 0K [0x66c00000, 0x696c0000, 0x916c0000)
  object space 43776K, 0% used [0x66c00000,0x66c00000,0x696c0000)
 Metaspace       used 3962K, capacity 3978K, committed 3992K, reserved 4400K

Card table byte_map: [0x669ff000,0x66c00000] byte_map_base: 0x666c9000

Marking Bits: (ParMarkBitMap*) 0xb70cb8a0
 Begin Bits: [0x64300000, 0x65300000)
 End Bits:   [0x65300000, 0x66300000)

Polling page: 0xb76d8000

CodeCache: size=245760Kb used=1524Kb max_used=1535Kb free=244235Kb
 bounds [0xa71bb000, 0xa73fb000, 0xb61bb000]
 total_blobs=553 nmethods=388 adapters=80
 compilation: enabled

Compilation events (10 events):
Event: 3.840 Thread 0x637a7400 nmethod 384 0xa7330308 code [0xa73304c0, 0xa7330d10]
Event: 3.847 Thread 0x637a7400  385   !   3       org.springframework.util.ConcurrentReferenceHashMap$Segment::restructureIfNecessary (335 bytes)
Event: 3.854 Thread 0x637a7400 nmethod 385 0xa73317c8 code [0xa7331c20, 0xa7334250]
Event: 3.866 Thread 0x637a4000  386 %     4       java.io.UnixFileSystem::normalize @ 10 (75 bytes)
Event: 3.867 Thread 0x637a7400  387       3       java.net.URLStreamHandler::toExternalForm (219 bytes)
Event: 3.884 Thread 0x637a7400 nmethod 387 0xa7336048 code [0xa7336480, 0xa7339204]
Event: 3.885 Thread 0x637a4000 nmethod 386% 0xa732e888 code [0xa732e9a0, 0xa732ec90]
Event: 3.887 Thread 0x637a7400  388       3       java.lang.Package::isSealed (13 bytes)
Event: 3.887 Thread 0x637a7400 nmethod 388 0xa73289c8 code [0xa7328ae0, 0xa7328c00]
Event: 3.887 Thread 0x637a7400  389       3       java.net.URLClassLoader::isSealed (72 bytes)

GC Heap History (0 events):
No events

Deoptimization events (1 events):
Event: 2.666 Thread 0xb620ac00 Uncommon trap: reason=unstable_if action=reinterpret pc=0xa72d8454 method=java.lang.String.replace(CC)Ljava/lang/String; @ 26

Classes redefined (0 events):
No events

Internal exceptions (10 events):
Event: 3.729 Thread 0xb620ac00 Exception <a 'java/lang/ArrayIndexOutOfBoundsException'> (0x92166510) thrown at [/build/openjdk-8-2Hm3Za/openjdk-8-8u162-b12/src/hotspot/src/share/vm/runtime/sharedRuntime.cpp, line 605]
Event: 3.747 Thread 0xb620ac00 Exception <a 'java/lang/ArrayIndexOutOfBoundsException'> (0x9216dbd8) thrown at [/build/openjdk-8-2Hm3Za/openjdk-8-8u162-b12/src/hotspot/src/share/vm/runtime/sharedRuntime.cpp, line 605]
Event: 3.748 Thread 0xb620ac00 Exception <a 'java/lang/ArrayIndexOutOfBoundsException'> (0x921758a8) thrown at [/build/openjdk-8-2Hm3Za/openjdk-8-8u162-b12/src/hotspot/src/share/vm/runtime/sharedRuntime.cpp, line 605]
Event: 3.799 Thread 0xb620ac00 Exception <a 'java/lang/ArrayIndexOutOfBoundsException'> (0x9217feb8) thrown at [/build/openjdk-8-2Hm3Za/openjdk-8-8u162-b12/src/hotspot/src/share/vm/runtime/sharedRuntime.cpp, line 605]
Event: 3.832 Thread 0xb620ac00 Exception <a 'java/lang/ArrayIndexOutOfBoundsException'> (0x9218cc48) thrown at [/build/openjdk-8-2Hm3Za/openjdk-8-8u162-b12/src/hotspot/src/share/vm/runtime/sharedRuntime.cpp, line 605]
Event: 3.833 Thread 0xb620ac00 Exception <a 'java/lang/ArrayIndexOutOfBoundsException'> (0x92193dc0) thrown at [/build/openjdk-8-2Hm3Za/openjdk-8-8u162-b12/src/hotspot/src/share/vm/runtime/sharedRuntime.cpp, line 605]
Event: 3.839 Thread 0xb620ac00 Exception <a 'java/lang/ArrayIndexOutOfBoundsException'> (0x9219aeb0) thrown at [/build/openjdk-8-2Hm3Za/openjdk-8-8u162-b12/src/hotspot/src/share/vm/runtime/sharedRuntime.cpp, line 605]
Event: 3.843 Thread 0xb620ac00 Exception <a 'java/lang/ArrayIndexOutOfBoundsException'> (0x921a2b00) thrown at [/build/openjdk-8-2Hm3Za/openjdk-8-8u162-b12/src/hotspot/src/share/vm/runtime/sharedRuntime.cpp, line 605]
Event: 3.846 Thread 0xb620ac00 Exception <a 'java/lang/ArrayIndexOutOfBoundsException'> (0x921aa3e8) thrown at [/build/openjdk-8-2Hm3Za/openjdk-8-8u162-b12/src/hotspot/src/share/vm/runtime/sharedRuntime.cpp, line 605]
Event: 3.861 Thread 0xb620ac00 Exception <a 'java/lang/ArrayIndexOutOfBoundsException'> (0x921b1498) thrown at [/build/openjdk-8-2Hm3Za/openjdk-8-8u162-b12/src/hotspot/src/share/vm/runtime/sharedRuntime.cpp, line 605]

Events (10 events):
Event: 3.865 loading class org/springframework/core/convert/support/ArrayToCollectionConverter
Event: 3.865 loading class org/springframework/core/convert/support/ArrayToCollectionConverter done
Event: 3.866 loading class org/springframework/core/convert/support/CollectionToArrayConverter
Event: 3.866 loading class org/springframework/core/convert/support/CollectionToArrayConverter done
Event: 3.886 loading class org/springframework/core/convert/support/ArrayToArrayConverter
Event: 3.886 loading class org/springframework/core/convert/support/ArrayToArrayConverter done
Event: 3.886 loading class org/springframework/core/convert/support/CollectionToCollectionConverter
Event: 3.886 loading class org/springframework/core/convert/support/CollectionToCollectionConverter done
Event: 3.888 loading class org/springframework/core/convert/support/MapToMapConverter
Event: 3.888 loading class org/springframework/core/convert/support/MapToMapConverter done


Dynamic libraries:
08048000-08049000 r-xp 00000000 08:01 1693449    /usr/lib/jvm/java-8-openjdk-i386/jre/bin/java
08049000-0804a000 r--p 00000000 08:01 1693449    /usr/lib/jvm/java-8-openjdk-i386/jre/bin/java
0804a000-0804b000 rw-p 00001000 08:01 1693449    /usr/lib/jvm/java-8-openjdk-i386/jre/bin/java
08b32000-08b53000 rw-p 00000000 00:00 0          [heap]
60d00000-60dfd000 rw-p 00000000 00:00 0 
60dfd000-60e00000 ---p 00000000 00:00 0 
60e00000-60e4e000 rw-p 00000000 00:00 0 
60e4e000-60f00000 ---p 00000000 00:00 0 
60f00000-60ff5000 rw-p 00000000 00:00 0 
60ff5000-61000000 ---p 00000000 00:00 0 
610ff000-62d00000 rw-p 00000000 00:00 0 
62d00000-62dfc000 rw-p 00000000 00:00 0 
62dfc000-62e00000 ---p 00000000 00:00 0 
62e0c000-62e1a000 r--s 0007c000 08:01 2657517    /home/sarnobat/.m2/repository/org/springframework/spring-test/4.2.5.RELEASE/spring-test-4.2.5.RELEASE.jar
62e1a000-62e1b000 r--s 0000c000 08:01 2796529    /home/sarnobat/.m2/repository/org/hamcrest/hamcrest-library/1.3/hamcrest-library-1.3.jar
62e1b000-62e1d000 r--s 00009000 08:01 2657515    /home/sarnobat/.m2/repository/org/objenesis/objenesis/2.1/objenesis-2.1.jar
62e1d000-62e39000 r--s 00103000 08:01 2657513    /home/sarnobat/.m2/repository/org/mockito/mockito-core/1.10.19/mockito-core-1.10.19.jar
62e39000-62e3b000 r--s 00009000 08:01 2733514    /home/sarnobat/.m2/repository/org/hamcrest/hamcrest-core/1.3/hamcrest-core-1.3.jar
62e3b000-62e43000 r--s 00045000 08:01 2495292    /home/sarnobat/.m2/repository/junit/junit/4.12/junit-4.12.jar
62e43000-62e44000 r--s 00000000 08:01 2657494    /home/sarnobat/.m2/repository/org/springframework/boot/spring-boot-starter-test/1.3.3.RELEASE/spring-boot-starter-test-1.3.3.RELEASE.jar
62e44000-62e48000 r--s 0002e000 08:01 2657508    /home/sarnobat/.m2/repository/org/apache/tomcat/tomcat-util-scan/9.0.0.M4/tomcat-util-scan-9.0.0.M4.jar
62e48000-62e4c000 r--s 0001b000 08:01 2657505    /home/sarnobat/.m2/repository/org/apache/tomcat/tomcat-util/9.0.0.M4/tomcat-util-9.0.0.M4.jar
62e4c000-62e57000 r--s 000aa000 08:01 2657491    /home/sarnobat/.m2/repository/org/apache/tomcat/tomcat-coyote/9.0.0.M4/tomcat-coyote-9.0.0.M4.jar
62e57000-62e59000 r--s 00007000 08:01 2657486    /home/sarnobat/.m2/repository/org/apache/tomcat/tomcat-jni/9.0.0.M4/tomcat-jni-9.0.0.M4.jar
62e59000-62e5a000 r--s 00002000 08:01 2650198    /home/sarnobat/.m2/repository/org/apache/tomcat/tomcat-api/9.0.0.M4/tomcat-api-9.0.0.M4.jar
62e5a000-62e5c000 r--s 00003000 08:01 2650170    /home/sarnobat/.m2/repository/org/apache/tomcat/tomcat-annotations-api/9.0.0.M4/tomcat-annotations-api-9.0.0.M4.jar
62e5c000-62e5d000 r--s 00009000 08:01 2650165    /home/sarnobat/.m2/repository/org/apache/tomcat/tomcat-juli/9.0.0.M4/tomcat-juli-9.0.0.M4.jar
62e5d000-62e5f000 r--s 00012000 08:01 2650160    /home/sarnobat/.m2/repository/org/apache/tomcat/tomcat-el-api/8.0.32/tomcat-el-api-8.0.32.jar
62e5f000-62e61000 r--s 0000d000 08:01 2650157    /home/sarnobat/.m2/repository/org/apache/tomcat/tomcat-jsp-api/8.0.32/tomcat-jsp-api-8.0.32.jar
62e61000-62e65000 r--s 00040000 08:01 2650150    /home/sarnobat/.m2/repository/org/apache/tomcat/tomcat-servlet-api/9.0.0.M4/tomcat-servlet-api-9.0.0.M4.jar
62e65000-62e79000 r--s 0016e000 08:01 2650148    /home/sarnobat/.m2/repository/org/apache/tomcat/tomcat-catalina/9.0.0.M4/tomcat-catalina-9.0.0.M4.jar
62e79000-62e8a000 r--s 000c6000 08:01 2650135    /home/sarnobat/.m2/repository/org/springframework/spring-webmvc/4.2.5.RELEASE/spring-webmvc-4.2.5.RELEASE.jar
62e8a000-62e9b000 r--s 000ab000 08:01 2650132    /home/sarnobat/.m2/repository/org/springframework/spring-web/4.2.5.RELEASE/spring-web-4.2.5.RELEASE.jar
62e9b000-62e9f000 r--s 0003c000 08:01 2796576    /home/sarnobat/.m2/repository/com/fasterxml/jackson/core/jackson-core/2.6.5/jackson-core-2.6.5.jar
62e9f000-62ea2000 r--s 00009000 08:01 2796574    /home/sarnobat/.m2/repository/com/fasterxml/jackson/core/jackson-annotations/2.6.5/jackson-annotations-2.6.5.jar
62ea2000-62eb3000 r--s 0010d000 08:01 2796572    /home/sarnobat/.m2/repository/com/fasterxml/jackson/core/jackson-databind/2.6.5/jackson-databind-2.6.5.jar
62eb3000-62ec3000 r--s 0009c000 08:01 2650102    /home/sarnobat/.m2/repository/org/hibernate/hibernate-validator/5.2.4.Final/hibernate-validator-5.2.4.Final.jar
62ec3000-62ed9000 r-xp 00000000 08:01 1693426    /usr/lib/jvm/java-8-openjdk-i386/jre/lib/i386/libnet.so
62ed9000-62eda000 r--p 00015000 08:01 1693426    /usr/lib/jvm/java-8-openjdk-i386/jre/lib/i386/libnet.so
62eda000-62edb000 rw-p 00016000 08:01 1693426    /usr/lib/jvm/java-8-openjdk-i386/jre/lib/i386/libnet.so
62edb000-62f00000 r--s 00290000 08:01 2650039    /home/sarnobat/.m2/repository/org/apache/tomcat/embed/tomcat-embed-core/8.0.32/tomcat-embed-core-8.0.32.jar
62f00000-62fff000 rw-p 00000000 00:00 0 
62fff000-63000000 ---p 00000000 00:00 0 
63000000-63002000 r--s 0000e000 08:01 2796570    /home/sarnobat/.m2/repository/com/fasterxml/classmate/1.1.0/classmate-1.1.0.jar
63002000-63004000 r--s 0000f000 08:01 2650129    /home/sarnobat/.m2/repository/org/jboss/logging/jboss-logging/3.3.0.Final/jboss-logging-3.3.0.Final.jar
63004000-63005000 r--s 00000000 08:01 2650097    /home/sarnobat/.m2/repository/org/springframework/boot/spring-boot-starter-validation/1.3.3.RELEASE/spring-boot-starter-validation-1.3.3.RELEASE.jar
63005000-6300b000 r--s 00037000 08:01 2650084    /home/sarnobat/.m2/repository/org/apache/tomcat/embed/tomcat-embed-websocket/8.0.32/tomcat-embed-websocket-8.0.32.jar
6300b000-6300c000 r--s 00009000 08:01 2650073    /home/sarnobat/.m2/repository/org/apache/tomcat/embed/tomcat-embed-logging-juli/8.0.32/tomcat-embed-logging-juli-8.0.32.jar
6300c000-63011000 r--s 00036000 08:01 2650043    /home/sarnobat/.m2/repository/org/apache/tomcat/embed/tomcat-embed-el/8.0.32/tomcat-embed-el-8.0.32.jar
63011000-63022000 r-xp 00000000 08:01 1693431    /usr/lib/jvm/java-8-openjdk-i386/jre/lib/i386/libnio.so
63022000-63023000 r--p 00010000 08:01 1693431    /usr/lib/jvm/java-8-openjdk-i386/jre/lib/i386/libnio.so
63023000-63024000 rw-p 00011000 08:01 1693431    /usr/lib/jvm/java-8-openjdk-i386/jre/lib/i386/libnio.so
63024000-6302a000 r--s 0003c000 08:01 2650030    /home/sarnobat/.m2/repository/org/yaml/snakeyaml/1.16/snakeyaml-1.16.jar
6302a000-63041000 r--s 000a2000 08:01 2641678    /home/sarnobat/.m2/repository/org/springframework/boot/spring-boot-autoconfigure/1.3.3.RELEASE/spring-boot-autoconfigure-1.3.3.RELEASE.jar
63041000-6305a000 r--s 000f3000 08:01 2641676    /home/sarnobat/.m2/repository/org/springframework/spring-context/4.2.5.RELEASE/spring-context-4.2.5.RELEASE.jar
6305a000-6305b000 ---p 00000000 00:00 0 
6305b000-630db000 rw-p 00000000 00:00 0 
630db000-630de000 ---p 00000000 00:00 0 
630de000-6312c000 rw-p 00000000 00:00 0 
6312c000-6312f000 ---p 00000000 00:00 0 
6312f000-631ad000 rw-p 00000000 00:00 0 
631ad000-631b0000 ---p 00000000 00:00 0 
631b0000-6322e000 rw-p 00000000 00:00 0 
6322e000-63231000 ---p 00000000 00:00 0 
63231000-632af000 rw-p 00000000 00:00 0 
632af000-632b2000 ---p 00000000 00:00 0 
632b2000-63300000 rw-p 00000000 00:00 0 
63300000-63500000 r--p 00000000 08:01 1110568    /usr/lib/locale/locale-archive
63500000-635cf000 rw-p 00000000 00:00 0 
635cf000-63600000 ---p 00000000 00:00 0 
63600000-63621000 rw-p 00000000 00:00 0 
63621000-63700000 ---p 00000000 00:00 0 
63700000-637fc000 rw-p 00000000 00:00 0 
637fc000-63800000 ---p 00000000 00:00 0 
63800000-63801000 r--s 00000000 08:01 2650035    /home/sarnobat/.m2/repository/org/springframework/boot/spring-boot-starter-tomcat/1.3.3.RELEASE/spring-boot-starter-tomcat-1.3.3.RELEASE.jar
63801000-63803000 r--s 00004000 08:01 2796567    /home/sarnobat/.m2/repository/org/slf4j/log4j-over-slf4j/1.7.16/log4j-over-slf4j-1.7.16.jar
63803000-6380e000 r--s 00065000 08:01 2650024    /home/sarnobat/.m2/repository/ch/qos/logback/logback-core/1.1.5/logback-core-1.1.5.jar
6380e000-63814000 r--s 0003f000 08:01 2650009    /home/sarnobat/.m2/repository/ch/qos/logback/logback-classic/1.1.5/logback-classic-1.1.5.jar
63814000-63817000 ---p 00000000 00:00 0 
63817000-63865000 rw-p 00000000 00:00 0 
63865000-63866000 ---p 00000000 00:00 0 
63866000-638e6000 rw-p 00000000 00:00 0 
638e6000-63ab4000 r--s 03c2c000 08:01 1692598    /usr/lib/jvm/java-8-openjdk-i386/jre/lib/rt.jar
63ab4000-63e9a000 rw-p 00000000 00:00 0 
63eba000-63f00000 ---p 00000000 00:00 0 
63f00000-66300000 rw-p 00000000 00:00 0 
66300000-663a5000 rw-p 00000000 00:00 0 
663a5000-66400000 ---p 00000000 00:00 0 
66400000-66402000 r--s 00000000 08:01 2796565    /home/sarnobat/.m2/repository/org/slf4j/jul-to-slf4j/1.7.16/jul-to-slf4j-1.7.16.jar
66402000-6640f000 r--s 000a6000 08:01 2641689    /home/sarnobat/.m2/repository/org/springframework/spring-beans/4.2.5.RELEASE/spring-beans-4.2.5.RELEASE.jar
6640f000-66418000 r--s 00052000 08:01 2641687    /home/sarnobat/.m2/repository/org/springframework/spring-aop/4.2.5.RELEASE/spring-aop-4.2.5.RELEASE.jar
66418000-6642e000 r--s 000f2000 08:01 2641681    /home/sarnobat/.m2/repository/org/springframework/spring-core/4.2.5.RELEASE/spring-core-4.2.5.RELEASE.jar
6642e000-66431000 ---p 00000000 00:00 0 
66431000-6647f000 rw-p 00000000 00:00 0 
6647f000-66480000 ---p 00000000 00:00 0 
66480000-66500000 rw-p 00000000 00:00 0 
66500000-66600000 rw-p 00000000 00:00 0 
66600000-66621000 rw-p 00000000 00:00 0 
66621000-66700000 ---p 00000000 00:00 0 
66700000-66701000 r--s 00000000 08:01 2650033    /home/sarnobat/.m2/repository/org/springframework/boot/spring-boot-starter-web/1.3.3.RELEASE/spring-boot-starter-web-1.3.3.RELEASE.jar
66701000-66703000 r--s 00003000 08:01 2796563    /home/sarnobat/.m2/repository/org/slf4j/jcl-over-slf4j/1.7.16/jcl-over-slf4j-1.7.16.jar
66703000-66708000 r--s 0003c000 08:01 2641692    /home/sarnobat/.m2/repository/org/springframework/spring-expression/4.2.5.RELEASE/spring-expression-4.2.5.RELEASE.jar
66708000-66716000 r--s 00078000 08:01 2641674    /home/sarnobat/.m2/repository/org/springframework/boot/spring-boot/1.3.3.RELEASE/spring-boot-1.3.3.RELEASE.jar
66716000-66731000 r--s 00394000 08:01 1692580    /usr/lib/jvm/java-8-openjdk-i386/jre/lib/ext/cldrdata.jar
66731000-6677f000 rw-p 00000000 00:00 0 
6677f000-66780000 ---p 00000000 00:00 0 
66780000-66800000 rw-p 00000000 00:00 0 
66800000-66821000 rw-p 00000000 00:00 0 
66821000-66900000 ---p 00000000 00:00 0 
66900000-66901000 r--s 00009000 08:01 2796554    /home/sarnobat/.m2/repository/org/slf4j/slf4j-api/1.7.16/slf4j-api-1.7.16.jar
66901000-66902000 r--s 00000000 08:01 2650006    /home/sarnobat/.m2/repository/org/springframework/boot/spring-boot-starter-logging/1.3.3.RELEASE/spring-boot-starter-logging-1.3.3.RELEASE.jar
66902000-66904000 r--s 00000000 08:01 2717532    /home/sarnobat/.m2/repository/aopalliance/aopalliance/1.0/aopalliance-1.0.jar
66904000-66908000 r--s 0000c000 08:01 2717440    /home/sarnobat/.m2/repository/javax/validation/validation-api/1.1.0.Final/validation-api-1.1.0.Final.jar
66908000-66923000 r--s 001d6000 08:01 1692582    /usr/lib/jvm/java-8-openjdk-i386/jre/lib/ext/nashorn.jar
66923000-6697e000 rw-p 00000000 00:00 0 
6697e000-6697f000 ---p 00000000 00:00 0 
6697f000-66a15000 rw-p 00000000 00:00 0 
66a15000-66b54000 ---p 00000000 00:00 0 
66b54000-66b5f000 rw-p 00000000 00:00 0 
66b5f000-66bff000 ---p 00000000 00:00 0 
66bff000-696c0000 rw-p 00000000 00:00 0 
696c0000-916c0000 ---p 00000000 00:00 0 
916c0000-92c00000 rw-p 00000000 00:00 0 
92c00000-a6c00000 ---p 00000000 00:00 0 
a6c00000-a6c02000 r--s 00008000 08:01 1692578    /usr/lib/jvm/java-8-openjdk-i386/jre/lib/ext/sunec.jar
a6c02000-a6c04000 r--s 00001000 08:01 1692579    /usr/lib/jvm/java-8-openjdk-i386/jre/lib/ext/dnsns.jar
a6c04000-a6c09000 r--s 0003b000 08:01 1692576    /usr/lib/jvm/java-8-openjdk-i386/jre/lib/ext/sunjce_provider.jar
a6c09000-a6c0c000 r--s 0000f000 08:01 1692575    /usr/lib/jvm/java-8-openjdk-i386/jre/lib/ext/icedtea-sound.jar
a6c0c000-a6c24000 rw-p 00000000 00:00 0 
a6c24000-a6c25000 ---p 00000000 00:00 0 
a6c25000-a6cbb000 rw-p 00000000 00:00 0 
a6cbb000-a6dfb000 ---p 00000000 00:00 0 
a6dfb000-a6e04000 rw-p 00000000 00:00 0 
a6e04000-a71bb000 ---p 00000000 00:00 0 
a71bb000-a73fb000 rwxp 00000000 00:00 0 
a73fb000-b61bb000 ---p 00000000 00:00 0 
b61bb000-b61c6000 r-xp 00000000 08:01 3402889    /lib/i386-linux-gnu/libnss_files-2.23.so
b61c6000-b61c7000 r--p 0000a000 08:01 3402889    /lib/i386-linux-gnu/libnss_files-2.23.so
b61c7000-b61c8000 rw-p 0000b000 08:01 3402889    /lib/i386-linux-gnu/libnss_files-2.23.so
b61c8000-b61ce000 rw-p 00000000 00:00 0 
b61ce000-b61d9000 r-xp 00000000 08:01 3402895    /lib/i386-linux-gnu/libnss_nis-2.23.so
b61d9000-b61da000 r--p 0000a000 08:01 3402895    /lib/i386-linux-gnu/libnss_nis-2.23.so
b61da000-b61db000 rw-p 0000b000 08:01 3402895    /lib/i386-linux-gnu/libnss_nis-2.23.so
b61db000-b61f2000 r-xp 00000000 08:01 3402652    /lib/i386-linux-gnu/libnsl-2.23.so
b61f2000-b61f3000 r--p 00016000 08:01 3402652    /lib/i386-linux-gnu/libnsl-2.23.so
b61f3000-b61f4000 rw-p 00017000 08:01 3402652    /lib/i386-linux-gnu/libnsl-2.23.so
b61f4000-b61f6000 rw-p 00000000 00:00 0 
b61f6000-b61fe000 r-xp 00000000 08:01 3402720    /lib/i386-linux-gnu/libnss_compat-2.23.so
b61fe000-b61ff000 r--p 00007000 08:01 3402720    /lib/i386-linux-gnu/libnss_compat-2.23.so
b61ff000-b6200000 rw-p 00008000 08:01 3402720    /lib/i386-linux-gnu/libnss_compat-2.23.so
b6200000-b62fe000 rw-p 00000000 00:00 0 
b62fe000-b6300000 ---p 00000000 00:00 0 
b6300000-b6301000 r--s 00000000 08:01 2641672    /home/sarnobat/.m2/repository/org/springframework/boot/spring-boot-starter/1.3.3.RELEASE/spring-boot-starter-1.3.3.RELEASE.jar
b6301000-b630b000 r--s 00116000 08:01 1692574    /usr/lib/jvm/java-8-openjdk-i386/jre/lib/ext/localedata.jar
b630b000-b6313000 r-xp 00000000 08:01 1693413    /usr/lib/jvm/java-8-openjdk-i386/jre/lib/i386/libzip.so
b6313000-b6314000 r--p 00007000 08:01 1693413    /usr/lib/jvm/java-8-openjdk-i386/jre/lib/i386/libzip.so
b6314000-b6315000 rw-p 00008000 08:01 1693413    /usr/lib/jvm/java-8-openjdk-i386/jre/lib/i386/libzip.so
b6315000-b631d000 rw-s 00000000 08:01 2576738    /tmp/hsperfdata_sarnobat/28393
b631d000-b6345000 r-xp 00000000 08:01 1693416    /usr/lib/jvm/java-8-openjdk-i386/jre/lib/i386/libjava.so
b6345000-b6346000 r--p 00027000 08:01 1693416    /usr/lib/jvm/java-8-openjdk-i386/jre/lib/i386/libjava.so
b6346000-b6347000 rw-p 00028000 08:01 1693416    /usr/lib/jvm/java-8-openjdk-i386/jre/lib/i386/libjava.so
b6347000-b634e000 r-xp 00000000 08:01 3402905    /lib/i386-linux-gnu/librt-2.23.so
b634e000-b634f000 r--p 00006000 08:01 3402905    /lib/i386-linux-gnu/librt-2.23.so
b634f000-b6350000 rw-p 00007000 08:01 3402905    /lib/i386-linux-gnu/librt-2.23.so
b6350000-b6353000 ---p 00000000 00:00 0 
b6353000-b63a1000 rw-p 00000000 00:00 0 
b63a1000-b63bd000 r-xp 00000000 08:01 3402590    /lib/i386-linux-gnu/libgcc_s.so.1
b63bd000-b63be000 rw-p 0001b000 08:01 3402590    /lib/i386-linux-gnu/libgcc_s.so.1
b63be000-b6411000 r-xp 00000000 08:01 3402651    /lib/i386-linux-gnu/libm-2.23.so
b6411000-b6412000 r--p 00052000 08:01 3402651    /lib/i386-linux-gnu/libm-2.23.so
b6412000-b6413000 rw-p 00053000 08:01 3402651    /lib/i386-linux-gnu/libm-2.23.so
b6413000-b6580000 r-xp 00000000 08:01 1104849    /usr/lib/i386-linux-gnu/libstdc++.so.6.0.21
b6580000-b6581000 ---p 0016d000 08:01 1104849    /usr/lib/i386-linux-gnu/libstdc++.so.6.0.21
b6581000-b6586000 r--p 0016d000 08:01 1104849    /usr/lib/i386-linux-gnu/libstdc++.so.6.0.21
b6586000-b6587000 rw-p 00172000 08:01 1104849    /usr/lib/i386-linux-gnu/libstdc++.so.6.0.21
b6587000-b658a000 rw-p 00000000 00:00 0 
b658a000-b7060000 r-xp 00000000 08:01 1693411    /usr/lib/jvm/java-8-openjdk-i386/jre/lib/i386/server/libjvm.so
b7060000-b70a6000 r--p 00ad5000 08:01 1693411    /usr/lib/jvm/java-8-openjdk-i386/jre/lib/i386/server/libjvm.so
b70a6000-b70bd000 rw-p 00b1b000 08:01 1693411    /usr/lib/jvm/java-8-openjdk-i386/jre/lib/i386/server/libjvm.so
b70bd000-b74dd000 rw-p 00000000 00:00 0 
b74dd000-b74f6000 r-xp 00000000 08:01 3402662    /lib/i386-linux-gnu/libpthread-2.23.so
b74f6000-b74f7000 r--p 00018000 08:01 3402662    /lib/i386-linux-gnu/libpthread-2.23.so
b74f7000-b74f8000 rw-p 00019000 08:01 3402662    /lib/i386-linux-gnu/libpthread-2.23.so
b74f8000-b74fa000 rw-p 00000000 00:00 0 
b74fa000-b74fd000 r-xp 00000000 08:01 3402697    /lib/i386-linux-gnu/libdl-2.23.so
b74fd000-b74fe000 r--p 00002000 08:01 3402697    /lib/i386-linux-gnu/libdl-2.23.so
b74fe000-b74ff000 rw-p 00003000 08:01 3402697    /lib/i386-linux-gnu/libdl-2.23.so
b74ff000-b7500000 rw-p 00000000 00:00 0 
b7500000-b7519000 r-xp 00000000 08:01 3402741    /lib/i386-linux-gnu/libz.so.1.2.8
b7519000-b751a000 r--p 00018000 08:01 3402741    /lib/i386-linux-gnu/libz.so.1.2.8
b751a000-b751b000 rw-p 00019000 08:01 3402741    /lib/i386-linux-gnu/libz.so.1.2.8
b751b000-b76cb000 r-xp 00000000 08:01 3402663    /lib/i386-linux-gnu/libc-2.23.so
b76cb000-b76cd000 r--p 001af000 08:01 3402663    /lib/i386-linux-gnu/libc-2.23.so
b76cd000-b76ce000 rw-p 001b1000 08:01 3402663    /lib/i386-linux-gnu/libc-2.23.so
b76ce000-b76d1000 rw-p 00000000 00:00 0 
b76d1000-b76d2000 r--s 00010000 08:01 1692581    /usr/lib/jvm/java-8-openjdk-i386/jre/lib/ext/zipfs.jar
b76d2000-b76d3000 r--s 0000a000 08:01 1692577    /usr/lib/jvm/java-8-openjdk-i386/jre/lib/ext/jaccess.jar
b76d3000-b76d6000 r--s 00038000 08:01 1692573    /usr/lib/jvm/java-8-openjdk-i386/jre/lib/ext/sunpkcs11.jar
b76d6000-b76d7000 r--p 002d4000 08:01 1110568    /usr/lib/locale/locale-archive
b76d7000-b76d8000 rw-p 00000000 00:00 0 
b76d8000-b76d9000 ---p 00000000 00:00 0 
b76d9000-b76e7000 r-xp 00000000 08:01 1693425    /usr/lib/jvm/java-8-openjdk-i386/jre/lib/i386/libverify.so
b76e7000-b76e8000 r--p 0000d000 08:01 1693425    /usr/lib/jvm/java-8-openjdk-i386/jre/lib/i386/libverify.so
b76e8000-b76e9000 rw-p 0000e000 08:01 1693425    /usr/lib/jvm/java-8-openjdk-i386/jre/lib/i386/libverify.so
b76e9000-b76f6000 r-xp 00000000 08:01 1693421    /usr/lib/jvm/java-8-openjdk-i386/jre/lib/i386/jli/libjli.so
b76f6000-b76f7000 r--p 0000c000 08:01 1693421    /usr/lib/jvm/java-8-openjdk-i386/jre/lib/i386/jli/libjli.so
b76f7000-b76f8000 rw-p 0000d000 08:01 1693421    /usr/lib/jvm/java-8-openjdk-i386/jre/lib/i386/jli/libjli.so
b76f8000-b76f9000 rw-p 00000000 00:00 0 
b76f9000-b76fc000 r--p 00000000 00:00 0          [vvar]
b76fc000-b76fd000 r-xp 00000000 00:00 0          [vdso]
b76fd000-b7720000 r-xp 00000000 08:01 3402661    /lib/i386-linux-gnu/ld-2.23.so
b7720000-b7721000 r--p 00022000 08:01 3402661    /lib/i386-linux-gnu/ld-2.23.so
b7721000-b7722000 rw-p 00023000 08:01 3402661    /lib/i386-linux-gnu/ld-2.23.so
bfd7b000-bfd9d000 rw-p 00000000 00:00 0          [stack]

VM Arguments:
jvm_args: -Dfile.encoding=UTF-8 
java_command: com.sentriot.proto.WebdavApplication
java_class_path (initial): /home/sarnobat/github/deprecated-webdav-server-tomcat-spring-boot/target/classes:/home/sarnobat/.m2/repository/javax/validation/validation-api/1.1.0.Final/validation-api-1.1.0.Final.jar:/home/sarnobat/.m2/repository/org/springframework/boot/spring-boot-starter/1.3.3.RELEASE/spring-boot-starter-1.3.3.RELEASE.jar:/home/sarnobat/.m2/repository/org/springframework/boot/spring-boot/1.3.3.RELEASE/spring-boot-1.3.3.RELEASE.jar:/home/sarnobat/.m2/repository/org/springframework/spring-core/4.2.5.RELEASE/spring-core-4.2.5.RELEASE.jar:/home/sarnobat/.m2/repository/org/springframework/spring-context/4.2.5.RELEASE/spring-context-4.2.5.RELEASE.jar:/home/sarnobat/.m2/repository/org/springframework/spring-aop/4.2.5.RELEASE/spring-aop-4.2.5.RELEASE.jar:/home/sarnobat/.m2/repository/aopalliance/aopalliance/1.0/aopalliance-1.0.jar:/home/sarnobat/.m2/repository/org/springframework/spring-beans/4.2.5.RELEASE/spring-beans-4.2.5.RELEASE.jar:/home/sarnobat/.m2/repository/org/springframework/spring-expression/4.2.5.RELEASE/spring-expression-4.2.5.RELEASE.jar:/home/sarnobat/.m2/repository/org/springframework/boot/spring-boot-autoconfigure/1.3.3.RELEASE/spring-boot-autoconfigure-1.3.3.RELEASE.jar:/home/sarnobat/.m2/repository/org/springframework/boot/spring-boot-starter-logging/1.3.3.RELEASE/spring-boot-starter-logging-1.3.3.RELEASE.jar:/home/sarnobat/.m2/repository/ch/qos/logback/logback-classic/1.1.5/logback-classic-1.1.5.jar:/home/sarnobat/.m2/repository/ch/qos/logback/logback-core/1.1.5/logback-core-1.1.5.jar:/home/sarnobat/.m2/repository/org/slf4j/slf4j-api/1.7.16/slf4j-api-1.7.16.jar:/home/sarnobat/.m2/repository/org/slf4j/jcl-over-slf4j/1.7.16/jcl-over-slf4j-1.7.16.jar:/home/sarnobat/.m2/repository/org/slf4j/jul-to-slf4j/1.7.16/jul-to-slf4j-1.7.16.jar:/home/sarnobat/.m2/repository/org/slf4j/log4j-over-slf4j/1.7.16/log4j-over-slf4j-1.7.16.jar:/home/sarnobat/.m2/repository/org/yaml/snakeyaml/1.16/snakeyaml-1.16.jar:/home/sarnobat/.m2/repository/org/springfram
Launcher Type: SUN_STANDARD

Environment Variables:
PATH=/usr/bin:/bin
SHELL=/bin/sh

Signal Handlers:
SIGSEGV: [libjvm.so+0x8db350], sa_mask[0]=11111111011111111101111111111110, sa_flags=SA_RESTART|SA_SIGINFO
SIGBUS: [libjvm.so+0x8db350], sa_mask[0]=11111111011111111101111111111110, sa_flags=SA_RESTART|SA_SIGINFO
SIGFPE: [libjvm.so+0x73fd00], sa_mask[0]=11111111011111111101111111111110, sa_flags=SA_RESTART|SA_SIGINFO
SIGPIPE: [libjvm.so+0x73fd00], sa_mask[0]=11111111011111111101111111111110, sa_flags=SA_RESTART|SA_SIGINFO
SIGXFSZ: [libjvm.so+0x73fd00], sa_mask[0]=11111111011111111101111111111110, sa_flags=SA_RESTART|SA_SIGINFO
SIGILL: [libjvm.so+0x73fd00], sa_mask[0]=11111111011111111101111111111110, sa_flags=SA_RESTART|SA_SIGINFO
SIGUSR1: SIG_DFL, sa_mask[0]=00000000000000000000000000000000, sa_flags=none
SIGUSR2: [libjvm.so+0x73fb40], sa_mask[0]=00000000000000000000000000000000, sa_flags=SA_RESTART|SA_SIGINFO
SIGHUP: [libjvm.so+0x7402d0], sa_mask[0]=11111111011111111101111111111110, sa_flags=SA_RESTART|SA_SIGINFO
SIGINT: [libjvm.so+0x7402d0], sa_mask[0]=11111111011111111101111111111110, sa_flags=SA_RESTART|SA_SIGINFO
SIGTERM: [libjvm.so+0x7402d0], sa_mask[0]=11111111011111111101111111111110, sa_flags=SA_RESTART|SA_SIGINFO
SIGQUIT: [libjvm.so+0x7402d0], sa_mask[0]=11111111011111111101111111111110, sa_flags=SA_RESTART|SA_SIGINFO


---------------  S Y S T E M  ---------------

OS:DISTRIB_ID=Ubuntu
DISTRIB_RELEASE=16.04
DISTRIB_CODENAME=xenial
DISTRIB_DESCRIPTION="Ubuntu 16.04.1 LTS"

uname:Linux 4.4.0-116-generic #140-Ubuntu SMP Mon Feb 12 21:22:43 UTC 2018 i686
libc:glibc 2.23 NPTL 2.23 
rlimit: STACK 8192k, CORE 0k, NPROC 63055, NOFILE 1048576, AS infinity
load average:9.52 6.22 4.43

/proc/meminfo:
MemTotal:        8107396 kB
MemFree:          357584 kB
MemAvailable:          0 kB
Buffers:            2764 kB
Cached:           130944 kB
SwapCached:        65540 kB
Active:          6246032 kB
Inactive:        1264560 kB
Active(anon):    6229480 kB
Inactive(anon):  1252460 kB
Active(file):      16552 kB
Inactive(file):    12100 kB
Unevictable:           0 kB
Mlocked:               0 kB
HighTotal:       7292552 kB
HighFree:          67480 kB
LowTotal:         814844 kB
LowFree:          290104 kB
SwapTotal:       4007932 kB
SwapFree:              0 kB
Dirty:              1136 kB
Writeback:             0 kB
AnonPages:       7311908 kB
Mapped:            30932 kB
Shmem:            104524 kB
Slab:              88032 kB
SReclaimable:      34472 kB
SUnreclaim:        53560 kB
KernelStack:       25096 kB
PageTables:        59676 kB
NFS_Unstable:          0 kB
Bounce:                0 kB
WritebackTmp:          0 kB
CommitLimit:     8061628 kB
Committed_AS:   32483964 kB
VmallocTotal:     122880 kB
VmallocUsed:           0 kB
VmallocChunk:          0 kB
AnonHugePages:   4933632 kB
CmaTotal:              0 kB
CmaFree:               0 kB
HugePages_Total:       0
HugePages_Free:        0
HugePages_Rsvd:        0
HugePages_Surp:        0
Hugepagesize:       2048 kB
DirectMap4k:       55288 kB
DirectMap2M:      856064 kB


CPU:total 4 (initial active 4) (2 cores per cpu, 2 threads per core) family 6 model 58 stepping 9, cmov, cx8, fxsr, mmx, sse, sse2, sse3, ssse3, sse4.1, sse4.2, popcnt, avx, aes, clmul, erms, ht, tsc, tscinvbit, tscinv

/proc/cpuinfo:
processor	: 0
vendor_id	: GenuineIntel
cpu family	: 6
model		: 58
model name	: Intel(R) Core(TM) i5-3427U CPU @ 1.80GHz
stepping	: 9
microcode	: 0x17
cpu MHz		: 2599.988
cache size	: 3072 KB
physical id	: 0
siblings	: 4
core id		: 0
cpu cores	: 2
apicid		: 0
initial apicid	: 0
fdiv_bug	: no
f00f_bug	: no
coma_bug	: no
fpu		: yes
fpu_exception	: yes
cpuid level	: 13
wp		: yes
flags		: fpu vme de pse tsc msr pae mce cx8 apic sep mtrr pge mca cmov pat pse36 clflush dts acpi mmx fxsr sse sse2 ss ht tm pbe nx rdtscp lm constant_tsc arch_perfmon pebs bts xtopology nonstop_tsc aperfmperf eagerfpu pni pclmulqdq dtes64 monitor ds_cpl vmx smx est tm2 ssse3 cx16 xtpr pdcm sse4_1 sse4_2 x2apic popcnt tsc_deadline_timer aes xsave avx f16c rdrand lahf_lm epb retpoline tpr_shadow vnmi flexpriority ept vpid fsgsbase smep erms xsaveopt dtherm ida arat pln pts
bugs		: cpu_meltdown spectre_v1 spectre_v2
bogomips	: 4589.71
clflush size	: 64
cache_alignment	: 64
address sizes	: 36 bits physical, 48 bits virtual
power management:

processor	: 1
vendor_id	: GenuineIntel
cpu family	: 6
model		: 58
model name	: Intel(R) Core(TM) i5-3427U CPU @ 1.80GHz
stepping	: 9
microcode	: 0x17
cpu MHz		: 2599.988
cache size	: 3072 KB
physical id	: 0
siblings	: 4
core id		: 1
cpu cores	: 2
apicid		: 2
initial apicid	: 2
fdiv_bug	: no
f00f_bug	: no
coma_bug	: no
fpu		: yes
fpu_exception	: yes
cpuid level	: 13
wp		: yes
flags		: fpu vme de pse tsc msr pae mce cx8 apic sep mtrr pge mca cmov pat pse36 clflush dts acpi mmx fxsr sse sse2 ss ht tm pbe nx rdtscp lm constant_tsc arch_perfmon pebs bts xtopology nonstop_tsc aperfmperf eagerfpu pni pclmulqdq dtes64 monitor ds_cpl vmx smx est tm2 ssse3 cx16 xtpr pdcm sse4_1 sse4_2 x2apic popcnt tsc_deadline_timer aes xsave avx f16c rdrand lahf_lm epb retpoline tpr_shadow vnmi flexpriority ept vpid fsgsbase smep erms xsaveopt dtherm ida arat pln pts
bugs		: cpu_meltdown spectre_v1 spectre_v2
bogomips	: 4589.71
clflush size	: 64
cache_alignment	: 64
address sizes	: 36 bits physical, 48 bits virtual
power management:

processor	: 2
vendor_id	: GenuineIntel
cpu family	: 6
model		: 58
model name	: Intel(R) Core(TM) i5-3427U CPU @ 1.80GHz
stepping	: 9
microcode	: 0x17
cpu MHz		: 2599.988
cache size	: 3072 KB
physical id	: 0
siblings	: 4
core id		: 0
cpu cores	: 2
apicid		: 1
initial apicid	: 1
fdiv_bug	: no
f00f_bug	: no
coma_bug	: no
fpu		: yes
fpu_exception	: yes
cpuid level	: 13
wp		: yes
flags		: fpu vme de pse tsc msr pae mce cx8 apic sep mtrr pge mca cmov pat pse36 clflush dts acpi mmx fxsr sse sse2 ss ht tm pbe nx rdtscp lm constant_tsc arch_perfmon pebs bts xtopology nonstop_tsc aperfmperf eagerfpu pni pclmulqdq dtes64 monitor ds_cpl vmx smx est tm2 ssse3 cx16 xtpr pdcm sse4_1 sse4_2 x2apic popcnt tsc_deadline_timer aes xsave avx f16c rdrand lahf_lm epb retpoline tpr_shadow vnmi flexpriority ept vpid fsgsbase smep erms xsaveopt dtherm ida arat pln pts
bugs		: cpu_meltdown spectre_v1 spectre_v2
bogomips	: 4589.71
clflush size	: 64
cache_alignment	: 64
address sizes	: 36 bits physical, 48 bits virtual
power management:

processor	: 3
vendor_id	: GenuineIntel
cpu family	: 6
model		: 58
model name	: Intel(R) Core(TM) i5-3427U CPU @ 1.80GHz
stepping	: 9
microcode	: 0x17
cpu MHz		: 2599.988
cache size	: 3072 KB
physical id	: 0
siblings	: 4
core id		: 1
cpu cores	: 2
apicid		: 3
initial apicid	: 3
fdiv_bug	: no
f00f_bug	: no
coma_bug	: no
fpu		: yes
fpu_exception	: yes
cpuid level	: 13
wp		: yes
flags		: fpu vme de pse tsc msr pae mce cx8 apic sep mtrr pge mca cmov pat pse36 clflush dts acpi mmx fxsr sse sse2 ss ht tm pbe nx rdtscp lm constant_tsc arch_perfmon pebs bts xtopology nonstop_tsc aperfmperf eagerfpu pni pclmulqdq dtes64 monitor ds_cpl vmx smx est tm2 ssse3 cx16 xtpr pdcm sse4_1 sse4_2 x2apic popcnt tsc_deadline_timer aes xsave avx f16c rdrand lahf_lm epb retpoline tpr_shadow vnmi flexpriority ept vpid fsgsbase smep erms xsaveopt dtherm ida arat pln pts
bugs		: cpu_meltdown spectre_v1 spectre_v2
bogomips	: 4589.71
clflush size	: 64
cache_alignment	: 64
address sizes	: 36 bits physical, 48 bits virtual
power management:



Memory: 4k page, physical 8107396k(357584k free), swap 4007932k(0k free)

vm_info: OpenJDK Server VM (25.162-b12) for linux-x86 JRE (1.8.0_162-8u162-b12-0ubuntu0.16.04.2-b12), built on Mar 14 2018 12:07:04 by "buildd" with gcc 5.4.0 20160609

time: Thu Apr 12 14:40:05 2018
elapsed time: 3 seconds (0d 0h 0m 3s)

