#
# There is insufficient memory for the Java Runtime Environment to continue.
# Native memory allocation (mmap) failed to map 17039360 bytes for committing reserved memory.
# Possible reasons:
#   The system is out of physical RAM or swap space
#   In 32 bit mode, the process size limit was hit
# Possible solutions:
#   Reduce memory load on the system
#   Increase physical memory or swap space
#   Check if swap backing store is full
#   Use 64 bit Java on a 64 bit OS
#   Decrease Java heap size (-Xmx/-Xms)
#   Decrease number of Java threads
#   Decrease Java thread stack sizes (-Xss)
#   Set larger code cache with -XX:ReservedCodeCacheSize=
# This output file may be truncated or incomplete.
#
#  Out of Memory Error (os_linux.cpp:2643), pid=1863, tid=0x638e4b40
#
# JRE version: OpenJDK Runtime Environment (8.0_171-b11) (build 1.8.0_171-8u171-b11-0ubuntu0.16.04.1-b11)
# Java VM: OpenJDK Server VM (25.171-b11 mixed mode linux-x86 )
# Failed to write core dump. Core dumps have been disabled. To enable core dumping, try "ulimit -c unlimited" before starting Java again
#

---------------  T H R E A D  ---------------

Current thread (0x63781400):  VMThread [stack: 0x63864000,0x638e5000] [id=1924]

Stack: [0x63864000,0x638e5000],  sp=0x638e3b40,  free space=510k
Native frames: (J=compiled Java code, j=interpreted, Vv=VM code, C=native code)
V  [libjvm.so+0x8dafd4]
V  [libjvm.so+0x3a8ff6]
V  [libjvm.so+0x745480]
V  [libjvm.so+0x73f2f3]
V  [libjvm.so+0x7b15bc]
V  [libjvm.so+0x7b25fb]
V  [libjvm.so+0x7af0b7]
V  [libjvm.so+0x7af903]
V  [libjvm.so+0x7686b5]
V  [libjvm.so+0x8dcb99]
V  [libjvm.so+0x8e1cf6]
V  [libjvm.so+0x8dfde0]
V  [libjvm.so+0x8e0535]
V  [libjvm.so+0x8e0b3b]
V  [libjvm.so+0x7425b5]
C  [libpthread.so.0+0x6295]  start_thread+0xe5

VM_Operation (0x62e597a0): ParallelGCFailedAllocation, mode: safepoint, requested by thread 0x60e3d000


---------------  P R O C E S S  ---------------

Java Threads: ( => current thread )
  0x60e3d000 JavaThread "background-preinit" [_thread_blocked, id=2146, stack(0x62e0b000,0x62e5c000)]
  0x637b2800 JavaThread "Service Thread" daemon [_thread_blocked, id=2078, stack(0x630db000,0x6312c000)]
  0x637a8400 JavaThread "C1 CompilerThread2" daemon [_thread_blocked, id=2076, stack(0x6312c000,0x631ad000)]
  0x637a6c00 JavaThread "C2 CompilerThread1" daemon [_thread_blocked, id=2071, stack(0x631ad000,0x6322e000)]
  0x637a5000 JavaThread "C2 CompilerThread0" daemon [_thread_blocked, id=2070, stack(0x6322e000,0x632af000)]
  0x637a3800 JavaThread "Signal Dispatcher" daemon [_thread_blocked, id=2069, stack(0x632af000,0x63300000)]
  0x63788800 JavaThread "Finalizer" daemon [_thread_blocked, id=1958, stack(0x63813000,0x63864000)]
  0x63785c00 JavaThread "Reference Handler" daemon [_thread_blocked, id=1941, stack(0x6642e000,0x6647f000)]
  0xb620ac00 JavaThread "main" [_thread_blocked, id=1895, stack(0xb63a2000,0xb63f3000)]

Other Threads:
=>0x63781400 VMThread [stack: 0x63864000,0x638e5000] [id=1924]
  0x637b4400 WatcherThread [stack: 0x6305a000,0x630db000] [id=2081]

VM state:at safepoint (normal execution)

VM Mutex/Monitor currently owned by a thread:  ([mutex/lock_event])
[0xb62080c0] Threads_lock - owner thread: 0x63781400
[0xb62084d0] Heap_lock - owner thread: 0x60e3d000

Heap:
 PSYoungGen      total 19200K, used 2545K [0x918c0000, 0x92e00000, 0xa6e00000)
  eden space 16640K, 0% used [0x918c0000,0x918c0000,0x92900000)
  from space 2560K, 99% used [0x92b80000,0x92dfc6e8,0x92e00000)
  to   space 2560K, 0% used [0x92900000,0x92900000,0x92b80000)
 ParOldGen       total 43776K, used 4438K [0x66e00000, 0x698c0000, 0x918c0000)
  object space 43776K, 10% used [0x66e00000,0x67255850,0x698c0000)
 Metaspace       used 6661K, capacity 6695K, committed 6808K, reserved 7472K

Card table byte_map: [0x66bff000,0x66e00000] byte_map_base: 0x668c8000

Marking Bits: (ParMarkBitMap*) 0xb711e8c0
 Begin Bits: [0x64300000, 0x65300000)
 End Bits:   [0x65300000, 0x66300000)

Polling page: 0xb772b000

CodeCache: size=245760Kb used=2341Kb max_used=2344Kb free=243418Kb
 bounds [0xa7200000, 0xa7450000, 0xb6200000]
 total_blobs=919 nmethods=747 adapters=87
 compilation: enabled

Compilation events (10 events):
Event: 3.318 Thread 0x637a8400  743       1       java.util.logging.LogManager$LoggerContext::getOwner (5 bytes)
Event: 3.318 Thread 0x637a8400 nmethod 743 0xa7437cc8 code [0xa7437dc0, 0xa7437e60]
Event: 3.318 Thread 0x637a8400  744       3       ch.qos.logback.classic.util.LoggerNameUtil::getSeparatorIndexOf (53 bytes)
Event: 3.318 Thread 0x637a8400 nmethod 744 0xa744b308 code [0xa744b440, 0xa744b738]
Event: 3.319 Thread 0x637a5000  746       4       java.util.regex.Pattern$1::isSatisfiedBy (13 bytes)
Event: 3.319 Thread 0x637a5000 nmethod 746 0xa73cc908 code [0xa73cca00, 0xa73cca50]
Event: 3.320 Thread 0x637a8400  747       3       org.springframework.boot.bind.RelaxedNames$Manipulation::separatedToCamelCase (147 bytes)
Event: 3.322 Thread 0x637a8400 nmethod 747 0xa7446388 code [0xa74465e0, 0xa7447694]
Event: 3.322 Thread 0x637a8400  748       3       java.util.concurrent.CopyOnWriteArrayList::iterator (14 bytes)
Event: 3.322 Thread 0x637a8400 nmethod 748 0xa7445e48 code [0xa7445f80, 0xa7446200]

GC Heap History (3 events):
Event: 2.590 GC heap before
{Heap before GC invocations=1 (full 0):
 PSYoungGen      total 19200K, used 16640K [0x918c0000, 0x92e00000, 0xa6e00000)
  eden space 16640K, 100% used [0x918c0000,0x92900000,0x92900000)
  from space 2560K, 0% used [0x92b80000,0x92b80000,0x92e00000)
  to   space 2560K, 0% used [0x92900000,0x92900000,0x92b80000)
 ParOldGen       total 43776K, used 0K [0x66e00000, 0x698c0000, 0x918c0000)
  object space 43776K, 0% used [0x66e00000,0x66e00000,0x698c0000)
 Metaspace       used 4696K, capacity 4743K, committed 4760K, reserved 5424K
Event: 2.601 GC heap after
Heap after GC invocations=1 (full 0):
 PSYoungGen      total 19200K, used 2556K [0x918c0000, 0x92e00000, 0xa6e00000)
  eden space 16640K, 0% used [0x918c0000,0x918c0000,0x92900000)
  from space 2560K, 99% used [0x92900000,0x92b7f000,0x92b80000)
  to   space 2560K, 0% used [0x92b80000,0x92b80000,0x92e00000)
 ParOldGen       total 43776K, used 443K [0x66e00000, 0x698c0000, 0x918c0000)
  object space 43776K, 1% used [0x66e00000,0x66e6ee58,0x698c0000)
 Metaspace       used 4696K, capacity 4743K, committed 4760K, reserved 5424K
}
Event: 3.342 GC heap before
{Heap before GC invocations=2 (full 0):
 PSYoungGen      total 19200K, used 19196K [0x918c0000, 0x92e00000, 0xa6e00000)
  eden space 16640K, 100% used [0x918c0000,0x92900000,0x92900000)
  from space 2560K, 99% used [0x92900000,0x92b7f000,0x92b80000)
  to   space 2560K, 0% used [0x92b80000,0x92b80000,0x92e00000)
 ParOldGen       total 43776K, used 443K [0x66e00000, 0x698c0000, 0x918c0000)
  object space 43776K, 1% used [0x66e00000,0x66e6ee58,0x698c0000)
 Metaspace       used 6661K, capacity 6695K, committed 6808K, reserved 7472K

Deoptimization events (3 events):
Event: 1.759 Thread 0xb620ac00 Uncommon trap: reason=unstable_if action=reinterpret pc=0xa73121d4 method=java.lang.String.replace(CC)Ljava/lang/String; @ 26
Event: 2.435 Thread 0xb620ac00 Uncommon trap: reason=unstable_if action=reinterpret pc=0xa72f7548 method=java.lang.String.indexOf([CII[CIII)I @ 3
Event: 2.995 Thread 0x60e3d000 Uncommon trap: reason=unstable_if action=reinterpret pc=0xa7381088 method=sun.misc.URLClassPath$JarLoader.getResource(Ljava/lang/String;Z)Lsun/misc/Resource; @ 15

Classes redefined (0 events):
No events

Internal exceptions (10 events):
Event: 2.219 Thread 0xb620ac00 Exception <a 'java/lang/ArrayIndexOutOfBoundsException'> (0x923b13e8) thrown at [/build/openjdk-8-Ls3fOh/openjdk-8-8u171-b11/src/hotspot/src/share/vm/runtime/sharedRuntime.cpp, line 605]
Event: 2.273 Thread 0xb620ac00 Exception <a 'java/lang/ArrayIndexOutOfBoundsException'> (0x924382d0) thrown at [/build/openjdk-8-Ls3fOh/openjdk-8-8u171-b11/src/hotspot/src/share/vm/runtime/sharedRuntime.cpp, line 605]
Event: 2.274 Thread 0xb620ac00 Exception <a 'java/lang/ArrayIndexOutOfBoundsException'> (0x9243f2f0) thrown at [/build/openjdk-8-Ls3fOh/openjdk-8-8u171-b11/src/hotspot/src/share/vm/runtime/sharedRuntime.cpp, line 605]
Event: 2.275 Thread 0xb620ac00 Exception <a 'java/lang/ArrayIndexOutOfBoundsException'> (0x92446fa8) thrown at [/build/openjdk-8-Ls3fOh/openjdk-8-8u171-b11/src/hotspot/src/share/vm/runtime/sharedRuntime.cpp, line 605]
Event: 2.373 Thread 0xb620ac00 Exception <a 'java/lang/ArrayIndexOutOfBoundsException'> (0x925a0190) thrown at [/build/openjdk-8-Ls3fOh/openjdk-8-8u171-b11/src/hotspot/src/share/vm/runtime/sharedRuntime.cpp, line 605]
Event: 2.373 Thread 0xb620ac00 Exception <a 'java/lang/ArrayIndexOutOfBoundsException'> (0x925a13f8) thrown at [/build/openjdk-8-Ls3fOh/openjdk-8-8u171-b11/src/hotspot/src/share/vm/runtime/sharedRuntime.cpp, line 605]
Event: 2.386 Thread 0xb620ac00 Exception <a 'java/lang/ArrayIndexOutOfBoundsException'> (0x925ca240) thrown at [/build/openjdk-8-Ls3fOh/openjdk-8-8u171-b11/src/hotspot/src/share/vm/runtime/sharedRuntime.cpp, line 605]
Event: 2.540 Thread 0xb620ac00 Exception <a 'java/io/FileNotFoundException'> (0x92798778) thrown at [/build/openjdk-8-Ls3fOh/openjdk-8-8u171-b11/src/hotspot/src/share/vm/prims/jni.cpp, line 709]
Event: 2.902 Thread 0xb620ac00 Exception <a 'java/lang/ClassNotFoundException': java/lang/ObjectCustomizer> (0x91e60ed0) thrown at [/build/openjdk-8-Ls3fOh/openjdk-8-8u171-b11/src/hotspot/src/share/vm/classfile/systemDictionary.cpp, line 210]
Event: 2.911 Thread 0xb620ac00 Exception <a 'java/lang/ClassNotFoundException': org/springframework/boot/SpringApplicationCustomizer> (0x91e770b0) thrown at [/build/openjdk-8-Ls3fOh/openjdk-8-8u171-b11/src/hotspot/src/share/vm/classfile/systemDictionary.cpp, line 210]

Events (10 events):
Event: 3.340 loading class com/fasterxml/jackson/databind/node/ArrayNode done
Event: 3.340 loading class ch/qos/logback/core/subst/Node
Event: 3.340 loading class ch/qos/logback/core/subst/Node done
Event: 3.341 loading class ch/qos/logback/core/subst/Node$Type
Event: 3.341 loading class ch/qos/logback/core/subst/Node$Type done
Event: 3.341 loading class com/fasterxml/jackson/databind/ObjectWriter
Event: 3.341 loading class com/fasterxml/jackson/databind/ObjectWriter done
Event: 3.341 loading class ch/qos/logback/core/CoreConstants
Event: 3.341 loading class ch/qos/logback/core/CoreConstants done
Event: 3.342 Executing VM operation: ParallelGCFailedAllocation


Dynamic libraries:
08048000-08049000 r-xp 00000000 08:01 1694419    /usr/lib/jvm/java-8-openjdk-i386/jre/bin/java
08049000-0804a000 r--p 00000000 08:01 1694419    /usr/lib/jvm/java-8-openjdk-i386/jre/bin/java
0804a000-0804b000 rw-p 00001000 08:01 1694419    /usr/lib/jvm/java-8-openjdk-i386/jre/bin/java
0814e000-0816f000 rw-p 00000000 00:00 0          [heap]
60700000-60760000 rw-p 00000000 00:00 0 
60760000-60800000 ---p 00000000 00:00 0 
60800000-60839000 rw-p 00000000 00:00 0 
60839000-60900000 ---p 00000000 00:00 0 
60900000-6093d000 rw-p 00000000 00:00 0 
6093d000-60a00000 ---p 00000000 00:00 0 
60a00000-60b00000 rw-p 00000000 00:00 0 
60b00000-60b30000 rw-p 00000000 00:00 0 
60b30000-60c00000 ---p 00000000 00:00 0 
60c00000-60d00000 rw-p 00000000 00:00 0 
60d00000-60dfc000 rw-p 00000000 00:00 0 
60dfc000-60e00000 ---p 00000000 00:00 0 
60e00000-60ef8000 rw-p 00000000 00:00 0 
60ef8000-60f00000 ---p 00000000 00:00 0 
60f00000-61000000 rw-p 00000000 00:00 0 
610f4000-610fd000 r-xp 00000000 08:01 1694481    /usr/lib/jvm/java-8-openjdk-i386/jre/lib/i386/libmanagement.so
610fd000-610fe000 r--p 00008000 08:01 1694481    /usr/lib/jvm/java-8-openjdk-i386/jre/lib/i386/libmanagement.so
610fe000-610ff000 rw-p 00009000 08:01 1694481    /usr/lib/jvm/java-8-openjdk-i386/jre/lib/i386/libmanagement.so
610ff000-62d00000 rw-p 00000000 00:00 0 
62d00000-62e00000 rw-p 00000000 00:00 0 
62e06000-62e0b000 r--s 002f9000 08:01 1694422    /usr/lib/jvm/java-8-openjdk-i386/jre/lib/charsets.jar
62e0b000-62e0e000 ---p 00000000 00:00 0 
62e0e000-62e5c000 rw-p 00000000 00:00 0 
62e5c000-62e6a000 r--s 0007c000 08:01 2657517    /home/sarnobat/.m2/repository/org/springframework/spring-test/4.2.5.RELEASE/spring-test-4.2.5.RELEASE.jar
62e6a000-62e6b000 r--s 0000c000 08:01 2796529    /home/sarnobat/.m2/repository/org/hamcrest/hamcrest-library/1.3/hamcrest-library-1.3.jar
62e6b000-62e6d000 r--s 00009000 08:01 2657515    /home/sarnobat/.m2/repository/org/objenesis/objenesis/2.1/objenesis-2.1.jar
62e6d000-62e89000 r--s 00103000 08:01 2657513    /home/sarnobat/.m2/repository/org/mockito/mockito-core/1.10.19/mockito-core-1.10.19.jar
62e89000-62e8b000 r--s 00009000 08:01 2733514    /home/sarnobat/.m2/repository/org/hamcrest/hamcrest-core/1.3/hamcrest-core-1.3.jar
62e8b000-62e93000 r--s 00045000 08:01 2495292    /home/sarnobat/.m2/repository/junit/junit/4.12/junit-4.12.jar
62e93000-62e94000 r--s 00000000 08:01 2657494    /home/sarnobat/.m2/repository/org/springframework/boot/spring-boot-starter-test/1.3.3.RELEASE/spring-boot-starter-test-1.3.3.RELEASE.jar
62e94000-62e98000 r--s 0002e000 08:01 2657508    /home/sarnobat/.m2/repository/org/apache/tomcat/tomcat-util-scan/9.0.0.M4/tomcat-util-scan-9.0.0.M4.jar
62e98000-62e9c000 r--s 0001b000 08:01 2657505    /home/sarnobat/.m2/repository/org/apache/tomcat/tomcat-util/9.0.0.M4/tomcat-util-9.0.0.M4.jar
62e9c000-62ea7000 r--s 000aa000 08:01 2657491    /home/sarnobat/.m2/repository/org/apache/tomcat/tomcat-coyote/9.0.0.M4/tomcat-coyote-9.0.0.M4.jar
62ea7000-62ea9000 r--s 00007000 08:01 2657486    /home/sarnobat/.m2/repository/org/apache/tomcat/tomcat-jni/9.0.0.M4/tomcat-jni-9.0.0.M4.jar
62ea9000-62eaa000 r--s 00002000 08:01 2650198    /home/sarnobat/.m2/repository/org/apache/tomcat/tomcat-api/9.0.0.M4/tomcat-api-9.0.0.M4.jar
62eaa000-62eac000 r--s 00003000 08:01 2650170    /home/sarnobat/.m2/repository/org/apache/tomcat/tomcat-annotations-api/9.0.0.M4/tomcat-annotations-api-9.0.0.M4.jar
62eac000-62ead000 r--s 00009000 08:01 2650165    /home/sarnobat/.m2/repository/org/apache/tomcat/tomcat-juli/9.0.0.M4/tomcat-juli-9.0.0.M4.jar
62ead000-62eaf000 r--s 00012000 08:01 2650160    /home/sarnobat/.m2/repository/org/apache/tomcat/tomcat-el-api/8.0.32/tomcat-el-api-8.0.32.jar
62eaf000-62eb1000 r--s 0000d000 08:01 2650157    /home/sarnobat/.m2/repository/org/apache/tomcat/tomcat-jsp-api/8.0.32/tomcat-jsp-api-8.0.32.jar
62eb1000-62eb5000 r--s 00040000 08:01 2650150    /home/sarnobat/.m2/repository/org/apache/tomcat/tomcat-servlet-api/9.0.0.M4/tomcat-servlet-api-9.0.0.M4.jar
62eb5000-62ec9000 r--s 0016e000 08:01 2650148    /home/sarnobat/.m2/repository/org/apache/tomcat/tomcat-catalina/9.0.0.M4/tomcat-catalina-9.0.0.M4.jar
62ec9000-62eda000 r--s 000c6000 08:01 2650135    /home/sarnobat/.m2/repository/org/springframework/spring-webmvc/4.2.5.RELEASE/spring-webmvc-4.2.5.RELEASE.jar
62eda000-62eeb000 r--s 000ab000 08:01 2650132    /home/sarnobat/.m2/repository/org/springframework/spring-web/4.2.5.RELEASE/spring-web-4.2.5.RELEASE.jar
62eeb000-62eef000 r--s 0003c000 08:01 2796576    /home/sarnobat/.m2/repository/com/fasterxml/jackson/core/jackson-core/2.6.5/jackson-core-2.6.5.jar
62eef000-62f00000 r--s 0010d000 08:01 2796572    /home/sarnobat/.m2/repository/com/fasterxml/jackson/core/jackson-databind/2.6.5/jackson-databind-2.6.5.jar
62f00000-62ffb000 rw-p 00000000 00:00 0 
62ffb000-63000000 ---p 00000000 00:00 0 
63000000-63003000 r--s 00009000 08:01 2796574    /home/sarnobat/.m2/repository/com/fasterxml/jackson/core/jackson-annotations/2.6.5/jackson-annotations-2.6.5.jar
63003000-63005000 r--s 0000e000 08:01 2796570    /home/sarnobat/.m2/repository/com/fasterxml/classmate/1.1.0/classmate-1.1.0.jar
63005000-63007000 r--s 0000f000 08:01 2650129    /home/sarnobat/.m2/repository/org/jboss/logging/jboss-logging/3.3.0.Final/jboss-logging-3.3.0.Final.jar
63007000-63017000 r--s 0009c000 08:01 2650102    /home/sarnobat/.m2/repository/org/hibernate/hibernate-validator/5.2.4.Final/hibernate-validator-5.2.4.Final.jar
63017000-6301d000 r--s 00037000 08:01 2650084    /home/sarnobat/.m2/repository/org/apache/tomcat/embed/tomcat-embed-websocket/8.0.32/tomcat-embed-websocket-8.0.32.jar
6301d000-63033000 r-xp 00000000 08:01 1694476    /usr/lib/jvm/java-8-openjdk-i386/jre/lib/i386/libnet.so
63033000-63034000 r--p 00015000 08:01 1694476    /usr/lib/jvm/java-8-openjdk-i386/jre/lib/i386/libnet.so
63034000-63035000 rw-p 00016000 08:01 1694476    /usr/lib/jvm/java-8-openjdk-i386/jre/lib/i386/libnet.so
63035000-6305a000 r--s 00290000 08:01 2650039    /home/sarnobat/.m2/repository/org/apache/tomcat/embed/tomcat-embed-core/8.0.32/tomcat-embed-core-8.0.32.jar
6305a000-6305b000 ---p 00000000 00:00 0 
6305b000-630db000 rw-p 00000000 00:00 0 
630db000-630de000 ---p 00000000 00:00 0 
630de000-6312c000 rw-p 00000000 00:00 0 
6312c000-6312f000 ---p 00000000 00:00 0 
6312f000-631ad000 rw-p 00000000 00:00 0 
631ad000-631b0000 ---p 00000000 00:00 0 
631b0000-6322e000 rw-p 00000000 00:00 0 
6322e000-63231000 ---p 00000000 00:00 0 
63231000-632af000 rw-p 00000000 00:00 0 
632af000-632b2000 ---p 00000000 00:00 0 
632b2000-63300000 rw-p 00000000 00:00 0 
63300000-63500000 r--p 00000000 08:01 1110568    /usr/lib/locale/locale-archive
63500000-63600000 rw-p 00000000 00:00 0 
63600000-63621000 rw-p 00000000 00:00 0 
63621000-63700000 ---p 00000000 00:00 0 
63700000-637ff000 rw-p 00000000 00:00 0 
637ff000-63800000 ---p 00000000 00:00 0 
63800000-63811000 r-xp 00000000 08:01 1694482    /usr/lib/jvm/java-8-openjdk-i386/jre/lib/i386/libnio.so
63811000-63812000 r--p 00010000 08:01 1694482    /usr/lib/jvm/java-8-openjdk-i386/jre/lib/i386/libnio.so
63812000-63813000 rw-p 00011000 08:01 1694482    /usr/lib/jvm/java-8-openjdk-i386/jre/lib/i386/libnio.so
63813000-63816000 ---p 00000000 00:00 0 
63816000-63864000 rw-p 00000000 00:00 0 
63864000-63865000 ---p 00000000 00:00 0 
63865000-638e5000 rw-p 00000000 00:00 0 
638e5000-63ab4000 r--s 03c2f000 08:01 1694487    /usr/lib/jvm/java-8-openjdk-i386/jre/lib/rt.jar
63ab4000-63efa000 rw-p 00000000 00:00 0 
63efa000-63f00000 ---p 00000000 00:00 0 
63f00000-66300000 rw-p 00000000 00:00 0 
66300000-663e5000 rw-p 00000000 00:00 0 
663e5000-66400000 ---p 00000000 00:00 0 
66400000-66401000 r--s 00000000 08:01 2650097    /home/sarnobat/.m2/repository/org/springframework/boot/spring-boot-starter-validation/1.3.3.RELEASE/spring-boot-starter-validation-1.3.3.RELEASE.jar
66401000-66406000 r--s 00036000 08:01 2650043    /home/sarnobat/.m2/repository/org/apache/tomcat/embed/tomcat-embed-el/8.0.32/tomcat-embed-el-8.0.32.jar
66406000-6640c000 r--s 0003c000 08:01 2650030    /home/sarnobat/.m2/repository/org/yaml/snakeyaml/1.16/snakeyaml-1.16.jar
6640c000-66417000 r--s 00065000 08:01 2650024    /home/sarnobat/.m2/repository/ch/qos/logback/logback-core/1.1.5/logback-core-1.1.5.jar
66417000-6642e000 r--s 000a2000 08:01 2641678    /home/sarnobat/.m2/repository/org/springframework/boot/spring-boot-autoconfigure/1.3.3.RELEASE/spring-boot-autoconfigure-1.3.3.RELEASE.jar
6642e000-66431000 ---p 00000000 00:00 0 
66431000-6647f000 rw-p 00000000 00:00 0 
6647f000-66480000 ---p 00000000 00:00 0 
66480000-66500000 rw-p 00000000 00:00 0 
66500000-665fd000 rw-p 00000000 00:00 0 
665fd000-66600000 ---p 00000000 00:00 0 
66600000-66601000 r--s 00009000 08:01 2650073    /home/sarnobat/.m2/repository/org/apache/tomcat/embed/tomcat-embed-logging-juli/8.0.32/tomcat-embed-logging-juli-8.0.32.jar
66601000-66602000 r--s 00000000 08:01 2650035    /home/sarnobat/.m2/repository/org/springframework/boot/spring-boot-starter-tomcat/1.3.3.RELEASE/spring-boot-starter-tomcat-1.3.3.RELEASE.jar
66602000-66603000 r--s 00000000 08:01 2650033    /home/sarnobat/.m2/repository/org/springframework/boot/spring-boot-starter-web/1.3.3.RELEASE/spring-boot-starter-web-1.3.3.RELEASE.jar
66603000-66605000 r--s 00004000 08:01 2796567    /home/sarnobat/.m2/repository/org/slf4j/log4j-over-slf4j/1.7.16/log4j-over-slf4j-1.7.16.jar
66605000-6660b000 r--s 0003f000 08:01 2650009    /home/sarnobat/.m2/repository/ch/qos/logback/logback-classic/1.1.5/logback-classic-1.1.5.jar
6660b000-66618000 r--s 000a6000 08:01 2641689    /home/sarnobat/.m2/repository/org/springframework/spring-beans/4.2.5.RELEASE/spring-beans-4.2.5.RELEASE.jar
66618000-66631000 r--s 000f3000 08:01 2641676    /home/sarnobat/.m2/repository/org/springframework/spring-context/4.2.5.RELEASE/spring-context-4.2.5.RELEASE.jar
66631000-6667f000 rw-p 00000000 00:00 0 
6667f000-66680000 ---p 00000000 00:00 0 
66680000-66700000 rw-p 00000000 00:00 0 
66700000-66721000 rw-p 00000000 00:00 0 
66721000-66800000 ---p 00000000 00:00 0 
66800000-66816000 r--s 000f2000 08:01 2641681    /home/sarnobat/.m2/repository/org/springframework/spring-core/4.2.5.RELEASE/spring-core-4.2.5.RELEASE.jar
66816000-66824000 r--s 00078000 08:01 2641674    /home/sarnobat/.m2/repository/org/springframework/boot/spring-boot/1.3.3.RELEASE/spring-boot-1.3.3.RELEASE.jar
66824000-6687f000 rw-p 00000000 00:00 0 
6687f000-66880000 ---p 00000000 00:00 0 
66880000-66900000 rw-p 00000000 00:00 0 
66900000-66921000 rw-p 00000000 00:00 0 
66921000-66a00000 ---p 00000000 00:00 0 
66a00000-66a02000 r--s 00000000 08:01 2796565    /home/sarnobat/.m2/repository/org/slf4j/jul-to-slf4j/1.7.16/jul-to-slf4j-1.7.16.jar
66a02000-66a04000 r--s 00003000 08:01 2796563    /home/sarnobat/.m2/repository/org/slf4j/jcl-over-slf4j/1.7.16/jcl-over-slf4j-1.7.16.jar
66a04000-66a05000 r--s 00009000 08:01 2796554    /home/sarnobat/.m2/repository/org/slf4j/slf4j-api/1.7.16/slf4j-api-1.7.16.jar
66a05000-66a06000 r--s 00000000 08:01 2650006    /home/sarnobat/.m2/repository/org/springframework/boot/spring-boot-starter-logging/1.3.3.RELEASE/spring-boot-starter-logging-1.3.3.RELEASE.jar
66a06000-66a0b000 r--s 0003c000 08:01 2641692    /home/sarnobat/.m2/repository/org/springframework/spring-expression/4.2.5.RELEASE/spring-expression-4.2.5.RELEASE.jar
66a0b000-66a0d000 r--s 00000000 08:01 2717532    /home/sarnobat/.m2/repository/aopalliance/aopalliance/1.0/aopalliance-1.0.jar
66a0d000-66a28000 r--s 00394000 08:01 1694427    /usr/lib/jvm/java-8-openjdk-i386/jre/lib/ext/cldrdata.jar
66a28000-66a29000 ---p 00000000 00:00 0 
66a29000-66abf000 rw-p 00000000 00:00 0 
66abf000-66bff000 ---p 00000000 00:00 0 
66bff000-66c15000 rw-p 00000000 00:00 0 
66c15000-66d54000 ---p 00000000 00:00 0 
66d54000-66d5f000 rw-p 00000000 00:00 0 
66d5f000-66dff000 ---p 00000000 00:00 0 
66dff000-698c0000 rw-p 00000000 00:00 0 
698c0000-918c0000 ---p 00000000 00:00 0 
918c0000-92e00000 rw-p 00000000 00:00 0 
93e40000-a6e00000 ---p 00000000 00:00 0 
a6e00000-a6e09000 r--s 00052000 08:01 2641687    /home/sarnobat/.m2/repository/org/springframework/spring-aop/4.2.5.RELEASE/spring-aop-4.2.5.RELEASE.jar
a6e09000-a6e0d000 r--s 0000c000 08:01 2717440    /home/sarnobat/.m2/repository/javax/validation/validation-api/1.1.0.Final/validation-api-1.1.0.Final.jar
a6e0d000-a6e28000 r--s 001d6000 08:01 1694430    /usr/lib/jvm/java-8-openjdk-i386/jre/lib/ext/nashorn.jar
a6e28000-a6e4a000 rw-p 00000000 00:00 0 
a6e4a000-a7200000 ---p 00000000 00:00 0 
a7200000-a7450000 rwxp 00000000 00:00 0 
a7450000-b6200000 ---p 00000000 00:00 0 
b6200000-b62fe000 rw-p 00000000 00:00 0 
b62fe000-b6300000 ---p 00000000 00:00 0 
b6300000-b6302000 r--s 00008000 08:01 1694423    /usr/lib/jvm/java-8-openjdk-i386/jre/lib/ext/sunec.jar
b6302000-b6308000 r--s 0003b000 08:01 1694428    /usr/lib/jvm/java-8-openjdk-i386/jre/lib/ext/sunjce_provider.jar
b6308000-b6312000 r--s 00116000 08:01 1694432    /usr/lib/jvm/java-8-openjdk-i386/jre/lib/ext/localedata.jar
b6312000-b631d000 r-xp 00000000 08:01 3402889    /lib/i386-linux-gnu/libnss_files-2.23.so
b631d000-b631e000 r--p 0000a000 08:01 3402889    /lib/i386-linux-gnu/libnss_files-2.23.so
b631e000-b631f000 rw-p 0000b000 08:01 3402889    /lib/i386-linux-gnu/libnss_files-2.23.so
b631f000-b6325000 rw-p 00000000 00:00 0 
b6325000-b6330000 r-xp 00000000 08:01 3402895    /lib/i386-linux-gnu/libnss_nis-2.23.so
b6330000-b6331000 r--p 0000a000 08:01 3402895    /lib/i386-linux-gnu/libnss_nis-2.23.so
b6331000-b6332000 rw-p 0000b000 08:01 3402895    /lib/i386-linux-gnu/libnss_nis-2.23.so
b6332000-b6349000 r-xp 00000000 08:01 3402652    /lib/i386-linux-gnu/libnsl-2.23.so
b6349000-b634a000 r--p 00016000 08:01 3402652    /lib/i386-linux-gnu/libnsl-2.23.so
b634a000-b634b000 rw-p 00017000 08:01 3402652    /lib/i386-linux-gnu/libnsl-2.23.so
b634b000-b634d000 rw-p 00000000 00:00 0 
b634d000-b6355000 r-xp 00000000 08:01 3402720    /lib/i386-linux-gnu/libnss_compat-2.23.so
b6355000-b6356000 r--p 00007000 08:01 3402720    /lib/i386-linux-gnu/libnss_compat-2.23.so
b6356000-b6357000 rw-p 00008000 08:01 3402720    /lib/i386-linux-gnu/libnss_compat-2.23.so
b6357000-b6358000 r--s 00000000 08:01 2641672    /home/sarnobat/.m2/repository/org/springframework/boot/spring-boot-starter/1.3.3.RELEASE/spring-boot-starter-1.3.3.RELEASE.jar
b6358000-b635a000 r--s 00001000 08:01 1694425    /usr/lib/jvm/java-8-openjdk-i386/jre/lib/ext/dnsns.jar
b635a000-b635d000 r--s 0000f000 08:01 1694429    /usr/lib/jvm/java-8-openjdk-i386/jre/lib/ext/icedtea-sound.jar
b635d000-b6365000 r-xp 00000000 08:01 1694470    /usr/lib/jvm/java-8-openjdk-i386/jre/lib/i386/libzip.so
b6365000-b6366000 r--p 00007000 08:01 1694470    /usr/lib/jvm/java-8-openjdk-i386/jre/lib/i386/libzip.so
b6366000-b6367000 rw-p 00008000 08:01 1694470    /usr/lib/jvm/java-8-openjdk-i386/jre/lib/i386/libzip.so
b6367000-b636f000 rw-s 00000000 08:01 2577946    /tmp/hsperfdata_sarnobat/1863
b636f000-b6397000 r-xp 00000000 08:01 1694461    /usr/lib/jvm/java-8-openjdk-i386/jre/lib/i386/libjava.so
b6397000-b6398000 r--p 00027000 08:01 1694461    /usr/lib/jvm/java-8-openjdk-i386/jre/lib/i386/libjava.so
b6398000-b6399000 rw-p 00028000 08:01 1694461    /usr/lib/jvm/java-8-openjdk-i386/jre/lib/i386/libjava.so
b6399000-b63a0000 r-xp 00000000 08:01 3402905    /lib/i386-linux-gnu/librt-2.23.so
b63a0000-b63a1000 r--p 00006000 08:01 3402905    /lib/i386-linux-gnu/librt-2.23.so
b63a1000-b63a2000 rw-p 00007000 08:01 3402905    /lib/i386-linux-gnu/librt-2.23.so
b63a2000-b63a5000 ---p 00000000 00:00 0 
b63a5000-b63f3000 rw-p 00000000 00:00 0 
b63f3000-b640f000 r-xp 00000000 08:01 3402590    /lib/i386-linux-gnu/libgcc_s.so.1
b640f000-b6410000 rw-p 0001b000 08:01 3402590    /lib/i386-linux-gnu/libgcc_s.so.1
b6410000-b6463000 r-xp 00000000 08:01 3402651    /lib/i386-linux-gnu/libm-2.23.so
b6463000-b6464000 r--p 00052000 08:01 3402651    /lib/i386-linux-gnu/libm-2.23.so
b6464000-b6465000 rw-p 00053000 08:01 3402651    /lib/i386-linux-gnu/libm-2.23.so
b6465000-b65d2000 r-xp 00000000 08:01 1104849    /usr/lib/i386-linux-gnu/libstdc++.so.6.0.21
b65d2000-b65d3000 ---p 0016d000 08:01 1104849    /usr/lib/i386-linux-gnu/libstdc++.so.6.0.21
b65d3000-b65d8000 r--p 0016d000 08:01 1104849    /usr/lib/i386-linux-gnu/libstdc++.so.6.0.21
b65d8000-b65d9000 rw-p 00172000 08:01 1104849    /usr/lib/i386-linux-gnu/libstdc++.so.6.0.21
b65d9000-b65dc000 rw-p 00000000 00:00 0 
b65dc000-b70b2000 r-xp 00000000 08:01 1694474    /usr/lib/jvm/java-8-openjdk-i386/jre/lib/i386/server/libjvm.so
b70b2000-b70b3000 ---p 00ad6000 08:01 1694474    /usr/lib/jvm/java-8-openjdk-i386/jre/lib/i386/server/libjvm.so
b70b3000-b70f9000 r--p 00ad6000 08:01 1694474    /usr/lib/jvm/java-8-openjdk-i386/jre/lib/i386/server/libjvm.so
b70f9000-b7110000 rw-p 00b1c000 08:01 1694474    /usr/lib/jvm/java-8-openjdk-i386/jre/lib/i386/server/libjvm.so
b7110000-b7530000 rw-p 00000000 00:00 0 
b7530000-b7549000 r-xp 00000000 08:01 3402662    /lib/i386-linux-gnu/libpthread-2.23.so
b7549000-b754a000 r--p 00018000 08:01 3402662    /lib/i386-linux-gnu/libpthread-2.23.so
b754a000-b754b000 rw-p 00019000 08:01 3402662    /lib/i386-linux-gnu/libpthread-2.23.so
b754b000-b754d000 rw-p 00000000 00:00 0 
b754d000-b7550000 r-xp 00000000 08:01 3402697    /lib/i386-linux-gnu/libdl-2.23.so
b7550000-b7551000 r--p 00002000 08:01 3402697    /lib/i386-linux-gnu/libdl-2.23.so
b7551000-b7552000 rw-p 00003000 08:01 3402697    /lib/i386-linux-gnu/libdl-2.23.so
b7552000-b7553000 rw-p 00000000 00:00 0 
b7553000-b756c000 r-xp 00000000 08:01 3402741    /lib/i386-linux-gnu/libz.so.1.2.8
b756c000-b756d000 r--p 00018000 08:01 3402741    /lib/i386-linux-gnu/libz.so.1.2.8
b756d000-b756e000 rw-p 00019000 08:01 3402741    /lib/i386-linux-gnu/libz.so.1.2.8
b756e000-b771e000 r-xp 00000000 08:01 3402663    /lib/i386-linux-gnu/libc-2.23.so
b771e000-b7720000 r--p 001af000 08:01 3402663    /lib/i386-linux-gnu/libc-2.23.so
b7720000-b7721000 rw-p 001b1000 08:01 3402663    /lib/i386-linux-gnu/libc-2.23.so
b7721000-b7724000 rw-p 00000000 00:00 0 
b7724000-b7725000 r--s 00010000 08:01 1694424    /usr/lib/jvm/java-8-openjdk-i386/jre/lib/ext/zipfs.jar
b7725000-b7726000 r--s 0000a000 08:01 1694431    /usr/lib/jvm/java-8-openjdk-i386/jre/lib/ext/jaccess.jar
b7726000-b7729000 r--s 00038000 08:01 1694426    /usr/lib/jvm/java-8-openjdk-i386/jre/lib/ext/sunpkcs11.jar
b7729000-b772a000 r--p 002d4000 08:01 1110568    /usr/lib/locale/locale-archive
b772a000-b772b000 rw-p 00000000 00:00 0 
b772b000-b772c000 ---p 00000000 00:00 0 
b772c000-b773a000 r-xp 00000000 08:01 1694447    /usr/lib/jvm/java-8-openjdk-i386/jre/lib/i386/libverify.so
b773a000-b773b000 r--p 0000d000 08:01 1694447    /usr/lib/jvm/java-8-openjdk-i386/jre/lib/i386/libverify.so
b773b000-b773c000 rw-p 0000e000 08:01 1694447    /usr/lib/jvm/java-8-openjdk-i386/jre/lib/i386/libverify.so
b773c000-b7749000 r-xp 00000000 08:01 1694471    /usr/lib/jvm/java-8-openjdk-i386/jre/lib/i386/jli/libjli.so
b7749000-b774a000 r--p 0000c000 08:01 1694471    /usr/lib/jvm/java-8-openjdk-i386/jre/lib/i386/jli/libjli.so
b774a000-b774b000 rw-p 0000d000 08:01 1694471    /usr/lib/jvm/java-8-openjdk-i386/jre/lib/i386/jli/libjli.so
b774b000-b774c000 rw-p 00000000 00:00 0 
b774c000-b774f000 r--p 00000000 00:00 0          [vvar]
b774f000-b7750000 r-xp 00000000 00:00 0          [vdso]
b7750000-b7773000 r-xp 00000000 08:01 3402661    /lib/i386-linux-gnu/ld-2.23.so
b7773000-b7774000 r--p 00022000 08:01 3402661    /lib/i386-linux-gnu/ld-2.23.so
b7774000-b7775000 rw-p 00023000 08:01 3402661    /lib/i386-linux-gnu/ld-2.23.so
bfd64000-bfd86000 rw-p 00000000 00:00 0          [stack]

VM Arguments:
jvm_args: -Dfile.encoding=UTF-8 
java_command: com.sentriot.proto.WebdavApplication
java_class_path (initial): /home/sarnobat/github/deprecated-webdav-server-tomcat-spring-boot/target/classes:/home/sarnobat/.m2/repository/javax/validation/validation-api/1.1.0.Final/validation-api-1.1.0.Final.jar:/home/sarnobat/.m2/repository/org/springframework/boot/spring-boot-starter/1.3.3.RELEASE/spring-boot-starter-1.3.3.RELEASE.jar:/home/sarnobat/.m2/repository/org/springframework/boot/spring-boot/1.3.3.RELEASE/spring-boot-1.3.3.RELEASE.jar:/home/sarnobat/.m2/repository/org/springframework/spring-core/4.2.5.RELEASE/spring-core-4.2.5.RELEASE.jar:/home/sarnobat/.m2/repository/org/springframework/spring-context/4.2.5.RELEASE/spring-context-4.2.5.RELEASE.jar:/home/sarnobat/.m2/repository/org/springframework/spring-aop/4.2.5.RELEASE/spring-aop-4.2.5.RELEASE.jar:/home/sarnobat/.m2/repository/aopalliance/aopalliance/1.0/aopalliance-1.0.jar:/home/sarnobat/.m2/repository/org/springframework/spring-beans/4.2.5.RELEASE/spring-beans-4.2.5.RELEASE.jar:/home/sarnobat/.m2/repository/org/springframework/spring-expression/4.2.5.RELEASE/spring-expression-4.2.5.RELEASE.jar:/home/sarnobat/.m2/repository/org/springframework/boot/spring-boot-autoconfigure/1.3.3.RELEASE/spring-boot-autoconfigure-1.3.3.RELEASE.jar:/home/sarnobat/.m2/repository/org/springframework/boot/spring-boot-starter-logging/1.3.3.RELEASE/spring-boot-starter-logging-1.3.3.RELEASE.jar:/home/sarnobat/.m2/repository/ch/qos/logback/logback-classic/1.1.5/logback-classic-1.1.5.jar:/home/sarnobat/.m2/repository/ch/qos/logback/logback-core/1.1.5/logback-core-1.1.5.jar:/home/sarnobat/.m2/repository/org/slf4j/slf4j-api/1.7.16/slf4j-api-1.7.16.jar:/home/sarnobat/.m2/repository/org/slf4j/jcl-over-slf4j/1.7.16/jcl-over-slf4j-1.7.16.jar:/home/sarnobat/.m2/repository/org/slf4j/jul-to-slf4j/1.7.16/jul-to-slf4j-1.7.16.jar:/home/sarnobat/.m2/repository/org/slf4j/log4j-over-slf4j/1.7.16/log4j-over-slf4j-1.7.16.jar:/home/sarnobat/.m2/repository/org/yaml/snakeyaml/1.16/snakeyaml-1.16.jar:/home/sarnobat/.m2/repository/org/springfram
Launcher Type: SUN_STANDARD

Environment Variables:
PATH=/usr/bin:/bin
SHELL=/bin/sh

Signal Handlers:
SIGSEGV: [libjvm.so+0x8dbb10], sa_mask[0]=11111111011111111101111111111110, sa_flags=SA_RESTART|SA_SIGINFO
SIGBUS: [libjvm.so+0x8dbb10], sa_mask[0]=11111111011111111101111111111110, sa_flags=SA_RESTART|SA_SIGINFO
SIGFPE: [libjvm.so+0x7404a0], sa_mask[0]=11111111011111111101111111111110, sa_flags=SA_RESTART|SA_SIGINFO
SIGPIPE: [libjvm.so+0x7404a0], sa_mask[0]=11111111011111111101111111111110, sa_flags=SA_RESTART|SA_SIGINFO
SIGXFSZ: [libjvm.so+0x7404a0], sa_mask[0]=11111111011111111101111111111110, sa_flags=SA_RESTART|SA_SIGINFO
SIGILL: [libjvm.so+0x7404a0], sa_mask[0]=11111111011111111101111111111110, sa_flags=SA_RESTART|SA_SIGINFO
SIGUSR1: SIG_DFL, sa_mask[0]=00000000000000000000000000000000, sa_flags=none
SIGUSR2: [libjvm.so+0x7402e0], sa_mask[0]=00000000000000000000000000000000, sa_flags=SA_RESTART|SA_SIGINFO
SIGHUP: [libjvm.so+0x740a70], sa_mask[0]=11111111011111111101111111111110, sa_flags=SA_RESTART|SA_SIGINFO
SIGINT: [libjvm.so+0x740a70], sa_mask[0]=11111111011111111101111111111110, sa_flags=SA_RESTART|SA_SIGINFO
SIGTERM: [libjvm.so+0x740a70], sa_mask[0]=11111111011111111101111111111110, sa_flags=SA_RESTART|SA_SIGINFO
SIGQUIT: [libjvm.so+0x740a70], sa_mask[0]=11111111011111111101111111111110, sa_flags=SA_RESTART|SA_SIGINFO


---------------  S Y S T E M  ---------------

OS:DISTRIB_ID=Ubuntu
DISTRIB_RELEASE=16.04
DISTRIB_CODENAME=xenial
DISTRIB_DESCRIPTION="Ubuntu 16.04.1 LTS"

uname:Linux 4.4.0-121-generic #145-Ubuntu SMP Fri Apr 13 13:46:32 UTC 2018 i686
libc:glibc 2.23 NPTL 2.23 
rlimit: STACK 8192k, CORE 0k, NPROC 63044, NOFILE 1048576, AS infinity
load average:150.17 141.95 120.18

/proc/meminfo:
MemTotal:        8107388 kB
MemFree:          280744 kB
MemAvailable:          0 kB
Buffers:           24240 kB
Cached:           174784 kB
SwapCached:        12720 kB
Active:          6412152 kB
Inactive:        1202100 kB
Active(anon):    6319160 kB
Inactive(anon):  1132676 kB
Active(file):      92992 kB
Inactive(file):    69424 kB
Unevictable:           0 kB
Mlocked:               0 kB
HighTotal:       7292552 kB
HighFree:            800 kB
LowTotal:         814836 kB
LowFree:          279944 kB
SwapTotal:       4007932 kB
SwapFree:              0 kB
Dirty:               336 kB
Writeback:             0 kB
AnonPages:       7402852 kB
Mapped:            83916 kB
Shmem:             36468 kB
Slab:              89352 kB
SReclaimable:      36824 kB
SUnreclaim:        52528 kB
KernelStack:       19184 kB
PageTables:        51424 kB
NFS_Unstable:          0 kB
Bounce:                0 kB
WritebackTmp:          0 kB
CommitLimit:     8061624 kB
Committed_AS:   23588408 kB
VmallocTotal:     122880 kB
VmallocUsed:           0 kB
VmallocChunk:          0 kB
AnonHugePages:         0 kB
CmaTotal:              0 kB
CmaFree:               0 kB
HugePages_Total:       0
HugePages_Free:        0
HugePages_Rsvd:        0
HugePages_Surp:        0
Hugepagesize:       2048 kB
DirectMap4k:       47096 kB
DirectMap2M:      864256 kB


CPU:total 4 (initial active 4) (2 cores per cpu, 2 threads per core) family 6 model 58 stepping 9, cmov, cx8, fxsr, mmx, sse, sse2, sse3, ssse3, sse4.1, sse4.2, popcnt, avx, aes, clmul, erms, ht, tsc, tscinvbit, tscinv

/proc/cpuinfo:
processor	: 0
vendor_id	: GenuineIntel
cpu family	: 6
model		: 58
model name	: Intel(R) Core(TM) i5-3427U CPU @ 1.80GHz
stepping	: 9
microcode	: 0x17
cpu MHz		: 1871.894
cache size	: 3072 KB
physical id	: 0
siblings	: 4
core id		: 0
cpu cores	: 2
apicid		: 0
initial apicid	: 0
fdiv_bug	: no
f00f_bug	: no
coma_bug	: no
fpu		: yes
fpu_exception	: yes
cpuid level	: 13
wp		: yes
flags		: fpu vme de pse tsc msr pae mce cx8 apic sep mtrr pge mca cmov pat pse36 clflush dts acpi mmx fxsr sse sse2 ss ht tm pbe nx rdtscp lm constant_tsc arch_perfmon pebs bts xtopology nonstop_tsc aperfmperf eagerfpu pni pclmulqdq dtes64 monitor ds_cpl vmx smx est tm2 ssse3 cx16 xtpr pdcm sse4_1 sse4_2 x2apic popcnt tsc_deadline_timer aes xsave avx f16c rdrand lahf_lm epb retpoline tpr_shadow vnmi flexpriority ept vpid fsgsbase smep erms xsaveopt dtherm ida arat pln pts
bugs		: cpu_meltdown spectre_v1 spectre_v2
bogomips	: 4589.45
clflush size	: 64
cache_alignment	: 64
address sizes	: 36 bits physical, 48 bits virtual
power management:

processor	: 1
vendor_id	: GenuineIntel
cpu family	: 6
model		: 58
model name	: Intel(R) Core(TM) i5-3427U CPU @ 1.80GHz
stepping	: 9
microcode	: 0x17
cpu MHz		: 1899.925
cache size	: 3072 KB
physical id	: 0
siblings	: 4
core id		: 1
cpu cores	: 2
apicid		: 2
initial apicid	: 2
fdiv_bug	: no
f00f_bug	: no
coma_bug	: no
fpu		: yes
fpu_exception	: yes
cpuid level	: 13
wp		: yes
flags		: fpu vme de pse tsc msr pae mce cx8 apic sep mtrr pge mca cmov pat pse36 clflush dts acpi mmx fxsr sse sse2 ss ht tm pbe nx rdtscp lm constant_tsc arch_perfmon pebs bts xtopology nonstop_tsc aperfmperf eagerfpu pni pclmulqdq dtes64 monitor ds_cpl vmx smx est tm2 ssse3 cx16 xtpr pdcm sse4_1 sse4_2 x2apic popcnt tsc_deadline_timer aes xsave avx f16c rdrand lahf_lm epb retpoline tpr_shadow vnmi flexpriority ept vpid fsgsbase smep erms xsaveopt dtherm ida arat pln pts
bugs		: cpu_meltdown spectre_v1 spectre_v2
bogomips	: 4589.45
clflush size	: 64
cache_alignment	: 64
address sizes	: 36 bits physical, 48 bits virtual
power management:

processor	: 2
vendor_id	: GenuineIntel
cpu family	: 6
model		: 58
model name	: Intel(R) Core(TM) i5-3427U CPU @ 1.80GHz
stepping	: 9
microcode	: 0x17
cpu MHz		: 1871.894
cache size	: 3072 KB
physical id	: 0
siblings	: 4
core id		: 0
cpu cores	: 2
apicid		: 1
initial apicid	: 1
fdiv_bug	: no
f00f_bug	: no
coma_bug	: no
fpu		: yes
fpu_exception	: yes
cpuid level	: 13
wp		: yes
flags		: fpu vme de pse tsc msr pae mce cx8 apic sep mtrr pge mca cmov pat pse36 clflush dts acpi mmx fxsr sse sse2 ss ht tm pbe nx rdtscp lm constant_tsc arch_perfmon pebs bts xtopology nonstop_tsc aperfmperf eagerfpu pni pclmulqdq dtes64 monitor ds_cpl vmx smx est tm2 ssse3 cx16 xtpr pdcm sse4_1 sse4_2 x2apic popcnt tsc_deadline_timer aes xsave avx f16c rdrand lahf_lm epb retpoline tpr_shadow vnmi flexpriority ept vpid fsgsbase smep erms xsaveopt dtherm ida arat pln pts
bugs		: cpu_meltdown spectre_v1 spectre_v2
bogomips	: 4589.45
clflush size	: 64
cache_alignment	: 64
address sizes	: 36 bits physical, 48 bits virtual
power management:

processor	: 3
vendor_id	: GenuineIntel
cpu family	: 6
model		: 58
model name	: Intel(R) Core(TM) i5-3427U CPU @ 1.80GHz
stepping	: 9
microcode	: 0x17
cpu MHz		: 1871.984
cache size	: 3072 KB
physical id	: 0
siblings	: 4
core id		: 1
cpu cores	: 2
apicid		: 3
initial apicid	: 3
fdiv_bug	: no
f00f_bug	: no
coma_bug	: no
fpu		: yes
fpu_exception	: yes
cpuid level	: 13
wp		: yes
flags		: fpu vme de pse tsc msr pae mce cx8 apic sep mtrr pge mca cmov pat pse36 clflush dts acpi mmx fxsr sse sse2 ss ht tm pbe nx rdtscp lm constant_tsc arch_perfmon pebs bts xtopology nonstop_tsc aperfmperf eagerfpu pni pclmulqdq dtes64 monitor ds_cpl vmx smx est tm2 ssse3 cx16 xtpr pdcm sse4_1 sse4_2 x2apic popcnt tsc_deadline_timer aes xsave avx f16c rdrand lahf_lm epb retpoline tpr_shadow vnmi flexpriority ept vpid fsgsbase smep erms xsaveopt dtherm ida arat pln pts
bugs		: cpu_meltdown spectre_v1 spectre_v2
bogomips	: 4589.45
clflush size	: 64
cache_alignment	: 64
address sizes	: 36 bits physical, 48 bits virtual
power management:



Memory: 4k page, physical 8107388k(280744k free), swap 4007932k(0k free)

vm_info: OpenJDK Server VM (25.171-b11) for linux-x86 JRE (1.8.0_171-8u171-b11-0ubuntu0.16.04.1-b11), built on Apr 27 2018 17:11:40 by "buildd" with gcc 5.4.0 20160609

time: Fri Jun  1 20:40:04 2018
elapsed time: 3 seconds (0d 0h 0m 3s)

