#
# There is insufficient memory for the Java Runtime Environment to continue.
# Native memory allocation (mmap) failed to map 17039360 bytes for committing reserved memory.
# Possible reasons:
#   The system is out of physical RAM or swap space
#   In 32 bit mode, the process size limit was hit
# Possible solutions:
#   Reduce memory load on the system
#   Increase physical memory or swap space
#   Check if swap backing store is full
#   Use 64 bit Java on a 64 bit OS
#   Decrease Java heap size (-Xmx/-Xms)
#   Decrease number of Java threads
#   Decrease Java thread stack sizes (-Xss)
#   Set larger code cache with -XX:ReservedCodeCacheSize=
# This output file may be truncated or incomplete.
#
#  Out of Memory Error (os_linux.cpp:2643), pid=14437, tid=0x638e5b40
#
# JRE version: OpenJDK Runtime Environment (8.0_162-b12) (build 1.8.0_162-8u162-b12-0ubuntu0.16.04.2-b12)
# Java VM: OpenJDK Server VM (25.162-b12 mixed mode linux-x86 )
# Failed to write core dump. Core dumps have been disabled. To enable core dumping, try "ulimit -c unlimited" before starting Java again
#

---------------  T H R E A D  ---------------

Current thread (0x63781000):  VMThread [stack: 0x63865000,0x638e6000] [id=14581]

Stack: [0x63865000,0x638e6000],  sp=0x638e4b40,  free space=510k
Native frames: (J=compiled Java code, j=interpreted, Vv=VM code, C=native code)
V  [libjvm.so+0x8da814]
V  [libjvm.so+0x3a9046]
V  [libjvm.so+0x744ce0]
V  [libjvm.so+0x73eb53]
V  [libjvm.so+0x7b0e1c]
V  [libjvm.so+0x7b1e5b]
V  [libjvm.so+0x7ae917]
V  [libjvm.so+0x7af163]
V  [libjvm.so+0x767f15]
V  [libjvm.so+0x8dc3d9]
V  [libjvm.so+0x8e1536]
V  [libjvm.so+0x8df620]
V  [libjvm.so+0x8dfdbb]
V  [libjvm.so+0x8e037b]
V  [libjvm.so+0x741e15]
C  [libpthread.so.0+0x6295]  start_thread+0xe5

VM_Operation (0xb63cf714): ParallelGCFailedAllocation, mode: safepoint, requested by thread 0xb620ac00


---------------  P R O C E S S  ---------------

Java Threads: ( => current thread )
  0x60fea800 JavaThread "background-preinit" [_thread_blocked, id=14699, stack(0x60caf000,0x60d00000)]
  0x637aa400 JavaThread "Service Thread" daemon [_thread_blocked, id=14690, stack(0x630db000,0x6312c000)]
  0x637a7400 JavaThread "C1 CompilerThread2" daemon [_thread_blocked, id=14689, stack(0x6312c000,0x631ad000)]
  0x637a5c00 JavaThread "C2 CompilerThread1" daemon [_thread_blocked, id=14688, stack(0x631ad000,0x6322e000)]
  0x637a4000 JavaThread "C2 CompilerThread0" daemon [_thread_blocked, id=14687, stack(0x6322e000,0x632af000)]
  0x637a2800 JavaThread "Signal Dispatcher" daemon [_thread_blocked, id=14685, stack(0x632af000,0x63300000)]
  0x63788800 JavaThread "Finalizer" daemon [_thread_blocked, id=14617, stack(0x63814000,0x63865000)]
  0x63785c00 JavaThread "Reference Handler" daemon [_thread_blocked, id=14607, stack(0x6642e000,0x6647f000)]
  0xb620ac00 JavaThread "main" [_thread_blocked, id=14464, stack(0xb6380000,0xb63d1000)]

Other Threads:
=>0x63781000 VMThread [stack: 0x63865000,0x638e6000] [id=14581]
  0x637abc00 WatcherThread [stack: 0x6305a000,0x630db000] [id=14691]

VM state:at safepoint (normal execution)

VM Mutex/Monitor currently owned by a thread:  ([mutex/lock_event])
[0xb62080c0] Threads_lock - owner thread: 0x63781000
[0xb62084d0] Heap_lock - owner thread: 0xb620ac00

Heap:
 PSYoungGen      total 19200K, used 2555K [0x918c0000, 0x92e00000, 0xa6e00000)
  eden space 16640K, 0% used [0x918c0000,0x918c0000,0x92900000)
  from space 2560K, 99% used [0x92900000,0x92b7ef90,0x92b80000)
  to   space 2560K, 0% used [0x92b80000,0x92b80000,0x92e00000)
 ParOldGen       total 43776K, used 6952K [0x66e00000, 0x698c0000, 0x918c0000)
  object space 43776K, 15% used [0x66e00000,0x674ca178,0x698c0000)
 Metaspace       used 8280K, capacity 8335K, committed 8344K, reserved 8496K

Card table byte_map: [0x66bff000,0x66e00000] byte_map_base: 0x668c8000

Marking Bits: (ParMarkBitMap*) 0xb70fb8a0
 Begin Bits: [0x64300000, 0x65300000)
 End Bits:   [0x65300000, 0x66300000)

Polling page: 0xb7708000

CodeCache: size=245760Kb used=2440Kb max_used=2455Kb free=243319Kb
 bounds [0xa71ed000, 0xa7455000, 0xb61ed000]
 total_blobs=989 nmethods=816 adapters=88
 compilation: enabled

Compilation events (10 events):
Event: 6.247 Thread 0x637a4000  813       4       java.util.HashSet::add (20 bytes)
Event: 6.360 Thread 0x637a7400  814       1       ch.qos.logback.core.pattern.Converter::getNext (5 bytes)
Event: 6.360 Thread 0x637a7400 nmethod 814 0xa744ebc8 code [0xa744ecc0, 0xa744ed60]
Event: 6.371 Thread 0x637a7400  815       3       java.io.UnixFileSystem::normalize (75 bytes)
Event: 6.372 Thread 0x637a7400 nmethod 815 0xa744e288 code [0xa744e400, 0xa744e8c4]
Event: 6.393 Thread 0x637a7400  816       3       java.util.HashMap::get (23 bytes)
Event: 6.394 Thread 0x637a7400 nmethod 816 0xa744dd08 code [0xa744de40, 0xa744e138]
Event: 6.421 Thread 0x637a7400  817       3       java.util.HashMap::<init> (11 bytes)
Event: 6.421 Thread 0x637a7400 nmethod 817 0xa744f508 code [0xa744f620, 0xa744f780]
Event: 6.475 Thread 0x637a4000 nmethod 813 0xa7451fc8 code [0xa74521c0, 0xa74531f8]

GC Heap History (5 events):
Event: 3.525 GC heap before
{Heap before GC invocations=1 (full 0):
 PSYoungGen      total 19200K, used 16640K [0x918c0000, 0x92e00000, 0xa6e00000)
  eden space 16640K, 100% used [0x918c0000,0x92900000,0x92900000)
  from space 2560K, 0% used [0x92b80000,0x92b80000,0x92e00000)
  to   space 2560K, 0% used [0x92900000,0x92900000,0x92b80000)
 ParOldGen       total 43776K, used 0K [0x66e00000, 0x698c0000, 0x918c0000)
  object space 43776K, 0% used [0x66e00000,0x66e00000,0x698c0000)
 Metaspace       used 4710K, capacity 4751K, committed 4760K, reserved 5424K
Event: 3.532 GC heap after
Heap after GC invocations=1 (full 0):
 PSYoungGen      total 19200K, used 2555K [0x918c0000, 0x92e00000, 0xa6e00000)
  eden space 16640K, 0% used [0x918c0000,0x918c0000,0x92900000)
  from space 2560K, 99% used [0x92900000,0x92b7ed70,0x92b80000)
  to   space 2560K, 0% used [0x92b80000,0x92b80000,0x92e00000)
 ParOldGen       total 43776K, used 504K [0x66e00000, 0x698c0000, 0x918c0000)
  object space 43776K, 1% used [0x66e00000,0x66e7e078,0x698c0000)
 Metaspace       used 4710K, capacity 4751K, committed 4760K, reserved 5424K
}
Event: 5.074 GC heap before
{Heap before GC invocations=2 (full 0):
 PSYoungGen      total 19200K, used 19195K [0x918c0000, 0x92e00000, 0xa6e00000)
  eden space 16640K, 100% used [0x918c0000,0x92900000,0x92900000)
  from space 2560K, 99% used [0x92900000,0x92b7ed70,0x92b80000)
  to   space 2560K, 0% used [0x92b80000,0x92b80000,0x92e00000)
 ParOldGen       total 43776K, used 504K [0x66e00000, 0x698c0000, 0x918c0000)
  object space 43776K, 1% used [0x66e00000,0x66e7e078,0x698c0000)
 Metaspace       used 6676K, capacity 6703K, committed 6808K, reserved 7472K
Event: 5.091 GC heap after
Heap after GC invocations=2 (full 0):
 PSYoungGen      total 19200K, used 2549K [0x918c0000, 0x92e00000, 0xa6e00000)
  eden space 16640K, 0% used [0x918c0000,0x918c0000,0x92900000)
  from space 2560K, 99% used [0x92b80000,0x92dfd718,0x92e00000)
  to   space 2560K, 0% used [0x92900000,0x92900000,0x92b80000)
 ParOldGen       total 43776K, used 4471K [0x66e00000, 0x698c0000, 0x918c0000)
  object space 43776K, 10% used [0x66e00000,0x6725dc10,0x698c0000)
 Metaspace       used 6676K, capacity 6703K, committed 6808K, reserved 7472K
}
Event: 6.500 GC heap before
{Heap before GC invocations=3 (full 0):
 PSYoungGen      total 19200K, used 19189K [0x918c0000, 0x92e00000, 0xa6e00000)
  eden space 16640K, 100% used [0x918c0000,0x92900000,0x92900000)
  from space 2560K, 99% used [0x92b80000,0x92dfd718,0x92e00000)
  to   space 2560K, 0% used [0x92900000,0x92900000,0x92b80000)
 ParOldGen       total 43776K, used 4471K [0x66e00000, 0x698c0000, 0x918c0000)
  object space 43776K, 10% used [0x66e00000,0x6725dc10,0x698c0000)
 Metaspace       used 8280K, capacity 8335K, committed 8344K, reserved 8496K

Deoptimization events (5 events):
Event: 1.675 Thread 0xb620ac00 Uncommon trap: reason=unstable_if action=reinterpret pc=0xa72faa24 method=java.lang.String.replace(CC)Ljava/lang/String; @ 26
Event: 3.221 Thread 0xb620ac00 Uncommon trap: reason=unstable_if action=reinterpret pc=0xa72e3300 method=java.lang.String.indexOf([CII[CIII)I @ 3
Event: 4.247 Thread 0x60fea800 Uncommon trap: reason=unstable_if action=reinterpret pc=0xa7361848 method=sun.misc.URLClassPath$JarLoader.getResource(Ljava/lang/String;Z)Lsun/misc/Resource; @ 15
Event: 6.326 Thread 0xb620ac00 Uncommon trap: reason=unstable_if action=reinterpret pc=0xa7364990 method=java.io.UnixFileSystem.normalize(Ljava/lang/String;)Ljava/lang/String; @ 60
Event: 6.349 Thread 0xb620ac00 Uncommon trap: reason=unstable_if action=reinterpret pc=0xa73e12f8 method=java.util.HashMap.hash(Ljava/lang/Object;)I @ 1

Classes redefined (0 events):
No events

Internal exceptions (10 events):
Event: 2.529 Thread 0xb620ac00 Exception <a 'java/lang/ArrayIndexOutOfBoundsException'> (0x923aa310) thrown at [/build/openjdk-8-2Hm3Za/openjdk-8-8u162-b12/src/hotspot/src/share/vm/runtime/sharedRuntime.cpp, line 605]
Event: 2.538 Thread 0xb620ac00 Exception <a 'java/lang/ArrayIndexOutOfBoundsException'> (0x923b13c0) thrown at [/build/openjdk-8-2Hm3Za/openjdk-8-8u162-b12/src/hotspot/src/share/vm/runtime/sharedRuntime.cpp, line 605]
Event: 2.687 Thread 0xb620ac00 Exception <a 'java/lang/ArrayIndexOutOfBoundsException'> (0x92438628) thrown at [/build/openjdk-8-2Hm3Za/openjdk-8-8u162-b12/src/hotspot/src/share/vm/runtime/sharedRuntime.cpp, line 605]
Event: 2.688 Thread 0xb620ac00 Exception <a 'java/lang/ArrayIndexOutOfBoundsException'> (0x9243f648) thrown at [/build/openjdk-8-2Hm3Za/openjdk-8-8u162-b12/src/hotspot/src/share/vm/runtime/sharedRuntime.cpp, line 605]
Event: 2.698 Thread 0xb620ac00 Exception <a 'java/lang/ArrayIndexOutOfBoundsException'> (0x92447300) thrown at [/build/openjdk-8-2Hm3Za/openjdk-8-8u162-b12/src/hotspot/src/share/vm/runtime/sharedRuntime.cpp, line 605]
Event: 3.427 Thread 0xb620ac00 Exception <a 'java/io/FileNotFoundException'> (0x92799eb0) thrown at [/build/openjdk-8-2Hm3Za/openjdk-8-8u162-b12/src/hotspot/src/share/vm/prims/jni.cpp, line 709]
Event: 4.104 Thread 0xb620ac00 Exception <a 'java/lang/ClassNotFoundException': java/lang/ObjectCustomizer> (0x91e6ff20) thrown at [/build/openjdk-8-2Hm3Za/openjdk-8-8u162-b12/src/hotspot/src/share/vm/classfile/systemDictionary.cpp, line 210]
Event: 4.193 Thread 0xb620ac00 Exception <a 'java/lang/ClassNotFoundException': org/springframework/boot/SpringApplicationCustomizer> (0x91e860a8) thrown at [/build/openjdk-8-2Hm3Za/openjdk-8-8u162-b12/src/hotspot/src/share/vm/classfile/systemDictionary.cpp, line 210]
Event: 6.335 Thread 0xb620ac00 Exception <a 'java/lang/NoSuchMethodError': org.slf4j.impl.StaticMDCBinder.getSingleton()Lorg/slf4j/impl/StaticMDCBinder;> (0x925ce638) thrown at [/build/openjdk-8-2Hm3Za/openjdk-8-8u162-b12/src/hotspot/src/share/vm/interpreter/linkResolver.cpp, line 620]
Event: 6.349 Thread 0xb620ac00 Implicit null exception at 0xa73e113e to 0xa73e12e9

Events (10 events):
Event: 6.489 loading class com/fasterxml/jackson/databind/ser/std/NonTypedScalarSerializerBase done
Event: 6.490 loading class groovy/lang/MetaClass
Event: 6.490 loading class groovy/lang/MetaClass done
Event: 6.490 loading class groovy/lang$MetaClass
Event: 6.490 loading class groovy/lang$MetaClass done
Event: 6.490 loading class org/springframework/boot/autoconfigure/SpringBootApplication
Event: 6.490 loading class org/springframework/boot/autoconfigure/SpringBootApplication done
Event: 6.495 loading class com/fasterxml/jackson/databind/ser/std/NumberSerializers
Event: 6.495 loading class com/fasterxml/jackson/databind/ser/std/NumberSerializers done
Event: 6.499 Executing VM operation: RevokeBias


Dynamic libraries:
08048000-08049000 r-xp 00000000 08:01 1693449    /usr/lib/jvm/java-8-openjdk-i386/jre/bin/java
08049000-0804a000 r--p 00000000 08:01 1693449    /usr/lib/jvm/java-8-openjdk-i386/jre/bin/java
0804a000-0804b000 rw-p 00001000 08:01 1693449    /usr/lib/jvm/java-8-openjdk-i386/jre/bin/java
08791000-087b2000 rw-p 00000000 00:00 0          [heap]
60500000-60562000 rw-p 00000000 00:00 0 
60562000-60600000 ---p 00000000 00:00 0 
60600000-606e0000 rw-p 00000000 00:00 0 
606e0000-60700000 ---p 00000000 00:00 0 
60700000-60760000 rw-p 00000000 00:00 0 
60760000-60800000 ---p 00000000 00:00 0 
60800000-60900000 rw-p 00000000 00:00 0 
60900000-6098a000 rw-p 00000000 00:00 0 
6098a000-60a00000 ---p 00000000 00:00 0 
60a00000-60b00000 rw-p 00000000 00:00 0 
60b00000-60bfe000 rw-p 00000000 00:00 0 
60bfe000-60c00000 ---p 00000000 00:00 0 
60caf000-60cb2000 ---p 00000000 00:00 0 
60cb2000-60d00000 rw-p 00000000 00:00 0 
60d00000-60dfe000 rw-p 00000000 00:00 0 
60dfe000-60e00000 ---p 00000000 00:00 0 
60e00000-60f00000 rw-p 00000000 00:00 0 
60f00000-60ff7000 rw-p 00000000 00:00 0 
60ff7000-61000000 ---p 00000000 00:00 0 
61000000-610f9000 rw-p 00000000 00:00 0 
610f9000-61100000 ---p 00000000 00:00 0 
61100000-61200000 rw-p 00000000 00:00 0 
6122b000-61234000 r-xp 00000000 08:01 1693434    /usr/lib/jvm/java-8-openjdk-i386/jre/lib/i386/libmanagement.so
61234000-61235000 r--p 00008000 08:01 1693434    /usr/lib/jvm/java-8-openjdk-i386/jre/lib/i386/libmanagement.so
61235000-61236000 rw-p 00009000 08:01 1693434    /usr/lib/jvm/java-8-openjdk-i386/jre/lib/i386/libmanagement.so
61236000-6123b000 r--s 002f9000 08:01 1692594    /usr/lib/jvm/java-8-openjdk-i386/jre/lib/charsets.jar
6123b000-61249000 r--s 0007c000 08:01 2657517    /home/sarnobat/.m2/repository/org/springframework/spring-test/4.2.5.RELEASE/spring-test-4.2.5.RELEASE.jar
61249000-6124a000 r--s 0000c000 08:01 2796529    /home/sarnobat/.m2/repository/org/hamcrest/hamcrest-library/1.3/hamcrest-library-1.3.jar
6124a000-6124c000 r--s 00009000 08:01 2657515    /home/sarnobat/.m2/repository/org/objenesis/objenesis/2.1/objenesis-2.1.jar
6124c000-61268000 r--s 00103000 08:01 2657513    /home/sarnobat/.m2/repository/org/mockito/mockito-core/1.10.19/mockito-core-1.10.19.jar
61268000-6126a000 r--s 00009000 08:01 2733514    /home/sarnobat/.m2/repository/org/hamcrest/hamcrest-core/1.3/hamcrest-core-1.3.jar
6126a000-61272000 r--s 00045000 08:01 2495292    /home/sarnobat/.m2/repository/junit/junit/4.12/junit-4.12.jar
61272000-61273000 r--s 00000000 08:01 2657494    /home/sarnobat/.m2/repository/org/springframework/boot/spring-boot-starter-test/1.3.3.RELEASE/spring-boot-starter-test-1.3.3.RELEASE.jar
61273000-61277000 r--s 0002e000 08:01 2657508    /home/sarnobat/.m2/repository/org/apache/tomcat/tomcat-util-scan/9.0.0.M4/tomcat-util-scan-9.0.0.M4.jar
61277000-6127b000 r--s 0001b000 08:01 2657505    /home/sarnobat/.m2/repository/org/apache/tomcat/tomcat-util/9.0.0.M4/tomcat-util-9.0.0.M4.jar
6127b000-61286000 r--s 000aa000 08:01 2657491    /home/sarnobat/.m2/repository/org/apache/tomcat/tomcat-coyote/9.0.0.M4/tomcat-coyote-9.0.0.M4.jar
61286000-61288000 r--s 00007000 08:01 2657486    /home/sarnobat/.m2/repository/org/apache/tomcat/tomcat-jni/9.0.0.M4/tomcat-jni-9.0.0.M4.jar
61288000-6128a000 r--s 00003000 08:01 2650170    /home/sarnobat/.m2/repository/org/apache/tomcat/tomcat-annotations-api/9.0.0.M4/tomcat-annotations-api-9.0.0.M4.jar
6128a000-6128c000 r--s 00012000 08:01 2650160    /home/sarnobat/.m2/repository/org/apache/tomcat/tomcat-el-api/8.0.32/tomcat-el-api-8.0.32.jar
6128c000-61290000 r--s 00040000 08:01 2650150    /home/sarnobat/.m2/repository/org/apache/tomcat/tomcat-servlet-api/9.0.0.M4/tomcat-servlet-api-9.0.0.M4.jar
61290000-612a4000 r--s 0016e000 08:01 2650148    /home/sarnobat/.m2/repository/org/apache/tomcat/tomcat-catalina/9.0.0.M4/tomcat-catalina-9.0.0.M4.jar
612a4000-612b5000 r--s 000c6000 08:01 2650135    /home/sarnobat/.m2/repository/org/springframework/spring-webmvc/4.2.5.RELEASE/spring-webmvc-4.2.5.RELEASE.jar
612b5000-612c6000 r--s 000ab000 08:01 2650132    /home/sarnobat/.m2/repository/org/springframework/spring-web/4.2.5.RELEASE/spring-web-4.2.5.RELEASE.jar
612c6000-612d7000 r--s 0010d000 08:01 2796572    /home/sarnobat/.m2/repository/com/fasterxml/jackson/core/jackson-databind/2.6.5/jackson-databind-2.6.5.jar
612d7000-612e7000 r--s 0009c000 08:01 2650102    /home/sarnobat/.m2/repository/org/hibernate/hibernate-validator/5.2.4.Final/hibernate-validator-5.2.4.Final.jar
612e7000-62ee8000 rw-p 00000000 00:00 0 
62ee8000-62efe000 r-xp 00000000 08:01 1693426    /usr/lib/jvm/java-8-openjdk-i386/jre/lib/i386/libnet.so
62efe000-62eff000 r--p 00015000 08:01 1693426    /usr/lib/jvm/java-8-openjdk-i386/jre/lib/i386/libnet.so
62eff000-62f00000 rw-p 00016000 08:01 1693426    /usr/lib/jvm/java-8-openjdk-i386/jre/lib/i386/libnet.so
62f00000-62ffc000 rw-p 00000000 00:00 0 
62ffc000-63000000 ---p 00000000 00:00 0 
63000000-63002000 r--s 0000d000 08:01 2650157    /home/sarnobat/.m2/repository/org/apache/tomcat/tomcat-jsp-api/8.0.32/tomcat-jsp-api-8.0.32.jar
63002000-63006000 r--s 0003c000 08:01 2796576    /home/sarnobat/.m2/repository/com/fasterxml/jackson/core/jackson-core/2.6.5/jackson-core-2.6.5.jar
63006000-63009000 r--s 00009000 08:01 2796574    /home/sarnobat/.m2/repository/com/fasterxml/jackson/core/jackson-annotations/2.6.5/jackson-annotations-2.6.5.jar
63009000-6300b000 r--s 0000e000 08:01 2796570    /home/sarnobat/.m2/repository/com/fasterxml/classmate/1.1.0/classmate-1.1.0.jar
6300b000-6301c000 r-xp 00000000 08:01 1693431    /usr/lib/jvm/java-8-openjdk-i386/jre/lib/i386/libnio.so
6301c000-6301d000 r--p 00010000 08:01 1693431    /usr/lib/jvm/java-8-openjdk-i386/jre/lib/i386/libnio.so
6301d000-6301e000 rw-p 00011000 08:01 1693431    /usr/lib/jvm/java-8-openjdk-i386/jre/lib/i386/libnio.so
6301e000-63043000 r--s 00290000 08:01 2650039    /home/sarnobat/.m2/repository/org/apache/tomcat/embed/tomcat-embed-core/8.0.32/tomcat-embed-core-8.0.32.jar
63043000-6305a000 r--s 000a2000 08:01 2641678    /home/sarnobat/.m2/repository/org/springframework/boot/spring-boot-autoconfigure/1.3.3.RELEASE/spring-boot-autoconfigure-1.3.3.RELEASE.jar
6305a000-6305b000 ---p 00000000 00:00 0 
6305b000-630db000 rw-p 00000000 00:00 0 
630db000-630de000 ---p 00000000 00:00 0 
630de000-6312c000 rw-p 00000000 00:00 0 
6312c000-6312f000 ---p 00000000 00:00 0 
6312f000-631ad000 rw-p 00000000 00:00 0 
631ad000-631b0000 ---p 00000000 00:00 0 
631b0000-6322e000 rw-p 00000000 00:00 0 
6322e000-63231000 ---p 00000000 00:00 0 
63231000-632af000 rw-p 00000000 00:00 0 
632af000-632b2000 ---p 00000000 00:00 0 
632b2000-63300000 rw-p 00000000 00:00 0 
63300000-63500000 r--p 00000000 08:01 1110568    /usr/lib/locale/locale-archive
63500000-635f4000 rw-p 00000000 00:00 0 
635f4000-63600000 ---p 00000000 00:00 0 
63600000-63621000 rw-p 00000000 00:00 0 
63621000-63700000 ---p 00000000 00:00 0 
63700000-63800000 rw-p 00000000 00:00 0 
63800000-63801000 r--s 00002000 08:01 2650198    /home/sarnobat/.m2/repository/org/apache/tomcat/tomcat-api/9.0.0.M4/tomcat-api-9.0.0.M4.jar
63801000-63803000 r--s 0000f000 08:01 2650129    /home/sarnobat/.m2/repository/org/jboss/logging/jboss-logging/3.3.0.Final/jboss-logging-3.3.0.Final.jar
63803000-63809000 r--s 00037000 08:01 2650084    /home/sarnobat/.m2/repository/org/apache/tomcat/embed/tomcat-embed-websocket/8.0.32/tomcat-embed-websocket-8.0.32.jar
63809000-6380e000 r--s 00036000 08:01 2650043    /home/sarnobat/.m2/repository/org/apache/tomcat/embed/tomcat-embed-el/8.0.32/tomcat-embed-el-8.0.32.jar
6380e000-63814000 r--s 0003c000 08:01 2650030    /home/sarnobat/.m2/repository/org/yaml/snakeyaml/1.16/snakeyaml-1.16.jar
63814000-63817000 ---p 00000000 00:00 0 
63817000-63865000 rw-p 00000000 00:00 0 
63865000-63866000 ---p 00000000 00:00 0 
63866000-638e6000 rw-p 00000000 00:00 0 
638e6000-63ab4000 r--s 03c2c000 08:01 1692598    /usr/lib/jvm/java-8-openjdk-i386/jre/lib/rt.jar
63ab4000-63efa000 rw-p 00000000 00:00 0 
63efa000-63f00000 ---p 00000000 00:00 0 
63f00000-66300000 rw-p 00000000 00:00 0 
66300000-663be000 rw-p 00000000 00:00 0 
663be000-66400000 ---p 00000000 00:00 0 
66400000-66401000 r--s 00009000 08:01 2650165    /home/sarnobat/.m2/repository/org/apache/tomcat/tomcat-juli/9.0.0.M4/tomcat-juli-9.0.0.M4.jar
66401000-66402000 r--s 00000000 08:01 2650097    /home/sarnobat/.m2/repository/org/springframework/boot/spring-boot-starter-validation/1.3.3.RELEASE/spring-boot-starter-validation-1.3.3.RELEASE.jar
66402000-66403000 r--s 00009000 08:01 2650073    /home/sarnobat/.m2/repository/org/apache/tomcat/embed/tomcat-embed-logging-juli/8.0.32/tomcat-embed-logging-juli-8.0.32.jar
66403000-66404000 r--s 00000000 08:01 2650035    /home/sarnobat/.m2/repository/org/springframework/boot/spring-boot-starter-tomcat/1.3.3.RELEASE/spring-boot-starter-tomcat-1.3.3.RELEASE.jar
66404000-6640f000 r--s 00065000 08:01 2650024    /home/sarnobat/.m2/repository/ch/qos/logback/logback-core/1.1.5/logback-core-1.1.5.jar
6640f000-66415000 r--s 0003f000 08:01 2650009    /home/sarnobat/.m2/repository/ch/qos/logback/logback-classic/1.1.5/logback-classic-1.1.5.jar
66415000-6642e000 r--s 000f3000 08:01 2641676    /home/sarnobat/.m2/repository/org/springframework/spring-context/4.2.5.RELEASE/spring-context-4.2.5.RELEASE.jar
6642e000-66431000 ---p 00000000 00:00 0 
66431000-6647f000 rw-p 00000000 00:00 0 
6647f000-66480000 ---p 00000000 00:00 0 
66480000-66500000 rw-p 00000000 00:00 0 
66500000-665fd000 rw-p 00000000 00:00 0 
665fd000-66600000 ---p 00000000 00:00 0 
66600000-6660d000 r--s 000a6000 08:01 2641689    /home/sarnobat/.m2/repository/org/springframework/spring-beans/4.2.5.RELEASE/spring-beans-4.2.5.RELEASE.jar
6660d000-66623000 r--s 000f2000 08:01 2641681    /home/sarnobat/.m2/repository/org/springframework/spring-core/4.2.5.RELEASE/spring-core-4.2.5.RELEASE.jar
66623000-66631000 r--s 00078000 08:01 2641674    /home/sarnobat/.m2/repository/org/springframework/boot/spring-boot/1.3.3.RELEASE/spring-boot-1.3.3.RELEASE.jar
66631000-6667f000 rw-p 00000000 00:00 0 
6667f000-66680000 ---p 00000000 00:00 0 
66680000-66700000 rw-p 00000000 00:00 0 
66700000-66721000 rw-p 00000000 00:00 0 
66721000-66800000 ---p 00000000 00:00 0 
66800000-66802000 r--s 00004000 08:01 2796567    /home/sarnobat/.m2/repository/org/slf4j/log4j-over-slf4j/1.7.16/log4j-over-slf4j-1.7.16.jar
66802000-66804000 r--s 00000000 08:01 2796565    /home/sarnobat/.m2/repository/org/slf4j/jul-to-slf4j/1.7.16/jul-to-slf4j-1.7.16.jar
66804000-66809000 r--s 0003c000 08:01 2641692    /home/sarnobat/.m2/repository/org/springframework/spring-expression/4.2.5.RELEASE/spring-expression-4.2.5.RELEASE.jar
66809000-66824000 r--s 00394000 08:01 1692580    /usr/lib/jvm/java-8-openjdk-i386/jre/lib/ext/cldrdata.jar
66824000-6687f000 rw-p 00000000 00:00 0 
6687f000-66880000 ---p 00000000 00:00 0 
66880000-66900000 rw-p 00000000 00:00 0 
66900000-66921000 rw-p 00000000 00:00 0 
66921000-66a00000 ---p 00000000 00:00 0 
66a00000-66a01000 r--s 00000000 08:01 2650033    /home/sarnobat/.m2/repository/org/springframework/boot/spring-boot-starter-web/1.3.3.RELEASE/spring-boot-starter-web-1.3.3.RELEASE.jar
66a01000-66a03000 r--s 00003000 08:01 2796563    /home/sarnobat/.m2/repository/org/slf4j/jcl-over-slf4j/1.7.16/jcl-over-slf4j-1.7.16.jar
66a03000-66a04000 r--s 00009000 08:01 2796554    /home/sarnobat/.m2/repository/org/slf4j/slf4j-api/1.7.16/slf4j-api-1.7.16.jar
66a04000-66a0d000 r--s 00052000 08:01 2641687    /home/sarnobat/.m2/repository/org/springframework/spring-aop/4.2.5.RELEASE/spring-aop-4.2.5.RELEASE.jar
66a0d000-66a28000 r--s 001d6000 08:01 1692582    /usr/lib/jvm/java-8-openjdk-i386/jre/lib/ext/nashorn.jar
66a28000-66a29000 ---p 00000000 00:00 0 
66a29000-66abf000 rw-p 00000000 00:00 0 
66abf000-66bff000 ---p 00000000 00:00 0 
66bff000-66c15000 rw-p 00000000 00:00 0 
66c15000-66d54000 ---p 00000000 00:00 0 
66d54000-66d5f000 rw-p 00000000 00:00 0 
66d5f000-66dff000 ---p 00000000 00:00 0 
66dff000-698c0000 rw-p 00000000 00:00 0 
698c0000-918c0000 ---p 00000000 00:00 0 
918c0000-92e00000 rw-p 00000000 00:00 0 
93e40000-a6e00000 ---p 00000000 00:00 0 
a6e00000-a6e02000 r--s 00000000 08:01 2717532    /home/sarnobat/.m2/repository/aopalliance/aopalliance/1.0/aopalliance-1.0.jar
a6e02000-a6e06000 r--s 0000c000 08:01 2717440    /home/sarnobat/.m2/repository/javax/validation/validation-api/1.1.0.Final/validation-api-1.1.0.Final.jar
a6e06000-a6e0b000 r--s 0003b000 08:01 1692576    /usr/lib/jvm/java-8-openjdk-i386/jre/lib/ext/sunjce_provider.jar
a6e0b000-a6e15000 r--s 00116000 08:01 1692574    /usr/lib/jvm/java-8-openjdk-i386/jre/lib/ext/localedata.jar
a6e15000-a6e37000 rw-p 00000000 00:00 0 
a6e37000-a71ed000 ---p 00000000 00:00 0 
a71ed000-a7455000 rwxp 00000000 00:00 0 
a7455000-b61ed000 ---p 00000000 00:00 0 
b61ed000-b61f8000 r-xp 00000000 08:01 3402889    /lib/i386-linux-gnu/libnss_files-2.23.so
b61f8000-b61f9000 r--p 0000a000 08:01 3402889    /lib/i386-linux-gnu/libnss_files-2.23.so
b61f9000-b61fa000 rw-p 0000b000 08:01 3402889    /lib/i386-linux-gnu/libnss_files-2.23.so
b61fa000-b6200000 rw-p 00000000 00:00 0 
b6200000-b62fe000 rw-p 00000000 00:00 0 
b62fe000-b6300000 ---p 00000000 00:00 0 
b6300000-b6301000 r--s 00000000 08:01 2650006    /home/sarnobat/.m2/repository/org/springframework/boot/spring-boot-starter-logging/1.3.3.RELEASE/spring-boot-starter-logging-1.3.3.RELEASE.jar
b6301000-b6303000 r--s 00008000 08:01 1692578    /usr/lib/jvm/java-8-openjdk-i386/jre/lib/ext/sunec.jar
b6303000-b630e000 r-xp 00000000 08:01 3402895    /lib/i386-linux-gnu/libnss_nis-2.23.so
b630e000-b630f000 r--p 0000a000 08:01 3402895    /lib/i386-linux-gnu/libnss_nis-2.23.so
b630f000-b6310000 rw-p 0000b000 08:01 3402895    /lib/i386-linux-gnu/libnss_nis-2.23.so
b6310000-b6327000 r-xp 00000000 08:01 3402652    /lib/i386-linux-gnu/libnsl-2.23.so
b6327000-b6328000 r--p 00016000 08:01 3402652    /lib/i386-linux-gnu/libnsl-2.23.so
b6328000-b6329000 rw-p 00017000 08:01 3402652    /lib/i386-linux-gnu/libnsl-2.23.so
b6329000-b632b000 rw-p 00000000 00:00 0 
b632b000-b6333000 r-xp 00000000 08:01 3402720    /lib/i386-linux-gnu/libnss_compat-2.23.so
b6333000-b6334000 r--p 00007000 08:01 3402720    /lib/i386-linux-gnu/libnss_compat-2.23.so
b6334000-b6335000 rw-p 00008000 08:01 3402720    /lib/i386-linux-gnu/libnss_compat-2.23.so
b6335000-b6336000 r--s 00000000 08:01 2641672    /home/sarnobat/.m2/repository/org/springframework/boot/spring-boot-starter/1.3.3.RELEASE/spring-boot-starter-1.3.3.RELEASE.jar
b6336000-b6338000 r--s 00001000 08:01 1692579    /usr/lib/jvm/java-8-openjdk-i386/jre/lib/ext/dnsns.jar
b6338000-b633b000 r--s 0000f000 08:01 1692575    /usr/lib/jvm/java-8-openjdk-i386/jre/lib/ext/icedtea-sound.jar
b633b000-b6343000 r-xp 00000000 08:01 1693413    /usr/lib/jvm/java-8-openjdk-i386/jre/lib/i386/libzip.so
b6343000-b6344000 r--p 00007000 08:01 1693413    /usr/lib/jvm/java-8-openjdk-i386/jre/lib/i386/libzip.so
b6344000-b6345000 rw-p 00008000 08:01 1693413    /usr/lib/jvm/java-8-openjdk-i386/jre/lib/i386/libzip.so
b6345000-b634d000 rw-s 00000000 08:01 2576547    /tmp/hsperfdata_sarnobat/14437
b634d000-b6375000 r-xp 00000000 08:01 1693416    /usr/lib/jvm/java-8-openjdk-i386/jre/lib/i386/libjava.so
b6375000-b6376000 r--p 00027000 08:01 1693416    /usr/lib/jvm/java-8-openjdk-i386/jre/lib/i386/libjava.so
b6376000-b6377000 rw-p 00028000 08:01 1693416    /usr/lib/jvm/java-8-openjdk-i386/jre/lib/i386/libjava.so
b6377000-b637e000 r-xp 00000000 08:01 3402905    /lib/i386-linux-gnu/librt-2.23.so
b637e000-b637f000 r--p 00006000 08:01 3402905    /lib/i386-linux-gnu/librt-2.23.so
b637f000-b6380000 rw-p 00007000 08:01 3402905    /lib/i386-linux-gnu/librt-2.23.so
b6380000-b6383000 ---p 00000000 00:00 0 
b6383000-b63d1000 rw-p 00000000 00:00 0 
b63d1000-b63ed000 r-xp 00000000 08:01 3402590    /lib/i386-linux-gnu/libgcc_s.so.1
b63ed000-b63ee000 rw-p 0001b000 08:01 3402590    /lib/i386-linux-gnu/libgcc_s.so.1
b63ee000-b6441000 r-xp 00000000 08:01 3402651    /lib/i386-linux-gnu/libm-2.23.so
b6441000-b6442000 r--p 00052000 08:01 3402651    /lib/i386-linux-gnu/libm-2.23.so
b6442000-b6443000 rw-p 00053000 08:01 3402651    /lib/i386-linux-gnu/libm-2.23.so
b6443000-b65b0000 r-xp 00000000 08:01 1104849    /usr/lib/i386-linux-gnu/libstdc++.so.6.0.21
b65b0000-b65b1000 ---p 0016d000 08:01 1104849    /usr/lib/i386-linux-gnu/libstdc++.so.6.0.21
b65b1000-b65b6000 r--p 0016d000 08:01 1104849    /usr/lib/i386-linux-gnu/libstdc++.so.6.0.21
b65b6000-b65b7000 rw-p 00172000 08:01 1104849    /usr/lib/i386-linux-gnu/libstdc++.so.6.0.21
b65b7000-b65ba000 rw-p 00000000 00:00 0 
b65ba000-b7090000 r-xp 00000000 08:01 1693411    /usr/lib/jvm/java-8-openjdk-i386/jre/lib/i386/server/libjvm.so
b7090000-b70d6000 r--p 00ad5000 08:01 1693411    /usr/lib/jvm/java-8-openjdk-i386/jre/lib/i386/server/libjvm.so
b70d6000-b70ed000 rw-p 00b1b000 08:01 1693411    /usr/lib/jvm/java-8-openjdk-i386/jre/lib/i386/server/libjvm.so
b70ed000-b750d000 rw-p 00000000 00:00 0 
b750d000-b7526000 r-xp 00000000 08:01 3402662    /lib/i386-linux-gnu/libpthread-2.23.so
b7526000-b7527000 r--p 00018000 08:01 3402662    /lib/i386-linux-gnu/libpthread-2.23.so
b7527000-b7528000 rw-p 00019000 08:01 3402662    /lib/i386-linux-gnu/libpthread-2.23.so
b7528000-b752a000 rw-p 00000000 00:00 0 
b752a000-b752d000 r-xp 00000000 08:01 3402697    /lib/i386-linux-gnu/libdl-2.23.so
b752d000-b752e000 r--p 00002000 08:01 3402697    /lib/i386-linux-gnu/libdl-2.23.so
b752e000-b752f000 rw-p 00003000 08:01 3402697    /lib/i386-linux-gnu/libdl-2.23.so
b752f000-b7530000 rw-p 00000000 00:00 0 
b7530000-b7549000 r-xp 00000000 08:01 3402741    /lib/i386-linux-gnu/libz.so.1.2.8
b7549000-b754a000 r--p 00018000 08:01 3402741    /lib/i386-linux-gnu/libz.so.1.2.8
b754a000-b754b000 rw-p 00019000 08:01 3402741    /lib/i386-linux-gnu/libz.so.1.2.8
b754b000-b76fb000 r-xp 00000000 08:01 3402663    /lib/i386-linux-gnu/libc-2.23.so
b76fb000-b76fd000 r--p 001af000 08:01 3402663    /lib/i386-linux-gnu/libc-2.23.so
b76fd000-b76fe000 rw-p 001b1000 08:01 3402663    /lib/i386-linux-gnu/libc-2.23.so
b76fe000-b7701000 rw-p 00000000 00:00 0 
b7701000-b7702000 r--s 00010000 08:01 1692581    /usr/lib/jvm/java-8-openjdk-i386/jre/lib/ext/zipfs.jar
b7702000-b7703000 r--s 0000a000 08:01 1692577    /usr/lib/jvm/java-8-openjdk-i386/jre/lib/ext/jaccess.jar
b7703000-b7706000 r--s 00038000 08:01 1692573    /usr/lib/jvm/java-8-openjdk-i386/jre/lib/ext/sunpkcs11.jar
b7706000-b7707000 r--p 002d4000 08:01 1110568    /usr/lib/locale/locale-archive
b7707000-b7708000 rw-p 00000000 00:00 0 
b7708000-b7709000 ---p 00000000 00:00 0 
b7709000-b7717000 r-xp 00000000 08:01 1693425    /usr/lib/jvm/java-8-openjdk-i386/jre/lib/i386/libverify.so
b7717000-b7718000 r--p 0000d000 08:01 1693425    /usr/lib/jvm/java-8-openjdk-i386/jre/lib/i386/libverify.so
b7718000-b7719000 rw-p 0000e000 08:01 1693425    /usr/lib/jvm/java-8-openjdk-i386/jre/lib/i386/libverify.so
b7719000-b7726000 r-xp 00000000 08:01 1693421    /usr/lib/jvm/java-8-openjdk-i386/jre/lib/i386/jli/libjli.so
b7726000-b7727000 r--p 0000c000 08:01 1693421    /usr/lib/jvm/java-8-openjdk-i386/jre/lib/i386/jli/libjli.so
b7727000-b7728000 rw-p 0000d000 08:01 1693421    /usr/lib/jvm/java-8-openjdk-i386/jre/lib/i386/jli/libjli.so
b7728000-b7729000 rw-p 00000000 00:00 0 
b7729000-b772c000 r--p 00000000 00:00 0          [vvar]
b772c000-b772d000 r-xp 00000000 00:00 0          [vdso]
b772d000-b7750000 r-xp 00000000 08:01 3402661    /lib/i386-linux-gnu/ld-2.23.so
b7750000-b7751000 r--p 00022000 08:01 3402661    /lib/i386-linux-gnu/ld-2.23.so
b7751000-b7752000 rw-p 00023000 08:01 3402661    /lib/i386-linux-gnu/ld-2.23.so
bf9f5000-bfa17000 rw-p 00000000 00:00 0          [stack]

VM Arguments:
jvm_args: -Dfile.encoding=UTF-8 
java_command: com.sentriot.proto.WebdavApplication
java_class_path (initial): /home/sarnobat/github/deprecated-webdav-server-tomcat-spring-boot/target/classes:/home/sarnobat/.m2/repository/javax/validation/validation-api/1.1.0.Final/validation-api-1.1.0.Final.jar:/home/sarnobat/.m2/repository/org/springframework/boot/spring-boot-starter/1.3.3.RELEASE/spring-boot-starter-1.3.3.RELEASE.jar:/home/sarnobat/.m2/repository/org/springframework/boot/spring-boot/1.3.3.RELEASE/spring-boot-1.3.3.RELEASE.jar:/home/sarnobat/.m2/repository/org/springframework/spring-core/4.2.5.RELEASE/spring-core-4.2.5.RELEASE.jar:/home/sarnobat/.m2/repository/org/springframework/spring-context/4.2.5.RELEASE/spring-context-4.2.5.RELEASE.jar:/home/sarnobat/.m2/repository/org/springframework/spring-aop/4.2.5.RELEASE/spring-aop-4.2.5.RELEASE.jar:/home/sarnobat/.m2/repository/aopalliance/aopalliance/1.0/aopalliance-1.0.jar:/home/sarnobat/.m2/repository/org/springframework/spring-beans/4.2.5.RELEASE/spring-beans-4.2.5.RELEASE.jar:/home/sarnobat/.m2/repository/org/springframework/spring-expression/4.2.5.RELEASE/spring-expression-4.2.5.RELEASE.jar:/home/sarnobat/.m2/repository/org/springframework/boot/spring-boot-autoconfigure/1.3.3.RELEASE/spring-boot-autoconfigure-1.3.3.RELEASE.jar:/home/sarnobat/.m2/repository/org/springframework/boot/spring-boot-starter-logging/1.3.3.RELEASE/spring-boot-starter-logging-1.3.3.RELEASE.jar:/home/sarnobat/.m2/repository/ch/qos/logback/logback-classic/1.1.5/logback-classic-1.1.5.jar:/home/sarnobat/.m2/repository/ch/qos/logback/logback-core/1.1.5/logback-core-1.1.5.jar:/home/sarnobat/.m2/repository/org/slf4j/slf4j-api/1.7.16/slf4j-api-1.7.16.jar:/home/sarnobat/.m2/repository/org/slf4j/jcl-over-slf4j/1.7.16/jcl-over-slf4j-1.7.16.jar:/home/sarnobat/.m2/repository/org/slf4j/jul-to-slf4j/1.7.16/jul-to-slf4j-1.7.16.jar:/home/sarnobat/.m2/repository/org/slf4j/log4j-over-slf4j/1.7.16/log4j-over-slf4j-1.7.16.jar:/home/sarnobat/.m2/repository/org/yaml/snakeyaml/1.16/snakeyaml-1.16.jar:/home/sarnobat/.m2/repository/org/springfram
Launcher Type: SUN_STANDARD

Environment Variables:
PATH=/usr/bin:/bin
SHELL=/bin/sh

Signal Handlers:
SIGSEGV: [libjvm.so+0x8db350], sa_mask[0]=11111111011111111101111111111110, sa_flags=SA_RESTART|SA_SIGINFO
SIGBUS: [libjvm.so+0x8db350], sa_mask[0]=11111111011111111101111111111110, sa_flags=SA_RESTART|SA_SIGINFO
SIGFPE: [libjvm.so+0x73fd00], sa_mask[0]=11111111011111111101111111111110, sa_flags=SA_RESTART|SA_SIGINFO
SIGPIPE: [libjvm.so+0x73fd00], sa_mask[0]=11111111011111111101111111111110, sa_flags=SA_RESTART|SA_SIGINFO
SIGXFSZ: [libjvm.so+0x73fd00], sa_mask[0]=11111111011111111101111111111110, sa_flags=SA_RESTART|SA_SIGINFO
SIGILL: [libjvm.so+0x73fd00], sa_mask[0]=11111111011111111101111111111110, sa_flags=SA_RESTART|SA_SIGINFO
SIGUSR1: SIG_DFL, sa_mask[0]=00000000000000000000000000000000, sa_flags=none
SIGUSR2: [libjvm.so+0x73fb40], sa_mask[0]=00000000000000000000000000000000, sa_flags=SA_RESTART|SA_SIGINFO
SIGHUP: [libjvm.so+0x7402d0], sa_mask[0]=11111111011111111101111111111110, sa_flags=SA_RESTART|SA_SIGINFO
SIGINT: [libjvm.so+0x7402d0], sa_mask[0]=11111111011111111101111111111110, sa_flags=SA_RESTART|SA_SIGINFO
SIGTERM: [libjvm.so+0x7402d0], sa_mask[0]=11111111011111111101111111111110, sa_flags=SA_RESTART|SA_SIGINFO
SIGQUIT: [libjvm.so+0x7402d0], sa_mask[0]=11111111011111111101111111111110, sa_flags=SA_RESTART|SA_SIGINFO


---------------  S Y S T E M  ---------------

OS:DISTRIB_ID=Ubuntu
DISTRIB_RELEASE=16.04
DISTRIB_CODENAME=xenial
DISTRIB_DESCRIPTION="Ubuntu 16.04.1 LTS"

uname:Linux 4.4.0-119-generic #143-Ubuntu SMP Mon Apr 2 16:08:22 UTC 2018 i686
libc:glibc 2.23 NPTL 2.23 
rlimit: STACK 8192k, CORE 0k, NPROC 63044, NOFILE 1048576, AS infinity
load average:1.25 0.96 1.29

/proc/meminfo:
MemTotal:        8107396 kB
MemFree:          439496 kB
MemAvailable:          0 kB
Buffers:            5900 kB
Cached:            60580 kB
SwapCached:         4284 kB
Active:          6319340 kB
Inactive:        1137368 kB
Active(anon):    6301776 kB
Inactive(anon):  1122424 kB
Active(file):      17564 kB
Inactive(file):    14944 kB
Unevictable:           0 kB
Mlocked:               0 kB
HighTotal:       7292552 kB
HighFree:         132840 kB
LowTotal:         814844 kB
LowFree:          306656 kB
SwapTotal:       4007932 kB
SwapFree:              0 kB
Dirty:              1520 kB
Writeback:             0 kB
AnonPages:       7386796 kB
Mapped:            23568 kB
Shmem:             33180 kB
Slab:              74756 kB
SReclaimable:      25160 kB
SUnreclaim:        49596 kB
KernelStack:       25784 kB
PageTables:        59172 kB
NFS_Unstable:          0 kB
Bounce:              128 kB
WritebackTmp:          0 kB
CommitLimit:     8061628 kB
Committed_AS:   35370200 kB
VmallocTotal:     122880 kB
VmallocUsed:           0 kB
VmallocChunk:          0 kB
AnonHugePages:      2048 kB
CmaTotal:              0 kB
CmaFree:               0 kB
HugePages_Total:       0
HugePages_Free:        0
HugePages_Rsvd:        0
HugePages_Surp:        0
Hugepagesize:       2048 kB
DirectMap4k:       20472 kB
DirectMap2M:      890880 kB


CPU:total 4 (initial active 4) (2 cores per cpu, 2 threads per core) family 6 model 58 stepping 9, cmov, cx8, fxsr, mmx, sse, sse2, sse3, ssse3, sse4.1, sse4.2, popcnt, avx, aes, clmul, erms, ht, tsc, tscinvbit, tscinv

/proc/cpuinfo:
processor	: 0
vendor_id	: GenuineIntel
cpu family	: 6
model		: 58
model name	: Intel(R) Core(TM) i5-3427U CPU @ 1.80GHz
stepping	: 9
microcode	: 0x17
cpu MHz		: 2599.988
cache size	: 3072 KB
physical id	: 0
siblings	: 4
core id		: 0
cpu cores	: 2
apicid		: 0
initial apicid	: 0
fdiv_bug	: no
f00f_bug	: no
coma_bug	: no
fpu		: yes
fpu_exception	: yes
cpuid level	: 13
wp		: yes
flags		: fpu vme de pse tsc msr pae mce cx8 apic sep mtrr pge mca cmov pat pse36 clflush dts acpi mmx fxsr sse sse2 ss ht tm pbe nx rdtscp lm constant_tsc arch_perfmon pebs bts xtopology nonstop_tsc aperfmperf eagerfpu pni pclmulqdq dtes64 monitor ds_cpl vmx smx est tm2 ssse3 cx16 xtpr pdcm sse4_1 sse4_2 x2apic popcnt tsc_deadline_timer aes xsave avx f16c rdrand lahf_lm epb retpoline tpr_shadow vnmi flexpriority ept vpid fsgsbase smep erms xsaveopt dtherm ida arat pln pts
bugs		: cpu_meltdown spectre_v1 spectre_v2
bogomips	: 4589.71
clflush size	: 64
cache_alignment	: 64
address sizes	: 36 bits physical, 48 bits virtual
power management:

processor	: 1
vendor_id	: GenuineIntel
cpu family	: 6
model		: 58
model name	: Intel(R) Core(TM) i5-3427U CPU @ 1.80GHz
stepping	: 9
microcode	: 0x17
cpu MHz		: 2599.988
cache size	: 3072 KB
physical id	: 0
siblings	: 4
core id		: 1
cpu cores	: 2
apicid		: 2
initial apicid	: 2
fdiv_bug	: no
f00f_bug	: no
coma_bug	: no
fpu		: yes
fpu_exception	: yes
cpuid level	: 13
wp		: yes
flags		: fpu vme de pse tsc msr pae mce cx8 apic sep mtrr pge mca cmov pat pse36 clflush dts acpi mmx fxsr sse sse2 ss ht tm pbe nx rdtscp lm constant_tsc arch_perfmon pebs bts xtopology nonstop_tsc aperfmperf eagerfpu pni pclmulqdq dtes64 monitor ds_cpl vmx smx est tm2 ssse3 cx16 xtpr pdcm sse4_1 sse4_2 x2apic popcnt tsc_deadline_timer aes xsave avx f16c rdrand lahf_lm epb retpoline tpr_shadow vnmi flexpriority ept vpid fsgsbase smep erms xsaveopt dtherm ida arat pln pts
bugs		: cpu_meltdown spectre_v1 spectre_v2
bogomips	: 4589.71
clflush size	: 64
cache_alignment	: 64
address sizes	: 36 bits physical, 48 bits virtual
power management:

processor	: 2
vendor_id	: GenuineIntel
cpu family	: 6
model		: 58
model name	: Intel(R) Core(TM) i5-3427U CPU @ 1.80GHz
stepping	: 9
microcode	: 0x17
cpu MHz		: 2599.988
cache size	: 3072 KB
physical id	: 0
siblings	: 4
core id		: 0
cpu cores	: 2
apicid		: 1
initial apicid	: 1
fdiv_bug	: no
f00f_bug	: no
coma_bug	: no
fpu		: yes
fpu_exception	: yes
cpuid level	: 13
wp		: yes
flags		: fpu vme de pse tsc msr pae mce cx8 apic sep mtrr pge mca cmov pat pse36 clflush dts acpi mmx fxsr sse sse2 ss ht tm pbe nx rdtscp lm constant_tsc arch_perfmon pebs bts xtopology nonstop_tsc aperfmperf eagerfpu pni pclmulqdq dtes64 monitor ds_cpl vmx smx est tm2 ssse3 cx16 xtpr pdcm sse4_1 sse4_2 x2apic popcnt tsc_deadline_timer aes xsave avx f16c rdrand lahf_lm epb retpoline tpr_shadow vnmi flexpriority ept vpid fsgsbase smep erms xsaveopt dtherm ida arat pln pts
bugs		: cpu_meltdown spectre_v1 spectre_v2
bogomips	: 4589.71
clflush size	: 64
cache_alignment	: 64
address sizes	: 36 bits physical, 48 bits virtual
power management:

processor	: 3
vendor_id	: GenuineIntel
cpu family	: 6
model		: 58
model name	: Intel(R) Core(TM) i5-3427U CPU @ 1.80GHz
stepping	: 9
microcode	: 0x17
cpu MHz		: 2599.988
cache size	: 3072 KB
physical id	: 0
siblings	: 4
core id		: 1
cpu cores	: 2
apicid		: 3
initial apicid	: 3
fdiv_bug	: no
f00f_bug	: no
coma_bug	: no
fpu		: yes
fpu_exception	: yes
cpuid level	: 13
wp		: yes
flags		: fpu vme de pse tsc msr pae mce cx8 apic sep mtrr pge mca cmov pat pse36 clflush dts acpi mmx fxsr sse sse2 ss ht tm pbe nx rdtscp lm constant_tsc arch_perfmon pebs bts xtopology nonstop_tsc aperfmperf eagerfpu pni pclmulqdq dtes64 monitor ds_cpl vmx smx est tm2 ssse3 cx16 xtpr pdcm sse4_1 sse4_2 x2apic popcnt tsc_deadline_timer aes xsave avx f16c rdrand lahf_lm epb retpoline tpr_shadow vnmi flexpriority ept vpid fsgsbase smep erms xsaveopt dtherm ida arat pln pts
bugs		: cpu_meltdown spectre_v1 spectre_v2
bogomips	: 4589.71
clflush size	: 64
cache_alignment	: 64
address sizes	: 36 bits physical, 48 bits virtual
power management:



Memory: 4k page, physical 8107396k(439496k free), swap 4007932k(0k free)

vm_info: OpenJDK Server VM (25.162-b12) for linux-x86 JRE (1.8.0_162-8u162-b12-0ubuntu0.16.04.2-b12), built on Mar 14 2018 12:07:04 by "buildd" with gcc 5.4.0 20160609

time: Sat Apr 14 17:40:07 2018
elapsed time: 6 seconds (0d 0h 0m 6s)

