#
# There is insufficient memory for the Java Runtime Environment to continue.
# Native memory allocation (mmap) failed to map 131072 bytes for committing reserved memory.
# Possible reasons:
#   The system is out of physical RAM or swap space
#   In 32 bit mode, the process size limit was hit
# Possible solutions:
#   Reduce memory load on the system
#   Increase physical memory or swap space
#   Check if swap backing store is full
#   Use 64 bit Java on a 64 bit OS
#   Decrease Java heap size (-Xmx/-Xms)
#   Decrease number of Java threads
#   Decrease Java thread stack sizes (-Xss)
#   Set larger code cache with -XX:ReservedCodeCacheSize=
# This output file may be truncated or incomplete.
#
#  Out of Memory Error (os_linux.cpp:2643), pid=25932, tid=0xb63a3b40
#
# JRE version: OpenJDK Runtime Environment (8.0_162-b12) (build 1.8.0_162-8u162-b12-0ubuntu0.16.04.2-b12)
# Java VM: OpenJDK Server VM (25.162-b12 mixed mode linux-x86 )
# Failed to write core dump. Core dumps have been disabled. To enable core dumping, try "ulimit -c unlimited" before starting Java again
#

---------------  T H R E A D  ---------------

Current thread (0xb620ac00):  JavaThread "main" [_thread_in_vm, id=25964, stack(0xb6353000,0xb63a4000)]

Stack: [0xb6353000,0xb63a4000],  sp=0xb63a09b0,  free space=310k
Native frames: (J=compiled Java code, j=interpreted, Vv=VM code, C=native code)
V  [libjvm.so+0x8da814]
V  [libjvm.so+0x3a9046]
V  [libjvm.so+0x744ce0]
V  [libjvm.so+0x73eb53]
V  [libjvm.so+0x8d7234]
V  [libjvm.so+0x6d0423]
V  [libjvm.so+0x6d063a]
V  [libjvm.so+0x6d11c5]
V  [libjvm.so+0x6d131a]
V  [libjvm.so+0x6d235a]
V  [libjvm.so+0x6d254d]
V  [libjvm.so+0x3a64fb]
V  [libjvm.so+0x319560]
V  [libjvm.so+0x31aab2]
V  [libjvm.so+0x851329]
V  [libjvm.so+0x55e03a]
V  [libjvm.so+0x55f4dc]  JVM_DefineClassWithSource+0x9c
C  [libjava.so+0xb28b]  Java_java_lang_ClassLoader_defineClass1+0x17b
j  java.lang.ClassLoader.defineClass1(Ljava/lang/String;[BIILjava/security/ProtectionDomain;Ljava/lang/String;)Ljava/lang/Class;+0
j  java.lang.ClassLoader.defineClass(Ljava/lang/String;[BIILjava/security/ProtectionDomain;)Ljava/lang/Class;+27
j  java.security.SecureClassLoader.defineClass(Ljava/lang/String;[BIILjava/security/CodeSource;)Ljava/lang/Class;+12
j  java.net.URLClassLoader.defineClass(Ljava/lang/String;Lsun/misc/Resource;)Ljava/lang/Class;+138
J 265 C1 java.net.URLClassLoader$1.run()Ljava/lang/Class; (63 bytes) @ 0xa72e1400 [0xa72e11c0+0x240]
J 264 C1 java.net.URLClassLoader$1.run()Ljava/lang/Object; (5 bytes) @ 0xa72db650 [0xa72db5e0+0x70]
v  ~StubRoutines::call_stub
V  [libjvm.so+0x521a6d]
V  [libjvm.so+0x749c05]
V  [libjvm.so+0x520baa]
V  [libjvm.so+0x56da24]  JVM_DoPrivileged+0x434
C  [libjava.so+0x9e15]  Java_java_security_AccessController_doPrivileged__Ljava_security_PrivilegedExceptionAction_2Ljava_security_AccessControlContext_2+0x25
J 173  java.security.AccessController.doPrivileged(Ljava/security/PrivilegedExceptionAction;Ljava/security/AccessControlContext;)Ljava/lang/Object; (0 bytes) @ 0xa72a9a8c [0xa72a99e0+0xac]
J 209 C1 java.net.URLClassLoader.findClass(Ljava/lang/String;)Ljava/lang/Class; (47 bytes) @ 0xa72c78b4 [0xa72c7780+0x134]
J 179 C1 java.lang.ClassLoader.loadClass(Ljava/lang/String;Z)Ljava/lang/Class; (122 bytes) @ 0xa72aabf8 [0xa72aa4a0+0x758]
j  sun.misc.Launcher$AppClassLoader.loadClass(Ljava/lang/String;Z)Ljava/lang/Class;+81
J 259 C1 java.lang.ClassLoader.loadClass(Ljava/lang/String;)Ljava/lang/Class; (7 bytes) @ 0xa72db940 [0xa72db860+0xe0]
v  ~StubRoutines::call_stub
V  [libjvm.so+0x521a6d]
V  [libjvm.so+0x749c05]
V  [libjvm.so+0x51f546]
V  [libjvm.so+0x51fabb]
V  [libjvm.so+0x857ca3]
V  [libjvm.so+0x85671f]
V  [libjvm.so+0x858726]
V  [libjvm.so+0x39c3ee]
V  [libjvm.so+0x39e674]
V  [libjvm.so+0x63357e]
V  [libjvm.so+0x635ec8]
V  [libjvm.so+0x5155ed]
j  org.springframework.core.ResolvableType.getInterfaces()[Lorg/springframework/core/ResolvableType;+32
j  org.springframework.core.ResolvableType.as(Ljava/lang/Class;)Lorg/springframework/core/ResolvableType;+25
j  org.springframework.core.convert.support.GenericConversionService.getRequiredTypeInfo(Ljava/lang/Object;Ljava/lang/Class;)[Lorg/springframework/core/ResolvableType;+8
j  org.springframework.core.convert.support.GenericConversionService.addConverterFactory(Lorg/springframework/core/convert/converter/ConverterFactory;)V+4
j  org.springframework.core.convert.support.DefaultConversionService.addScalarConverters(Lorg/springframework/core/convert/converter/ConverterRegistry;)V+8
j  org.springframework.core.convert.support.DefaultConversionService.addDefaultConverters(Lorg/springframework/core/convert/converter/ConverterRegistry;)V+1
j  org.springframework.core.convert.support.DefaultConversionService.<init>()V+5
j  org.springframework.boot.context.config.ConfigFileApplicationListener.<init>()V+26
v  ~StubRoutines::call_stub
V  [libjvm.so+0x521a6d]
V  [libjvm.so+0x749c05]
V  [libjvm.so+0x520baa]
V  [libjvm.so+0x7bc195]
V  [libjvm.so+0x7be47e]
V  [libjvm.so+0x567d2b]  JVM_NewInstanceFromConstructor+0x6b
C  [libjava.so+0xce50]  Java_sun_reflect_NativeConstructorAccessorImpl_newInstance0+0x20
j  sun.reflect.NativeConstructorAccessorImpl.newInstance0(Ljava/lang/reflect/Constructor;[Ljava/lang/Object;)Ljava/lang/Object;+0
j  sun.reflect.NativeConstructorAccessorImpl.newInstance([Ljava/lang/Object;)Ljava/lang/Object;+85
j  sun.reflect.DelegatingConstructorAccessorImpl.newInstance([Ljava/lang/Object;)Ljava/lang/Object;+5
j  java.lang.reflect.Constructor.newInstance([Ljava/lang/Object;)Ljava/lang/Object;+79
j  org.springframework.boot.SpringApplication.createSpringFactoriesInstances(Ljava/lang/Class;[Ljava/lang/Class;Ljava/lang/ClassLoader;[Ljava/lang/Object;Ljava/util/Set;)Ljava/util/List;+73
j  org.springframework.boot.SpringApplication.getSpringFactoriesInstances(Ljava/lang/Class;[Ljava/lang/Class;[Ljava/lang/Object;)Ljava/util/Collection;+31
j  org.springframework.boot.SpringApplication.getSpringFactoriesInstances(Ljava/lang/Class;)Ljava/util/Collection;+10
j  org.springframework.boot.SpringApplication.initialize([Ljava/lang/Object;)V+45
j  org.springframework.boot.SpringApplication.<init>([Ljava/lang/Object;)V+55
j  org.springframework.boot.SpringApplication.run([Ljava/lang/Object;[Ljava/lang/String;)Lorg/springframework/context/ConfigurableApplicationContext;+5
j  org.springframework.boot.SpringApplication.run(Ljava/lang/Object;[Ljava/lang/String;)Lorg/springframework/context/ConfigurableApplicationContext;+9
j  com.sentriot.proto.WebdavApplication.main([Ljava/lang/String;)V+92
v  ~StubRoutines::call_stub
V  [libjvm.so+0x521a6d]
V  [libjvm.so+0x749c05]
V  [libjvm.so+0x520baa]
V  [libjvm.so+0x540ab4]
V  [libjvm.so+0x542a7b]
C  [libjli.so+0x2c30]
C  [libjli.so+0x6ace]
C  [libpthread.so.0+0x6295]  start_thread+0xe5
C  [libc.so.6+0xe70ae]  clone+0x6e

Java frames: (J=compiled Java code, j=interpreted, Vv=VM code)
j  java.lang.ClassLoader.defineClass1(Ljava/lang/String;[BIILjava/security/ProtectionDomain;Ljava/lang/String;)Ljava/lang/Class;+0
j  java.lang.ClassLoader.defineClass(Ljava/lang/String;[BIILjava/security/ProtectionDomain;)Ljava/lang/Class;+27
j  java.security.SecureClassLoader.defineClass(Ljava/lang/String;[BIILjava/security/CodeSource;)Ljava/lang/Class;+12
j  java.net.URLClassLoader.defineClass(Ljava/lang/String;Lsun/misc/Resource;)Ljava/lang/Class;+138
J 265 C1 java.net.URLClassLoader$1.run()Ljava/lang/Class; (63 bytes) @ 0xa72e1400 [0xa72e11c0+0x240]
J 264 C1 java.net.URLClassLoader$1.run()Ljava/lang/Object; (5 bytes) @ 0xa72db650 [0xa72db5e0+0x70]
v  ~StubRoutines::call_stub
J 173  java.security.AccessController.doPrivileged(Ljava/security/PrivilegedExceptionAction;Ljava/security/AccessControlContext;)Ljava/lang/Object; (0 bytes) @ 0xa72a9a48 [0xa72a99e0+0x68]
J 209 C1 java.net.URLClassLoader.findClass(Ljava/lang/String;)Ljava/lang/Class; (47 bytes) @ 0xa72c78b4 [0xa72c7780+0x134]
J 179 C1 java.lang.ClassLoader.loadClass(Ljava/lang/String;Z)Ljava/lang/Class; (122 bytes) @ 0xa72aabf8 [0xa72aa4a0+0x758]
j  sun.misc.Launcher$AppClassLoader.loadClass(Ljava/lang/String;Z)Ljava/lang/Class;+81
J 259 C1 java.lang.ClassLoader.loadClass(Ljava/lang/String;)Ljava/lang/Class; (7 bytes) @ 0xa72db940 [0xa72db860+0xe0]
v  ~StubRoutines::call_stub
j  org.springframework.core.ResolvableType.getInterfaces()[Lorg/springframework/core/ResolvableType;+32
j  org.springframework.core.ResolvableType.as(Ljava/lang/Class;)Lorg/springframework/core/ResolvableType;+25
j  org.springframework.core.convert.support.GenericConversionService.getRequiredTypeInfo(Ljava/lang/Object;Ljava/lang/Class;)[Lorg/springframework/core/ResolvableType;+8
j  org.springframework.core.convert.support.GenericConversionService.addConverterFactory(Lorg/springframework/core/convert/converter/ConverterFactory;)V+4
j  org.springframework.core.convert.support.DefaultConversionService.addScalarConverters(Lorg/springframework/core/convert/converter/ConverterRegistry;)V+8
j  org.springframework.core.convert.support.DefaultConversionService.addDefaultConverters(Lorg/springframework/core/convert/converter/ConverterRegistry;)V+1
j  org.springframework.core.convert.support.DefaultConversionService.<init>()V+5
j  org.springframework.boot.context.config.ConfigFileApplicationListener.<init>()V+26
v  ~StubRoutines::call_stub
j  sun.reflect.NativeConstructorAccessorImpl.newInstance0(Ljava/lang/reflect/Constructor;[Ljava/lang/Object;)Ljava/lang/Object;+0
j  sun.reflect.NativeConstructorAccessorImpl.newInstance([Ljava/lang/Object;)Ljava/lang/Object;+85
j  sun.reflect.DelegatingConstructorAccessorImpl.newInstance([Ljava/lang/Object;)Ljava/lang/Object;+5
j  java.lang.reflect.Constructor.newInstance([Ljava/lang/Object;)Ljava/lang/Object;+79
j  org.springframework.boot.SpringApplication.createSpringFactoriesInstances(Ljava/lang/Class;[Ljava/lang/Class;Ljava/lang/ClassLoader;[Ljava/lang/Object;Ljava/util/Set;)Ljava/util/List;+73
j  org.springframework.boot.SpringApplication.getSpringFactoriesInstances(Ljava/lang/Class;[Ljava/lang/Class;[Ljava/lang/Object;)Ljava/util/Collection;+31
j  org.springframework.boot.SpringApplication.getSpringFactoriesInstances(Ljava/lang/Class;)Ljava/util/Collection;+10
j  org.springframework.boot.SpringApplication.initialize([Ljava/lang/Object;)V+45
j  org.springframework.boot.SpringApplication.<init>([Ljava/lang/Object;)V+55
j  org.springframework.boot.SpringApplication.run([Ljava/lang/Object;[Ljava/lang/String;)Lorg/springframework/context/ConfigurableApplicationContext;+5
j  org.springframework.boot.SpringApplication.run(Ljava/lang/Object;[Ljava/lang/String;)Lorg/springframework/context/ConfigurableApplicationContext;+9
j  com.sentriot.proto.WebdavApplication.main([Ljava/lang/String;)V+92
v  ~StubRoutines::call_stub

---------------  P R O C E S S  ---------------

Java Threads: ( => current thread )
  0x637aa000 JavaThread "Service Thread" daemon [_thread_blocked, id=26181, stack(0x630db000,0x6312c000)]
  0x637a7000 JavaThread "C1 CompilerThread2" daemon [_thread_blocked, id=26180, stack(0x6312c000,0x631ad000)]
  0x637a5c00 JavaThread "C2 CompilerThread1" daemon [_thread_in_native, id=26179, stack(0x631ad000,0x6322e000)]
  0x637a4000 JavaThread "C2 CompilerThread0" daemon [_thread_in_native, id=26178, stack(0x6322e000,0x632af000)]
  0x637a2800 JavaThread "Signal Dispatcher" daemon [_thread_blocked, id=26177, stack(0x632af000,0x63300000)]
  0x63788800 JavaThread "Finalizer" daemon [_thread_blocked, id=26124, stack(0x63814000,0x63865000)]
  0x63785c00 JavaThread "Reference Handler" daemon [_thread_blocked, id=26115, stack(0x6642e000,0x6647f000)]
=>0xb620ac00 JavaThread "main" [_thread_in_vm, id=25964, stack(0xb6353000,0xb63a4000)]

Other Threads:
  0x63781000 VMThread [stack: 0x63865000,0x638e6000] [id=26085]
  0x637abc00 WatcherThread [stack: 0x6305a000,0x630db000] [id=26182]

VM state:not at safepoint (normal execution)

VM Mutex/Monitor currently owned by a thread: None

Heap:
 PSYoungGen      total 19200K, used 10347K [0x916c0000, 0x92c00000, 0xa6c00000)
  eden space 16640K, 62% used [0x916c0000,0x920dae18,0x92700000)
  from space 2560K, 0% used [0x92980000,0x92980000,0x92c00000)
  to   space 2560K, 0% used [0x92700000,0x92700000,0x92980000)
 ParOldGen       total 43776K, used 0K [0x66c00000, 0x696c0000, 0x916c0000)
  object space 43776K, 0% used [0x66c00000,0x66c00000,0x696c0000)
 Metaspace       used 3707K, capacity 3720K, committed 3736K, reserved 4400K

Card table byte_map: [0x669ff000,0x66c00000] byte_map_base: 0x666c9000

Marking Bits: (ParMarkBitMap*) 0xb70ce8a0
 Begin Bits: [0x64300000, 0x65300000)
 End Bits:   [0x65300000, 0x66300000)

Polling page: 0xb76db000

CodeCache: size=245760Kb used=1373Kb max_used=1382Kb free=244386Kb
 bounds [0xa71bb000, 0xa73fb000, 0xb61bb000]
 total_blobs=479 nmethods=314 adapters=80
 compilation: enabled

Compilation events (10 events):
Event: 6.030 Thread 0x637a5c00 nmethod 289 0xa730ee48 code [0xa730ef40, 0xa730f150]
Event: 6.030 Thread 0x637a5c00  311       4       java.util.Arrays::copyOf (19 bytes)
Event: 6.043 Thread 0x637a7000  314   !   3       sun.reflect.generics.parser.SignatureParser::current (40 bytes)
Event: 6.044 Thread 0x637a7000 nmethod 314 0xa730eac8 code [0xa730ebe0, 0xa730ed20]
Event: 6.046 Thread 0x637a7000  315       1       java.lang.CharacterDataLatin1::getProperties (11 bytes)
Event: 6.047 Thread 0x637a7000 nmethod 315 0xa730e848 code [0xa730e960, 0xa730ea20]
Event: 6.053 Thread 0x637a7000  316       3       sun.reflect.generics.parser.SignatureParser::advance (37 bytes)
Event: 6.054 Thread 0x637a7000 nmethod 316 0xa730e5c8 code [0xa730e6e0, 0xa730e7c0]
Event: 6.061 Thread 0x637a7000  317       1       java.lang.Class::getClassLoader0 (5 bytes)
Event: 6.061 Thread 0x637a7000 nmethod 317 0xa730e3c8 code [0xa730e4c0, 0xa730e560]

GC Heap History (0 events):
No events

Deoptimization events (1 events):
Event: 4.290 Thread 0xb620ac00 Uncommon trap: reason=unstable_if action=reinterpret pc=0xa72d1614 method=java.lang.String.replace(CC)Ljava/lang/String; @ 26

Classes redefined (0 events):
No events

Internal exceptions (10 events):
Event: 1.876 Thread 0xb620ac00 Exception <a 'java/security/PrivilegedActionException'> (0x9190d068) thrown at [/build/openjdk-8-2Hm3Za/openjdk-8-8u162-b12/src/hotspot/src/share/vm/prims/jvm.cpp, line 1390]
Event: 1.876 Thread 0xb620ac00 Exception <a 'java/security/PrivilegedActionException'> (0x9190d268) thrown at [/build/openjdk-8-2Hm3Za/openjdk-8-8u162-b12/src/hotspot/src/share/vm/prims/jvm.cpp, line 1390]
Event: 1.884 Thread 0xb620ac00 Exception <a 'java/security/PrivilegedActionException'> (0x9190f0a8) thrown at [/build/openjdk-8-2Hm3Za/openjdk-8-8u162-b12/src/hotspot/src/share/vm/prims/jvm.cpp, line 1390]
Event: 1.884 Thread 0xb620ac00 Exception <a 'java/security/PrivilegedActionException'> (0x9190f2a8) thrown at [/build/openjdk-8-2Hm3Za/openjdk-8-8u162-b12/src/hotspot/src/share/vm/prims/jvm.cpp, line 1390]
Event: 1.887 Thread 0xb620ac00 Exception <a 'java/security/PrivilegedActionException'> (0x9190fce0) thrown at [/build/openjdk-8-2Hm3Za/openjdk-8-8u162-b12/src/hotspot/src/share/vm/prims/jvm.cpp, line 1390]
Event: 1.888 Thread 0xb620ac00 Exception <a 'java/security/PrivilegedActionException'> (0x9190fee0) thrown at [/build/openjdk-8-2Hm3Za/openjdk-8-8u162-b12/src/hotspot/src/share/vm/prims/jvm.cpp, line 1390]
Event: 2.694 Thread 0xb620ac00 Exception <a 'java/io/FileNotFoundException'> (0x91abcf58) thrown at [/build/openjdk-8-2Hm3Za/openjdk-8-8u162-b12/src/hotspot/src/share/vm/prims/jni.cpp, line 709]
Event: 6.008 Thread 0xb620ac00 Exception <a 'java/lang/ArrayIndexOutOfBoundsException': 18> (0x9209e780) thrown at [/build/openjdk-8-2Hm3Za/openjdk-8-8u162-b12/src/hotspot/src/share/vm/interpreter/interpreterRuntime.cpp, line 366]
Event: 6.044 Thread 0xb620ac00 Exception <a 'java/lang/ArrayIndexOutOfBoundsException'> (0x920a01d0) thrown at [/build/openjdk-8-2Hm3Za/openjdk-8-8u162-b12/src/hotspot/src/share/vm/runtime/sharedRuntime.cpp, line 605]
Event: 6.054 Thread 0xb620ac00 Exception <a 'java/lang/ArrayIndexOutOfBoundsException'> (0x920a1318) thrown at [/build/openjdk-8-2Hm3Za/openjdk-8-8u162-b12/src/hotspot/src/share/vm/runtime/sharedRuntime.cpp, line 605]

Events (10 events):
Event: 6.045 loading class java/lang/reflect/ParameterizedType done
Event: 6.045 loading class sun/reflect/generics/reflectiveObjects/ParameterizedTypeImpl done
Event: 6.054 loading class java/lang/reflect/TypeVariable
Event: 6.054 loading class java/lang/reflect/TypeVariable done
Event: 6.054 loading class sun/reflect/generics/reflectiveObjects/TypeVariableImpl
Event: 6.055 loading class sun/reflect/generics/reflectiveObjects/LazyReflectiveObjectGenerator
Event: 6.055 loading class sun/reflect/generics/reflectiveObjects/LazyReflectiveObjectGenerator done
Event: 6.055 loading class sun/reflect/generics/reflectiveObjects/TypeVariableImpl done
Event: 6.061 loading class org/springframework/core/SerializableTypeWrapper
Event: 6.061 loading class org/springframework/core/SerializableTypeWrapper done


Dynamic libraries:
08048000-08049000 r-xp 00000000 08:01 1693449    /usr/lib/jvm/java-8-openjdk-i386/jre/bin/java
08049000-0804a000 r--p 00000000 08:01 1693449    /usr/lib/jvm/java-8-openjdk-i386/jre/bin/java
0804a000-0804b000 rw-p 00001000 08:01 1693449    /usr/lib/jvm/java-8-openjdk-i386/jre/bin/java
09653000-09674000 rw-p 00000000 00:00 0          [heap]
60b00000-60b45000 rw-p 00000000 00:00 0 
60b45000-60c00000 ---p 00000000 00:00 0 
60d00000-60d77000 rw-p 00000000 00:00 0 
60d77000-60e00000 ---p 00000000 00:00 0 
60e00000-60e29000 rw-p 00000000 00:00 0 
60e29000-60f00000 ---p 00000000 00:00 0 
60f00000-60ffb000 rw-p 00000000 00:00 0 
60ffb000-61000000 ---p 00000000 00:00 0 
610ff000-62d00000 rw-p 00000000 00:00 0 
62d00000-62dfc000 rw-p 00000000 00:00 0 
62dfc000-62e00000 ---p 00000000 00:00 0 
62e0f000-62e1d000 r--s 0007c000 08:01 2657517    /home/sarnobat/.m2/repository/org/springframework/spring-test/4.2.5.RELEASE/spring-test-4.2.5.RELEASE.jar
62e1d000-62e1e000 r--s 0000c000 08:01 2796529    /home/sarnobat/.m2/repository/org/hamcrest/hamcrest-library/1.3/hamcrest-library-1.3.jar
62e1e000-62e20000 r--s 00009000 08:01 2657515    /home/sarnobat/.m2/repository/org/objenesis/objenesis/2.1/objenesis-2.1.jar
62e20000-62e3c000 r--s 00103000 08:01 2657513    /home/sarnobat/.m2/repository/org/mockito/mockito-core/1.10.19/mockito-core-1.10.19.jar
62e3c000-62e3e000 r--s 00009000 08:01 2733514    /home/sarnobat/.m2/repository/org/hamcrest/hamcrest-core/1.3/hamcrest-core-1.3.jar
62e3e000-62e46000 r--s 00045000 08:01 2495292    /home/sarnobat/.m2/repository/junit/junit/4.12/junit-4.12.jar
62e46000-62e47000 r--s 00000000 08:01 2657494    /home/sarnobat/.m2/repository/org/springframework/boot/spring-boot-starter-test/1.3.3.RELEASE/spring-boot-starter-test-1.3.3.RELEASE.jar
62e47000-62e4b000 r--s 0002e000 08:01 2657508    /home/sarnobat/.m2/repository/org/apache/tomcat/tomcat-util-scan/9.0.0.M4/tomcat-util-scan-9.0.0.M4.jar
62e4b000-62e4f000 r--s 0001b000 08:01 2657505    /home/sarnobat/.m2/repository/org/apache/tomcat/tomcat-util/9.0.0.M4/tomcat-util-9.0.0.M4.jar
62e4f000-62e5a000 r--s 000aa000 08:01 2657491    /home/sarnobat/.m2/repository/org/apache/tomcat/tomcat-coyote/9.0.0.M4/tomcat-coyote-9.0.0.M4.jar
62e5a000-62e5c000 r--s 00007000 08:01 2657486    /home/sarnobat/.m2/repository/org/apache/tomcat/tomcat-jni/9.0.0.M4/tomcat-jni-9.0.0.M4.jar
62e5c000-62e5d000 r--s 00002000 08:01 2650198    /home/sarnobat/.m2/repository/org/apache/tomcat/tomcat-api/9.0.0.M4/tomcat-api-9.0.0.M4.jar
62e5d000-62e5f000 r--s 00003000 08:01 2650170    /home/sarnobat/.m2/repository/org/apache/tomcat/tomcat-annotations-api/9.0.0.M4/tomcat-annotations-api-9.0.0.M4.jar
62e5f000-62e61000 r--s 00012000 08:01 2650160    /home/sarnobat/.m2/repository/org/apache/tomcat/tomcat-el-api/8.0.32/tomcat-el-api-8.0.32.jar
62e61000-62e65000 r--s 00040000 08:01 2650150    /home/sarnobat/.m2/repository/org/apache/tomcat/tomcat-servlet-api/9.0.0.M4/tomcat-servlet-api-9.0.0.M4.jar
62e65000-62e79000 r--s 0016e000 08:01 2650148    /home/sarnobat/.m2/repository/org/apache/tomcat/tomcat-catalina/9.0.0.M4/tomcat-catalina-9.0.0.M4.jar
62e79000-62e8a000 r--s 000c6000 08:01 2650135    /home/sarnobat/.m2/repository/org/springframework/spring-webmvc/4.2.5.RELEASE/spring-webmvc-4.2.5.RELEASE.jar
62e8a000-62e9b000 r--s 000ab000 08:01 2650132    /home/sarnobat/.m2/repository/org/springframework/spring-web/4.2.5.RELEASE/spring-web-4.2.5.RELEASE.jar
62e9b000-62e9f000 r--s 0003c000 08:01 2796576    /home/sarnobat/.m2/repository/com/fasterxml/jackson/core/jackson-core/2.6.5/jackson-core-2.6.5.jar
62e9f000-62ea2000 r--s 00009000 08:01 2796574    /home/sarnobat/.m2/repository/com/fasterxml/jackson/core/jackson-annotations/2.6.5/jackson-annotations-2.6.5.jar
62ea2000-62eb3000 r--s 0010d000 08:01 2796572    /home/sarnobat/.m2/repository/com/fasterxml/jackson/core/jackson-databind/2.6.5/jackson-databind-2.6.5.jar
62eb3000-62ec3000 r--s 0009c000 08:01 2650102    /home/sarnobat/.m2/repository/org/hibernate/hibernate-validator/5.2.4.Final/hibernate-validator-5.2.4.Final.jar
62ec3000-62ed9000 r-xp 00000000 08:01 1693426    /usr/lib/jvm/java-8-openjdk-i386/jre/lib/i386/libnet.so
62ed9000-62eda000 r--p 00015000 08:01 1693426    /usr/lib/jvm/java-8-openjdk-i386/jre/lib/i386/libnet.so
62eda000-62edb000 rw-p 00016000 08:01 1693426    /usr/lib/jvm/java-8-openjdk-i386/jre/lib/i386/libnet.so
62edb000-62f00000 r--s 00290000 08:01 2650039    /home/sarnobat/.m2/repository/org/apache/tomcat/embed/tomcat-embed-core/8.0.32/tomcat-embed-core-8.0.32.jar
62f00000-62fff000 rw-p 00000000 00:00 0 
62fff000-63000000 ---p 00000000 00:00 0 
63000000-63002000 r--s 0000d000 08:01 2650157    /home/sarnobat/.m2/repository/org/apache/tomcat/tomcat-jsp-api/8.0.32/tomcat-jsp-api-8.0.32.jar
63002000-63004000 r--s 0000e000 08:01 2796570    /home/sarnobat/.m2/repository/com/fasterxml/classmate/1.1.0/classmate-1.1.0.jar
63004000-63006000 r--s 0000f000 08:01 2650129    /home/sarnobat/.m2/repository/org/jboss/logging/jboss-logging/3.3.0.Final/jboss-logging-3.3.0.Final.jar
63006000-6300c000 r--s 00037000 08:01 2650084    /home/sarnobat/.m2/repository/org/apache/tomcat/embed/tomcat-embed-websocket/8.0.32/tomcat-embed-websocket-8.0.32.jar
6300c000-63011000 r--s 00036000 08:01 2650043    /home/sarnobat/.m2/repository/org/apache/tomcat/embed/tomcat-embed-el/8.0.32/tomcat-embed-el-8.0.32.jar
63011000-63022000 r-xp 00000000 08:01 1693431    /usr/lib/jvm/java-8-openjdk-i386/jre/lib/i386/libnio.so
63022000-63023000 r--p 00010000 08:01 1693431    /usr/lib/jvm/java-8-openjdk-i386/jre/lib/i386/libnio.so
63023000-63024000 rw-p 00011000 08:01 1693431    /usr/lib/jvm/java-8-openjdk-i386/jre/lib/i386/libnio.so
63024000-6302a000 r--s 0003c000 08:01 2650030    /home/sarnobat/.m2/repository/org/yaml/snakeyaml/1.16/snakeyaml-1.16.jar
6302a000-63041000 r--s 000a2000 08:01 2641678    /home/sarnobat/.m2/repository/org/springframework/boot/spring-boot-autoconfigure/1.3.3.RELEASE/spring-boot-autoconfigure-1.3.3.RELEASE.jar
63041000-6305a000 r--s 000f3000 08:01 2641676    /home/sarnobat/.m2/repository/org/springframework/spring-context/4.2.5.RELEASE/spring-context-4.2.5.RELEASE.jar
6305a000-6305b000 ---p 00000000 00:00 0 
6305b000-630db000 rw-p 00000000 00:00 0 
630db000-630de000 ---p 00000000 00:00 0 
630de000-6312c000 rw-p 00000000 00:00 0 
6312c000-6312f000 ---p 00000000 00:00 0 
6312f000-631ad000 rw-p 00000000 00:00 0 
631ad000-631b0000 ---p 00000000 00:00 0 
631b0000-6322e000 rw-p 00000000 00:00 0 
6322e000-63231000 ---p 00000000 00:00 0 
63231000-632af000 rw-p 00000000 00:00 0 
632af000-632b2000 ---p 00000000 00:00 0 
632b2000-63300000 rw-p 00000000 00:00 0 
63300000-63500000 r--p 00000000 08:01 1110568    /usr/lib/locale/locale-archive
63500000-635d8000 rw-p 00000000 00:00 0 
635d8000-63600000 ---p 00000000 00:00 0 
63600000-63621000 rw-p 00000000 00:00 0 
63621000-63700000 ---p 00000000 00:00 0 
63700000-637fc000 rw-p 00000000 00:00 0 
637fc000-63800000 ---p 00000000 00:00 0 
63800000-63801000 r--s 00009000 08:01 2650165    /home/sarnobat/.m2/repository/org/apache/tomcat/tomcat-juli/9.0.0.M4/tomcat-juli-9.0.0.M4.jar
63801000-63802000 r--s 00000000 08:01 2650097    /home/sarnobat/.m2/repository/org/springframework/boot/spring-boot-starter-validation/1.3.3.RELEASE/spring-boot-starter-validation-1.3.3.RELEASE.jar
63802000-63803000 r--s 00009000 08:01 2650073    /home/sarnobat/.m2/repository/org/apache/tomcat/embed/tomcat-embed-logging-juli/8.0.32/tomcat-embed-logging-juli-8.0.32.jar
63803000-6380e000 r--s 00065000 08:01 2650024    /home/sarnobat/.m2/repository/ch/qos/logback/logback-core/1.1.5/logback-core-1.1.5.jar
6380e000-63814000 r--s 0003f000 08:01 2650009    /home/sarnobat/.m2/repository/ch/qos/logback/logback-classic/1.1.5/logback-classic-1.1.5.jar
63814000-63817000 ---p 00000000 00:00 0 
63817000-63865000 rw-p 00000000 00:00 0 
63865000-63866000 ---p 00000000 00:00 0 
63866000-638e6000 rw-p 00000000 00:00 0 
638e6000-63ab4000 r--s 03c2c000 08:01 1692598    /usr/lib/jvm/java-8-openjdk-i386/jre/lib/rt.jar
63ab4000-63e5a000 rw-p 00000000 00:00 0 
63e7a000-63f00000 ---p 00000000 00:00 0 
63f00000-66300000 rw-p 00000000 00:00 0 
66300000-663f9000 rw-p 00000000 00:00 0 
663f9000-66400000 ---p 00000000 00:00 0 
66400000-66402000 r--s 00004000 08:01 2796567    /home/sarnobat/.m2/repository/org/slf4j/log4j-over-slf4j/1.7.16/log4j-over-slf4j-1.7.16.jar
66402000-6640f000 r--s 000a6000 08:01 2641689    /home/sarnobat/.m2/repository/org/springframework/spring-beans/4.2.5.RELEASE/spring-beans-4.2.5.RELEASE.jar
6640f000-66418000 r--s 00052000 08:01 2641687    /home/sarnobat/.m2/repository/org/springframework/spring-aop/4.2.5.RELEASE/spring-aop-4.2.5.RELEASE.jar
66418000-6642e000 r--s 000f2000 08:01 2641681    /home/sarnobat/.m2/repository/org/springframework/spring-core/4.2.5.RELEASE/spring-core-4.2.5.RELEASE.jar
6642e000-66431000 ---p 00000000 00:00 0 
66431000-6647f000 rw-p 00000000 00:00 0 
6647f000-66480000 ---p 00000000 00:00 0 
66480000-66500000 rw-p 00000000 00:00 0 
66500000-665ff000 rw-p 00000000 00:00 0 
665ff000-66600000 ---p 00000000 00:00 0 
66600000-66621000 rw-p 00000000 00:00 0 
66621000-66700000 ---p 00000000 00:00 0 
66700000-66701000 r--s 00000000 08:01 2650035    /home/sarnobat/.m2/repository/org/springframework/boot/spring-boot-starter-tomcat/1.3.3.RELEASE/spring-boot-starter-tomcat-1.3.3.RELEASE.jar
66701000-66703000 r--s 00000000 08:01 2796565    /home/sarnobat/.m2/repository/org/slf4j/jul-to-slf4j/1.7.16/jul-to-slf4j-1.7.16.jar
66703000-66708000 r--s 0003c000 08:01 2641692    /home/sarnobat/.m2/repository/org/springframework/spring-expression/4.2.5.RELEASE/spring-expression-4.2.5.RELEASE.jar
66708000-66716000 r--s 00078000 08:01 2641674    /home/sarnobat/.m2/repository/org/springframework/boot/spring-boot/1.3.3.RELEASE/spring-boot-1.3.3.RELEASE.jar
66716000-66731000 r--s 00394000 08:01 1692580    /usr/lib/jvm/java-8-openjdk-i386/jre/lib/ext/cldrdata.jar
66731000-6677f000 rw-p 00000000 00:00 0 
6677f000-66780000 ---p 00000000 00:00 0 
66780000-66800000 rw-p 00000000 00:00 0 
66800000-66821000 rw-p 00000000 00:00 0 
66821000-66900000 ---p 00000000 00:00 0 
66900000-66901000 r--s 00000000 08:01 2650033    /home/sarnobat/.m2/repository/org/springframework/boot/spring-boot-starter-web/1.3.3.RELEASE/spring-boot-starter-web-1.3.3.RELEASE.jar
66901000-66903000 r--s 00003000 08:01 2796563    /home/sarnobat/.m2/repository/org/slf4j/jcl-over-slf4j/1.7.16/jcl-over-slf4j-1.7.16.jar
66903000-66904000 r--s 00009000 08:01 2796554    /home/sarnobat/.m2/repository/org/slf4j/slf4j-api/1.7.16/slf4j-api-1.7.16.jar
66904000-66908000 r--s 0000c000 08:01 2717440    /home/sarnobat/.m2/repository/javax/validation/validation-api/1.1.0.Final/validation-api-1.1.0.Final.jar
66908000-66923000 r--s 001d6000 08:01 1692582    /usr/lib/jvm/java-8-openjdk-i386/jre/lib/ext/nashorn.jar
66923000-6697e000 rw-p 00000000 00:00 0 
6697e000-6697f000 ---p 00000000 00:00 0 
6697f000-66a15000 rw-p 00000000 00:00 0 
66a15000-66b54000 ---p 00000000 00:00 0 
66b54000-66b5f000 rw-p 00000000 00:00 0 
66b5f000-66bff000 ---p 00000000 00:00 0 
66bff000-696c0000 rw-p 00000000 00:00 0 
696c0000-916c0000 ---p 00000000 00:00 0 
916c0000-92c00000 rw-p 00000000 00:00 0 
92c00000-a6c00000 ---p 00000000 00:00 0 
a6c00000-a6c01000 r--s 00000000 08:01 2650006    /home/sarnobat/.m2/repository/org/springframework/boot/spring-boot-starter-logging/1.3.3.RELEASE/spring-boot-starter-logging-1.3.3.RELEASE.jar
a6c01000-a6c03000 r--s 00000000 08:01 2717532    /home/sarnobat/.m2/repository/aopalliance/aopalliance/1.0/aopalliance-1.0.jar
a6c03000-a6c05000 r--s 00008000 08:01 1692578    /usr/lib/jvm/java-8-openjdk-i386/jre/lib/ext/sunec.jar
a6c05000-a6c07000 r--s 00001000 08:01 1692579    /usr/lib/jvm/java-8-openjdk-i386/jre/lib/ext/dnsns.jar
a6c07000-a6c0c000 r--s 0003b000 08:01 1692576    /usr/lib/jvm/java-8-openjdk-i386/jre/lib/ext/sunjce_provider.jar
a6c0c000-a6c24000 rw-p 00000000 00:00 0 
a6c24000-a6c25000 ---p 00000000 00:00 0 
a6c25000-a6cbb000 rw-p 00000000 00:00 0 
a6cbb000-a6dfb000 ---p 00000000 00:00 0 
a6dfb000-a6e04000 rw-p 00000000 00:00 0 
a6e04000-a71bb000 ---p 00000000 00:00 0 
a71bb000-a73fb000 rwxp 00000000 00:00 0 
a73fb000-b61bb000 ---p 00000000 00:00 0 
b61bb000-b61c6000 r-xp 00000000 08:01 3402889    /lib/i386-linux-gnu/libnss_files-2.23.so
b61c6000-b61c7000 r--p 0000a000 08:01 3402889    /lib/i386-linux-gnu/libnss_files-2.23.so
b61c7000-b61c8000 rw-p 0000b000 08:01 3402889    /lib/i386-linux-gnu/libnss_files-2.23.so
b61c8000-b61ce000 rw-p 00000000 00:00 0 
b61ce000-b61d9000 r-xp 00000000 08:01 3402895    /lib/i386-linux-gnu/libnss_nis-2.23.so
b61d9000-b61da000 r--p 0000a000 08:01 3402895    /lib/i386-linux-gnu/libnss_nis-2.23.so
b61da000-b61db000 rw-p 0000b000 08:01 3402895    /lib/i386-linux-gnu/libnss_nis-2.23.so
b61db000-b61f2000 r-xp 00000000 08:01 3402652    /lib/i386-linux-gnu/libnsl-2.23.so
b61f2000-b61f3000 r--p 00016000 08:01 3402652    /lib/i386-linux-gnu/libnsl-2.23.so
b61f3000-b61f4000 rw-p 00017000 08:01 3402652    /lib/i386-linux-gnu/libnsl-2.23.so
b61f4000-b61f6000 rw-p 00000000 00:00 0 
b61f6000-b61fe000 r-xp 00000000 08:01 3402720    /lib/i386-linux-gnu/libnss_compat-2.23.so
b61fe000-b61ff000 r--p 00007000 08:01 3402720    /lib/i386-linux-gnu/libnss_compat-2.23.so
b61ff000-b6200000 rw-p 00008000 08:01 3402720    /lib/i386-linux-gnu/libnss_compat-2.23.so
b6200000-b62fe000 rw-p 00000000 00:00 0 
b62fe000-b6300000 ---p 00000000 00:00 0 
b6300000-b6301000 r--s 00000000 08:01 2641672    /home/sarnobat/.m2/repository/org/springframework/boot/spring-boot-starter/1.3.3.RELEASE/spring-boot-starter-1.3.3.RELEASE.jar
b6301000-b6304000 r--s 0000f000 08:01 1692575    /usr/lib/jvm/java-8-openjdk-i386/jre/lib/ext/icedtea-sound.jar
b6304000-b630e000 r--s 00116000 08:01 1692574    /usr/lib/jvm/java-8-openjdk-i386/jre/lib/ext/localedata.jar
b630e000-b6316000 r-xp 00000000 08:01 1693413    /usr/lib/jvm/java-8-openjdk-i386/jre/lib/i386/libzip.so
b6316000-b6317000 r--p 00007000 08:01 1693413    /usr/lib/jvm/java-8-openjdk-i386/jre/lib/i386/libzip.so
b6317000-b6318000 rw-p 00008000 08:01 1693413    /usr/lib/jvm/java-8-openjdk-i386/jre/lib/i386/libzip.so
b6318000-b6320000 rw-s 00000000 08:01 2576723    /tmp/hsperfdata_sarnobat/25932
b6320000-b6348000 r-xp 00000000 08:01 1693416    /usr/lib/jvm/java-8-openjdk-i386/jre/lib/i386/libjava.so
b6348000-b6349000 r--p 00027000 08:01 1693416    /usr/lib/jvm/java-8-openjdk-i386/jre/lib/i386/libjava.so
b6349000-b634a000 rw-p 00028000 08:01 1693416    /usr/lib/jvm/java-8-openjdk-i386/jre/lib/i386/libjava.so
b634a000-b6351000 r-xp 00000000 08:01 3402905    /lib/i386-linux-gnu/librt-2.23.so
b6351000-b6352000 r--p 00006000 08:01 3402905    /lib/i386-linux-gnu/librt-2.23.so
b6352000-b6353000 rw-p 00007000 08:01 3402905    /lib/i386-linux-gnu/librt-2.23.so
b6353000-b6356000 ---p 00000000 00:00 0 
b6356000-b63a4000 rw-p 00000000 00:00 0 
b63a4000-b63c0000 r-xp 00000000 08:01 3402590    /lib/i386-linux-gnu/libgcc_s.so.1
b63c0000-b63c1000 rw-p 0001b000 08:01 3402590    /lib/i386-linux-gnu/libgcc_s.so.1
b63c1000-b6414000 r-xp 00000000 08:01 3402651    /lib/i386-linux-gnu/libm-2.23.so
b6414000-b6415000 r--p 00052000 08:01 3402651    /lib/i386-linux-gnu/libm-2.23.so
b6415000-b6416000 rw-p 00053000 08:01 3402651    /lib/i386-linux-gnu/libm-2.23.so
b6416000-b6583000 r-xp 00000000 08:01 1104849    /usr/lib/i386-linux-gnu/libstdc++.so.6.0.21
b6583000-b6584000 ---p 0016d000 08:01 1104849    /usr/lib/i386-linux-gnu/libstdc++.so.6.0.21
b6584000-b6589000 r--p 0016d000 08:01 1104849    /usr/lib/i386-linux-gnu/libstdc++.so.6.0.21
b6589000-b658a000 rw-p 00172000 08:01 1104849    /usr/lib/i386-linux-gnu/libstdc++.so.6.0.21
b658a000-b658d000 rw-p 00000000 00:00 0 
b658d000-b7063000 r-xp 00000000 08:01 1693411    /usr/lib/jvm/java-8-openjdk-i386/jre/lib/i386/server/libjvm.so
b7063000-b70a9000 r--p 00ad5000 08:01 1693411    /usr/lib/jvm/java-8-openjdk-i386/jre/lib/i386/server/libjvm.so
b70a9000-b70c0000 rw-p 00b1b000 08:01 1693411    /usr/lib/jvm/java-8-openjdk-i386/jre/lib/i386/server/libjvm.so
b70c0000-b74e0000 rw-p 00000000 00:00 0 
b74e0000-b74f9000 r-xp 00000000 08:01 3402662    /lib/i386-linux-gnu/libpthread-2.23.so
b74f9000-b74fa000 r--p 00018000 08:01 3402662    /lib/i386-linux-gnu/libpthread-2.23.so
b74fa000-b74fb000 rw-p 00019000 08:01 3402662    /lib/i386-linux-gnu/libpthread-2.23.so
b74fb000-b74fd000 rw-p 00000000 00:00 0 
b74fd000-b7500000 r-xp 00000000 08:01 3402697    /lib/i386-linux-gnu/libdl-2.23.so
b7500000-b7501000 r--p 00002000 08:01 3402697    /lib/i386-linux-gnu/libdl-2.23.so
b7501000-b7502000 rw-p 00003000 08:01 3402697    /lib/i386-linux-gnu/libdl-2.23.so
b7502000-b7503000 rw-p 00000000 00:00 0 
b7503000-b751c000 r-xp 00000000 08:01 3402741    /lib/i386-linux-gnu/libz.so.1.2.8
b751c000-b751d000 r--p 00018000 08:01 3402741    /lib/i386-linux-gnu/libz.so.1.2.8
b751d000-b751e000 rw-p 00019000 08:01 3402741    /lib/i386-linux-gnu/libz.so.1.2.8
b751e000-b76ce000 r-xp 00000000 08:01 3402663    /lib/i386-linux-gnu/libc-2.23.so
b76ce000-b76d0000 r--p 001af000 08:01 3402663    /lib/i386-linux-gnu/libc-2.23.so
b76d0000-b76d1000 rw-p 001b1000 08:01 3402663    /lib/i386-linux-gnu/libc-2.23.so
b76d1000-b76d4000 rw-p 00000000 00:00 0 
b76d4000-b76d5000 r--s 00010000 08:01 1692581    /usr/lib/jvm/java-8-openjdk-i386/jre/lib/ext/zipfs.jar
b76d5000-b76d6000 r--s 0000a000 08:01 1692577    /usr/lib/jvm/java-8-openjdk-i386/jre/lib/ext/jaccess.jar
b76d6000-b76d9000 r--s 00038000 08:01 1692573    /usr/lib/jvm/java-8-openjdk-i386/jre/lib/ext/sunpkcs11.jar
b76d9000-b76da000 r--p 002d4000 08:01 1110568    /usr/lib/locale/locale-archive
b76da000-b76db000 rw-p 00000000 00:00 0 
b76db000-b76dc000 r--p 00000000 00:00 0 
b76dc000-b76ea000 r-xp 00000000 08:01 1693425    /usr/lib/jvm/java-8-openjdk-i386/jre/lib/i386/libverify.so
b76ea000-b76eb000 r--p 0000d000 08:01 1693425    /usr/lib/jvm/java-8-openjdk-i386/jre/lib/i386/libverify.so
b76eb000-b76ec000 rw-p 0000e000 08:01 1693425    /usr/lib/jvm/java-8-openjdk-i386/jre/lib/i386/libverify.so
b76ec000-b76f9000 r-xp 00000000 08:01 1693421    /usr/lib/jvm/java-8-openjdk-i386/jre/lib/i386/jli/libjli.so
b76f9000-b76fa000 r--p 0000c000 08:01 1693421    /usr/lib/jvm/java-8-openjdk-i386/jre/lib/i386/jli/libjli.so
b76fa000-b76fb000 rw-p 0000d000 08:01 1693421    /usr/lib/jvm/java-8-openjdk-i386/jre/lib/i386/jli/libjli.so
b76fb000-b76fc000 rw-p 00000000 00:00 0 
b76fc000-b76ff000 r--p 00000000 00:00 0          [vvar]
b76ff000-b7700000 r-xp 00000000 00:00 0          [vdso]
b7700000-b7723000 r-xp 00000000 08:01 3402661    /lib/i386-linux-gnu/ld-2.23.so
b7723000-b7724000 r--p 00022000 08:01 3402661    /lib/i386-linux-gnu/ld-2.23.so
b7724000-b7725000 rw-p 00023000 08:01 3402661    /lib/i386-linux-gnu/ld-2.23.so
bf836000-bf858000 rw-p 00000000 00:00 0          [stack]

VM Arguments:
jvm_args: -Dfile.encoding=UTF-8 
java_command: com.sentriot.proto.WebdavApplication
java_class_path (initial): /home/sarnobat/github/deprecated-webdav-server-tomcat-spring-boot/target/classes:/home/sarnobat/.m2/repository/javax/validation/validation-api/1.1.0.Final/validation-api-1.1.0.Final.jar:/home/sarnobat/.m2/repository/org/springframework/boot/spring-boot-starter/1.3.3.RELEASE/spring-boot-starter-1.3.3.RELEASE.jar:/home/sarnobat/.m2/repository/org/springframework/boot/spring-boot/1.3.3.RELEASE/spring-boot-1.3.3.RELEASE.jar:/home/sarnobat/.m2/repository/org/springframework/spring-core/4.2.5.RELEASE/spring-core-4.2.5.RELEASE.jar:/home/sarnobat/.m2/repository/org/springframework/spring-context/4.2.5.RELEASE/spring-context-4.2.5.RELEASE.jar:/home/sarnobat/.m2/repository/org/springframework/spring-aop/4.2.5.RELEASE/spring-aop-4.2.5.RELEASE.jar:/home/sarnobat/.m2/repository/aopalliance/aopalliance/1.0/aopalliance-1.0.jar:/home/sarnobat/.m2/repository/org/springframework/spring-beans/4.2.5.RELEASE/spring-beans-4.2.5.RELEASE.jar:/home/sarnobat/.m2/repository/org/springframework/spring-expression/4.2.5.RELEASE/spring-expression-4.2.5.RELEASE.jar:/home/sarnobat/.m2/repository/org/springframework/boot/spring-boot-autoconfigure/1.3.3.RELEASE/spring-boot-autoconfigure-1.3.3.RELEASE.jar:/home/sarnobat/.m2/repository/org/springframework/boot/spring-boot-starter-logging/1.3.3.RELEASE/spring-boot-starter-logging-1.3.3.RELEASE.jar:/home/sarnobat/.m2/repository/ch/qos/logback/logback-classic/1.1.5/logback-classic-1.1.5.jar:/home/sarnobat/.m2/repository/ch/qos/logback/logback-core/1.1.5/logback-core-1.1.5.jar:/home/sarnobat/.m2/repository/org/slf4j/slf4j-api/1.7.16/slf4j-api-1.7.16.jar:/home/sarnobat/.m2/repository/org/slf4j/jcl-over-slf4j/1.7.16/jcl-over-slf4j-1.7.16.jar:/home/sarnobat/.m2/repository/org/slf4j/jul-to-slf4j/1.7.16/jul-to-slf4j-1.7.16.jar:/home/sarnobat/.m2/repository/org/slf4j/log4j-over-slf4j/1.7.16/log4j-over-slf4j-1.7.16.jar:/home/sarnobat/.m2/repository/org/yaml/snakeyaml/1.16/snakeyaml-1.16.jar:/home/sarnobat/.m2/repository/org/springfram
Launcher Type: SUN_STANDARD

Environment Variables:
PATH=/usr/bin:/bin
SHELL=/bin/sh

Signal Handlers:
SIGSEGV: [libjvm.so+0x8db350], sa_mask[0]=11111111011111111101111111111110, sa_flags=SA_RESTART|SA_SIGINFO
SIGBUS: [libjvm.so+0x8db350], sa_mask[0]=11111111011111111101111111111110, sa_flags=SA_RESTART|SA_SIGINFO
SIGFPE: [libjvm.so+0x73fd00], sa_mask[0]=11111111011111111101111111111110, sa_flags=SA_RESTART|SA_SIGINFO
SIGPIPE: [libjvm.so+0x73fd00], sa_mask[0]=11111111011111111101111111111110, sa_flags=SA_RESTART|SA_SIGINFO
SIGXFSZ: [libjvm.so+0x73fd00], sa_mask[0]=11111111011111111101111111111110, sa_flags=SA_RESTART|SA_SIGINFO
SIGILL: [libjvm.so+0x73fd00], sa_mask[0]=11111111011111111101111111111110, sa_flags=SA_RESTART|SA_SIGINFO
SIGUSR1: SIG_DFL, sa_mask[0]=00000000000000000000000000000000, sa_flags=none
SIGUSR2: [libjvm.so+0x73fb40], sa_mask[0]=00000000000000000000000000000000, sa_flags=SA_RESTART|SA_SIGINFO
SIGHUP: [libjvm.so+0x7402d0], sa_mask[0]=11111111011111111101111111111110, sa_flags=SA_RESTART|SA_SIGINFO
SIGINT: [libjvm.so+0x7402d0], sa_mask[0]=11111111011111111101111111111110, sa_flags=SA_RESTART|SA_SIGINFO
SIGTERM: [libjvm.so+0x7402d0], sa_mask[0]=11111111011111111101111111111110, sa_flags=SA_RESTART|SA_SIGINFO
SIGQUIT: [libjvm.so+0x7402d0], sa_mask[0]=11111111011111111101111111111110, sa_flags=SA_RESTART|SA_SIGINFO


---------------  S Y S T E M  ---------------

OS:DISTRIB_ID=Ubuntu
DISTRIB_RELEASE=16.04
DISTRIB_CODENAME=xenial
DISTRIB_DESCRIPTION="Ubuntu 16.04.1 LTS"

uname:Linux 4.4.0-116-generic #140-Ubuntu SMP Mon Feb 12 21:22:43 UTC 2018 i686
libc:glibc 2.23 NPTL 2.23 
rlimit: STACK 8192k, CORE 0k, NPROC 63055, NOFILE 1048576, AS infinity
load average:4.00 2.94 2.80

/proc/meminfo:
MemTotal:        8107396 kB
MemFree:          429632 kB
MemAvailable:          0 kB
Buffers:            5472 kB
Cached:           144340 kB
SwapCached:        29788 kB
Active:          6222692 kB
Inactive:        1234584 kB
Active(anon):    6196272 kB
Inactive(anon):  1216308 kB
Active(file):      26420 kB
Inactive(file):    18276 kB
Unevictable:           0 kB
Mlocked:               0 kB
HighTotal:       7292552 kB
HighFree:         117884 kB
LowTotal:         814844 kB
LowFree:          311748 kB
SwapTotal:       4007932 kB
SwapFree:              0 kB
Dirty:              1612 kB
Writeback:             0 kB
AnonPages:       7273696 kB
Mapped:            39436 kB
Shmem:            104660 kB
Slab:              84720 kB
SReclaimable:      34020 kB
SUnreclaim:        50700 kB
KernelStack:       25360 kB
PageTables:        54972 kB
NFS_Unstable:          0 kB
Bounce:                0 kB
WritebackTmp:          0 kB
CommitLimit:     8061628 kB
Committed_AS:   33010920 kB
VmallocTotal:     122880 kB
VmallocUsed:           0 kB
VmallocChunk:          0 kB
AnonHugePages:   4743168 kB
CmaTotal:              0 kB
CmaFree:               0 kB
HugePages_Total:       0
HugePages_Free:        0
HugePages_Rsvd:        0
HugePages_Surp:        0
Hugepagesize:       2048 kB
DirectMap4k:       55288 kB
DirectMap2M:      856064 kB


CPU:total 4 (initial active 4) (2 cores per cpu, 2 threads per core) family 6 model 58 stepping 9, cmov, cx8, fxsr, mmx, sse, sse2, sse3, ssse3, sse4.1, sse4.2, popcnt, avx, aes, clmul, erms, ht, tsc, tscinvbit, tscinv

/proc/cpuinfo:
processor	: 0
vendor_id	: GenuineIntel
cpu family	: 6
model		: 58
model name	: Intel(R) Core(TM) i5-3427U CPU @ 1.80GHz
stepping	: 9
microcode	: 0x17
cpu MHz		: 1099.957
cache size	: 3072 KB
physical id	: 0
siblings	: 4
core id		: 0
cpu cores	: 2
apicid		: 0
initial apicid	: 0
fdiv_bug	: no
f00f_bug	: no
coma_bug	: no
fpu		: yes
fpu_exception	: yes
cpuid level	: 13
wp		: yes
flags		: fpu vme de pse tsc msr pae mce cx8 apic sep mtrr pge mca cmov pat pse36 clflush dts acpi mmx fxsr sse sse2 ss ht tm pbe nx rdtscp lm constant_tsc arch_perfmon pebs bts xtopology nonstop_tsc aperfmperf eagerfpu pni pclmulqdq dtes64 monitor ds_cpl vmx smx est tm2 ssse3 cx16 xtpr pdcm sse4_1 sse4_2 x2apic popcnt tsc_deadline_timer aes xsave avx f16c rdrand lahf_lm epb retpoline tpr_shadow vnmi flexpriority ept vpid fsgsbase smep erms xsaveopt dtherm ida arat pln pts
bugs		: cpu_meltdown spectre_v1 spectre_v2
bogomips	: 4589.71
clflush size	: 64
cache_alignment	: 64
address sizes	: 36 bits physical, 48 bits virtual
power management:

processor	: 1
vendor_id	: GenuineIntel
cpu family	: 6
model		: 58
model name	: Intel(R) Core(TM) i5-3427U CPU @ 1.80GHz
stepping	: 9
microcode	: 0x17
cpu MHz		: 1099.957
cache size	: 3072 KB
physical id	: 0
siblings	: 4
core id		: 1
cpu cores	: 2
apicid		: 2
initial apicid	: 2
fdiv_bug	: no
f00f_bug	: no
coma_bug	: no
fpu		: yes
fpu_exception	: yes
cpuid level	: 13
wp		: yes
flags		: fpu vme de pse tsc msr pae mce cx8 apic sep mtrr pge mca cmov pat pse36 clflush dts acpi mmx fxsr sse sse2 ss ht tm pbe nx rdtscp lm constant_tsc arch_perfmon pebs bts xtopology nonstop_tsc aperfmperf eagerfpu pni pclmulqdq dtes64 monitor ds_cpl vmx smx est tm2 ssse3 cx16 xtpr pdcm sse4_1 sse4_2 x2apic popcnt tsc_deadline_timer aes xsave avx f16c rdrand lahf_lm epb retpoline tpr_shadow vnmi flexpriority ept vpid fsgsbase smep erms xsaveopt dtherm ida arat pln pts
bugs		: cpu_meltdown spectre_v1 spectre_v2
bogomips	: 4589.71
clflush size	: 64
cache_alignment	: 64
address sizes	: 36 bits physical, 48 bits virtual
power management:

processor	: 2
vendor_id	: GenuineIntel
cpu family	: 6
model		: 58
model name	: Intel(R) Core(TM) i5-3427U CPU @ 1.80GHz
stepping	: 9
microcode	: 0x17
cpu MHz		: 1099.957
cache size	: 3072 KB
physical id	: 0
siblings	: 4
core id		: 0
cpu cores	: 2
apicid		: 1
initial apicid	: 1
fdiv_bug	: no
f00f_bug	: no
coma_bug	: no
fpu		: yes
fpu_exception	: yes
cpuid level	: 13
wp		: yes
flags		: fpu vme de pse tsc msr pae mce cx8 apic sep mtrr pge mca cmov pat pse36 clflush dts acpi mmx fxsr sse sse2 ss ht tm pbe nx rdtscp lm constant_tsc arch_perfmon pebs bts xtopology nonstop_tsc aperfmperf eagerfpu pni pclmulqdq dtes64 monitor ds_cpl vmx smx est tm2 ssse3 cx16 xtpr pdcm sse4_1 sse4_2 x2apic popcnt tsc_deadline_timer aes xsave avx f16c rdrand lahf_lm epb retpoline tpr_shadow vnmi flexpriority ept vpid fsgsbase smep erms xsaveopt dtherm ida arat pln pts
bugs		: cpu_meltdown spectre_v1 spectre_v2
bogomips	: 4589.71
clflush size	: 64
cache_alignment	: 64
address sizes	: 36 bits physical, 48 bits virtual
power management:

processor	: 3
vendor_id	: GenuineIntel
cpu family	: 6
model		: 58
model name	: Intel(R) Core(TM) i5-3427U CPU @ 1.80GHz
stepping	: 9
microcode	: 0x17
cpu MHz		: 1099.957
cache size	: 3072 KB
physical id	: 0
siblings	: 4
core id		: 1
cpu cores	: 2
apicid		: 3
initial apicid	: 3
fdiv_bug	: no
f00f_bug	: no
coma_bug	: no
fpu		: yes
fpu_exception	: yes
cpuid level	: 13
wp		: yes
flags		: fpu vme de pse tsc msr pae mce cx8 apic sep mtrr pge mca cmov pat pse36 clflush dts acpi mmx fxsr sse sse2 ss ht tm pbe nx rdtscp lm constant_tsc arch_perfmon pebs bts xtopology nonstop_tsc aperfmperf eagerfpu pni pclmulqdq dtes64 monitor ds_cpl vmx smx est tm2 ssse3 cx16 xtpr pdcm sse4_1 sse4_2 x2apic popcnt tsc_deadline_timer aes xsave avx f16c rdrand lahf_lm epb retpoline tpr_shadow vnmi flexpriority ept vpid fsgsbase smep erms xsaveopt dtherm ida arat pln pts
bugs		: cpu_meltdown spectre_v1 spectre_v2
bogomips	: 4589.71
clflush size	: 64
cache_alignment	: 64
address sizes	: 36 bits physical, 48 bits virtual
power management:



Memory: 4k page, physical 8107396k(433924k free), swap 4007932k(0k free)

vm_info: OpenJDK Server VM (25.162-b12) for linux-x86 JRE (1.8.0_162-8u162-b12-0ubuntu0.16.04.2-b12), built on Mar 14 2018 12:07:04 by "buildd" with gcc 5.4.0 20160609

time: Thu Apr 12 20:20:07 2018
elapsed time: 6 seconds (0d 0h 0m 6s)

