#
# There is insufficient memory for the Java Runtime Environment to continue.
# Native memory allocation (mmap) failed to map 42991616 bytes for committing reserved memory.
# Possible reasons:
#   The system is out of physical RAM or swap space
#   In 32 bit mode, the process size limit was hit
# Possible solutions:
#   Reduce memory load on the system
#   Increase physical memory or swap space
#   Check if swap backing store is full
#   Use 64 bit Java on a 64 bit OS
#   Decrease Java heap size (-Xmx/-Xms)
#   Decrease number of Java threads
#   Decrease Java thread stack sizes (-Xss)
#   Set larger code cache with -XX:ReservedCodeCacheSize=
# This output file may be truncated or incomplete.
#
#  Out of Memory Error (os_linux.cpp:2643), pid=1402, tid=0x638e5b40
#
# JRE version: OpenJDK Runtime Environment (8.0_162-b12) (build 1.8.0_162-8u162-b12-0ubuntu0.16.04.2-b12)
# Java VM: OpenJDK Server VM (25.162-b12 mixed mode linux-x86 )
# Failed to write core dump. Core dumps have been disabled. To enable core dumping, try "ulimit -c unlimited" before starting Java again
#

---------------  T H R E A D  ---------------

Current thread (0x63781000):  VMThread [stack: 0x63865000,0x638e6000] [id=1502]

Stack: [0x63865000,0x638e6000],  sp=0x638e4b40,  free space=510k
Native frames: (J=compiled Java code, j=interpreted, Vv=VM code, C=native code)
V  [libjvm.so+0x8da814]
V  [libjvm.so+0x3a9046]
V  [libjvm.so+0x744ce0]
V  [libjvm.so+0x73eb53]
V  [libjvm.so+0x7b0e1c]
V  [libjvm.so+0x7b1e5b]
V  [libjvm.so+0x7ae917]
V  [libjvm.so+0x7af163]
V  [libjvm.so+0x767f15]
V  [libjvm.so+0x8dc3d9]
V  [libjvm.so+0x8e1536]
V  [libjvm.so+0x8df620]
V  [libjvm.so+0x8dfd75]
V  [libjvm.so+0x8e037b]
V  [libjvm.so+0x741e15]
C  [libpthread.so.0+0x6295]  start_thread+0xe5

VM_Operation (0xb642f000): ParallelGCFailedAllocation, mode: safepoint, requested by thread 0xb620ac00


---------------  P R O C E S S  ---------------

Java Threads: ( => current thread )
  0x637aa400 JavaThread "Service Thread" daemon [_thread_blocked, id=1666, stack(0x630db000,0x6312c000)]
  0x637a7400 JavaThread "C1 CompilerThread2" daemon [_thread_blocked, id=1663, stack(0x6312c000,0x631ad000)]
  0x637a5c00 JavaThread "C2 CompilerThread1" daemon [_thread_blocked, id=1660, stack(0x631ad000,0x6322e000)]
  0x637a4000 JavaThread "C2 CompilerThread0" daemon [_thread_blocked, id=1658, stack(0x6322e000,0x632af000)]
  0x637a2800 JavaThread "Signal Dispatcher" daemon [_thread_blocked, id=1651, stack(0x632af000,0x63300000)]
  0x63788800 JavaThread "Finalizer" daemon [_thread_blocked, id=1542, stack(0x63814000,0x63865000)]
  0x63785c00 JavaThread "Reference Handler" daemon [_thread_blocked, id=1519, stack(0x6642e000,0x6647f000)]
  0xb620ac00 JavaThread "main" [_thread_blocked, id=1445, stack(0xb63e0000,0xb6431000)]

Other Threads:
=>0x63781000 VMThread [stack: 0x63865000,0x638e6000] [id=1502]
  0x637abc00 WatcherThread [stack: 0x6305a000,0x630db000] [id=1668]

VM state:at safepoint (normal execution)

VM Mutex/Monitor currently owned by a thread:  ([mutex/lock_event])
[0xb62080c0] Threads_lock - owner thread: 0x63781000
[0xb62084d0] Heap_lock - owner thread: 0xb620ac00

Heap:
 PSYoungGen      total 35840K, used 2557K [0x918c0000, 0x93e40000, 0xa6e00000)
  eden space 33280K, 0% used [0x918c0000,0x918c0000,0x93940000)
  from space 2560K, 99% used [0x93940000,0x93bbf550,0x93bc0000)
  to   space 2560K, 0% used [0x93bc0000,0x93bc0000,0x93e40000)
 ParOldGen       total 43776K, used 12716K [0x66e00000, 0x698c0000, 0x918c0000)
  object space 43776K, 29% used [0x66e00000,0x67a6b2e0,0x698c0000)
 Metaspace       used 11468K, capacity 11504K, committed 11544K, reserved 11568K

Card table byte_map: [0x66bff000,0x66e00000] byte_map_base: 0x668c8000

Marking Bits: (ParMarkBitMap*) 0xb715b8a0
 Begin Bits: [0x64300000, 0x65300000)
 End Bits:   [0x65300000, 0x66300000)

Polling page: 0xb7768000

CodeCache: size=245760Kb used=4322Kb max_used=4334Kb free=241438Kb
 bounds [0xa7200000, 0xa7640000, 0xb6200000]
 total_blobs=1570 nmethods=1386 adapters=98
 compilation: enabled

Compilation events (10 events):
Event: 9.330 Thread 0x637a7400 1445       3       org.springframework.boot.bind.RelaxedNames$Manipulation$8::apply (6 bytes)
Event: 9.330 Thread 0x637a7400 nmethod 1445 0xa763c148 code [0xa763c260, 0xa763c38c]
Event: 9.330 Thread 0x637a7400 1464       3       java.lang.Enum::valueOf (73 bytes)
Event: 9.331 Thread 0x637a7400 nmethod 1464 0xa763c448 code [0xa763c680, 0xa763d1d8]
Event: 9.331 Thread 0x637a7400 1468       3       org.springframework.core.io.AbstractResource::<init> (5 bytes)
Event: 9.331 Thread 0x637a7400 nmethod 1468 0xa763d788 code [0xa763d8a0, 0xa763d9c0]
Event: 9.331 Thread 0x637a7400 1469       1       org.springframework.context.annotation.ConfigurationClass::getMetadata (5 bytes)
Event: 9.331 Thread 0x637a7400 nmethod 1469 0xa763da48 code [0xa763db40, 0xa763dbe0]
Event: 9.339 Thread 0x637a5c00 nmethod 1458 0xa763dc48 code [0xa763dd80, 0xa763e430]
Event: 9.339 Thread 0x637a5c00 1461       4       java.util.regex.Pattern$BmpCharProperty::match (50 bytes)

GC Heap History (9 events):
Event: 4.727 GC heap before
{Heap before GC invocations=1 (full 0):
 PSYoungGen      total 19200K, used 16640K [0x918c0000, 0x92e00000, 0xa6e00000)
  eden space 16640K, 100% used [0x918c0000,0x92900000,0x92900000)
  from space 2560K, 0% used [0x92b80000,0x92b80000,0x92e00000)
  to   space 2560K, 0% used [0x92900000,0x92900000,0x92b80000)
 ParOldGen       total 43776K, used 0K [0x66e00000, 0x698c0000, 0x918c0000)
  object space 43776K, 0% used [0x66e00000,0x66e00000,0x698c0000)
 Metaspace       used 4711K, capacity 4751K, committed 4760K, reserved 5424K
Event: 4.756 GC heap after
Heap after GC invocations=1 (full 0):
 PSYoungGen      total 19200K, used 2549K [0x918c0000, 0x92e00000, 0xa6e00000)
  eden space 16640K, 0% used [0x918c0000,0x918c0000,0x92900000)
  from space 2560K, 99% used [0x92900000,0x92b7d570,0x92b80000)
  to   space 2560K, 0% used [0x92b80000,0x92b80000,0x92e00000)
 ParOldGen       total 43776K, used 492K [0x66e00000, 0x698c0000, 0x918c0000)
  object space 43776K, 1% used [0x66e00000,0x66e7b150,0x698c0000)
 Metaspace       used 4711K, capacity 4751K, committed 4760K, reserved 5424K
}
Event: 6.172 GC heap before
{Heap before GC invocations=2 (full 0):
 PSYoungGen      total 19200K, used 19189K [0x918c0000, 0x92e00000, 0xa6e00000)
  eden space 16640K, 100% used [0x918c0000,0x92900000,0x92900000)
  from space 2560K, 99% used [0x92900000,0x92b7d570,0x92b80000)
  to   space 2560K, 0% used [0x92b80000,0x92b80000,0x92e00000)
 ParOldGen       total 43776K, used 492K [0x66e00000, 0x698c0000, 0x918c0000)
  object space 43776K, 1% used [0x66e00000,0x66e7b150,0x698c0000)
 Metaspace       used 6672K, capacity 6703K, committed 6808K, reserved 7472K
Event: 6.196 GC heap after
Heap after GC invocations=2 (full 0):
 PSYoungGen      total 19200K, used 2555K [0x918c0000, 0x93e40000, 0xa6e00000)
  eden space 16640K, 0% used [0x918c0000,0x918c0000,0x92900000)
  from space 2560K, 99% used [0x92b80000,0x92dfefd0,0x92e00000)
  to   space 2560K, 0% used [0x92900000,0x92900000,0x92b80000)
 ParOldGen       total 43776K, used 4475K [0x66e00000, 0x698c0000, 0x918c0000)
  object space 43776K, 10% used [0x66e00000,0x6725eea8,0x698c0000)
 Metaspace       used 6672K, capacity 6703K, committed 6808K, reserved 7472K
}
Event: 7.265 GC heap before
{Heap before GC invocations=3 (full 0):
 PSYoungGen      total 19200K, used 19195K [0x918c0000, 0x93e40000, 0xa6e00000)
  eden space 16640K, 100% used [0x918c0000,0x92900000,0x92900000)
  from space 2560K, 99% used [0x92b80000,0x92dfefd0,0x92e00000)
  to   space 2560K, 0% used [0x92900000,0x92900000,0x92b80000)
 ParOldGen       total 43776K, used 4475K [0x66e00000, 0x698c0000, 0x918c0000)
  object space 43776K, 10% used [0x66e00000,0x6725eea8,0x698c0000)
 Metaspace       used 8282K, capacity 8303K, committed 8344K, reserved 8496K
Event: 7.279 GC heap after
Heap after GC invocations=3 (full 0):
 PSYoungGen      total 19200K, used 2554K [0x918c0000, 0x93e40000, 0xa6e00000)
  eden space 16640K, 0% used [0x918c0000,0x918c0000,0x92900000)
  from space 2560K, 99% used [0x92900000,0x92b7eb58,0x92b80000)
  to   space 2560K, 0% used [0x93bc0000,0x93bc0000,0x93e40000)
 ParOldGen       total 43776K, used 6950K [0x66e00000, 0x698c0000, 0x918c0000)
  object space 43776K, 15% used [0x66e00000,0x674c9808,0x698c0000)
 Metaspace       used 8282K, capacity 8303K, committed 8344K, reserved 8496K
}
Event: 8.072 GC heap before
{Heap before GC invocations=4 (full 0):
 PSYoungGen      total 19200K, used 19194K [0x918c0000, 0x93e40000, 0xa6e00000)
  eden space 16640K, 100% used [0x918c0000,0x92900000,0x92900000)
  from space 2560K, 99% used [0x92900000,0x92b7eb58,0x92b80000)
  to   space 2560K, 0% used [0x93bc0000,0x93bc0000,0x93e40000)
 ParOldGen       total 43776K, used 6950K [0x66e00000, 0x698c0000, 0x918c0000)
  object space 43776K, 15% used [0x66e00000,0x674c9808,0x698c0000)
 Metaspace       used 10138K, capacity 10190K, committed 10264K, reserved 10544K
Event: 8.096 GC heap after
Heap after GC invocations=4 (full 0):
 PSYoungGen      total 35840K, used 2549K [0x918c0000, 0x93e40000, 0xa6e00000)
  eden space 33280K, 0% used [0x918c0000,0x918c0000,0x93940000)
  from space 2560K, 99% used [0x93bc0000,0x93e3d560,0x93e40000)
  to   space 2560K, 0% used [0x93940000,0x93940000,0x93bc0000)
 ParOldGen       total 43776K, used 9323K [0x66e00000, 0x698c0000, 0x918c0000)
  object space 43776K, 21% used [0x66e00000,0x6771ada0,0x698c0000)
 Metaspace       used 10138K, capacity 10190K, committed 10264K, reserved 10544K
}
Event: 9.340 GC heap before
{Heap before GC invocations=5 (full 0):
 PSYoungGen      total 35840K, used 35829K [0x918c0000, 0x93e40000, 0xa6e00000)
  eden space 33280K, 100% used [0x918c0000,0x93940000,0x93940000)
  from space 2560K, 99% used [0x93bc0000,0x93e3d560,0x93e40000)
  to   space 2560K, 0% used [0x93940000,0x93940000,0x93bc0000)
 ParOldGen       total 43776K, used 9323K [0x66e00000, 0x698c0000, 0x918c0000)
  object space 43776K, 21% used [0x66e00000,0x6771ada0,0x698c0000)
 Metaspace       used 11468K, capacity 11504K, committed 11544K, reserved 11568K

Deoptimization events (10 events):
Event: 7.439 Thread 0xb620ac00 Uncommon trap: reason=bimorphic action=maybe_recompile pc=0xa72b06c8 method=java.util.HashMap.putVal(ILjava/lang/Object;Ljava/lang/Object;ZZ)Ljava/lang/Object; @ 253
Event: 7.439 Thread 0xb620ac00 Uncommon trap: reason=bimorphic action=maybe_recompile pc=0xa72b06c8 method=java.util.HashMap.putVal(ILjava/lang/Object;Ljava/lang/Object;ZZ)Ljava/lang/Object; @ 253
Event: 7.826 Thread 0x60fe2800 Uncommon trap: reason=unstable_if action=reinterpret pc=0xa74bbcd0 method=com.sun.org.apache.xerces.internal.impl.XMLEntityScanner.checkBeforeLoad(Lcom/sun/xml/internal/stream/Entity$ScannedEntity;II)I @ 18
Event: 7.971 Thread 0x60fe2800 Uncommon trap: reason=unstable_if action=reinterpret pc=0xa74f8130 method=com.sun.org.apache.xerces.internal.impl.XMLEntityScanner.scanLiteral(ILcom/sun/org/apache/xerces/internal/xni/XMLString;Z)I @ 570
Event: 8.264 Thread 0xb620ac00 Uncommon trap: reason=bimorphic action=maybe_recompile pc=0xa7433914 method=java.util.HashMap.putVal(ILjava/lang/Object;Ljava/lang/Object;ZZ)Ljava/lang/Object; @ 253
Event: 8.623 Thread 0x60fe2800 Uncommon trap: reason=class_check action=maybe_recompile pc=0xa7437884 method=java.util.regex.Matcher.search(I)Z @ 86
Event: 8.623 Thread 0x60fe2800 Uncommon trap: reason=unstable_if action=reinterpret pc=0xa74bde84 method=java.util.regex.Pattern$BmpCharProperty.match(Ljava/util/regex/Matcher;ILjava/lang/CharSequence;)Z @ 5
Event: 8.953 Thread 0xb620ac00 Uncommon trap: reason=unstable_if action=reinterpret pc=0xa72b9c0c method=java.util.LinkedHashMap.get(Ljava/lang/Object;)Ljava/lang/Object; @ 20
Event: 9.121 Thread 0xb620ac00 Uncommon trap: reason=class_check action=maybe_recompile pc=0xa7469c68 method=java.util.HashMap.putVal(ILjava/lang/Object;Ljava/lang/Object;ZZ)Ljava/lang/Object; @ 203
Event: 9.209 Thread 0xb620ac00 Uncommon trap: reason=class_check action=maybe_recompile pc=0xa7469c68 method=java.util.HashMap.putVal(ILjava/lang/Object;Ljava/lang/Object;ZZ)Ljava/lang/Object; @ 203

Classes redefined (0 events):
No events

Internal exceptions (10 events):
Event: 4.084 Thread 0xb620ac00 Exception <a 'java/lang/ArrayIndexOutOfBoundsException'> (0x9243f6e0) thrown at [/build/openjdk-8-2Hm3Za/openjdk-8-8u162-b12/src/hotspot/src/share/vm/runtime/sharedRuntime.cpp, line 605]
Event: 4.086 Thread 0xb620ac00 Exception <a 'java/lang/ArrayIndexOutOfBoundsException'> (0x92447398) thrown at [/build/openjdk-8-2Hm3Za/openjdk-8-8u162-b12/src/hotspot/src/share/vm/runtime/sharedRuntime.cpp, line 605]
Event: 4.324 Thread 0xb620ac00 Exception <a 'java/lang/ArrayIndexOutOfBoundsException'> (0x925a19e8) thrown at [/build/openjdk-8-2Hm3Za/openjdk-8-8u162-b12/src/hotspot/src/share/vm/runtime/sharedRuntime.cpp, line 605]
Event: 4.324 Thread 0xb620ac00 Exception <a 'java/lang/ArrayIndexOutOfBoundsException'> (0x925a2c50) thrown at [/build/openjdk-8-2Hm3Za/openjdk-8-8u162-b12/src/hotspot/src/share/vm/runtime/sharedRuntime.cpp, line 605]
Event: 4.652 Thread 0xb620ac00 Exception <a 'java/io/FileNotFoundException'> (0x927ecc10) thrown at [/build/openjdk-8-2Hm3Za/openjdk-8-8u162-b12/src/hotspot/src/share/vm/prims/jni.cpp, line 709]
Event: 5.313 Thread 0xb620ac00 Exception <a 'java/lang/ClassNotFoundException': java/lang/ObjectCustomizer> (0x91e558e0) thrown at [/build/openjdk-8-2Hm3Za/openjdk-8-8u162-b12/src/hotspot/src/share/vm/classfile/systemDictionary.cpp, line 210]
Event: 5.328 Thread 0xb620ac00 Exception <a 'java/lang/ClassNotFoundException': org/springframework/boot/SpringApplicationCustomizer> (0x91f4e8f8) thrown at [/build/openjdk-8-2Hm3Za/openjdk-8-8u162-b12/src/hotspot/src/share/vm/classfile/systemDictionary.cpp, line 210]
Event: 7.134 Thread 0xb620ac00 Exception <a 'java/lang/NoSuchMethodError': org.slf4j.impl.StaticMDCBinder.getSingleton()Lorg/slf4j/impl/StaticMDCBinder;> (0x926e05e0) thrown at [/build/openjdk-8-2Hm3Za/openjdk-8-8u162-b12/src/hotspot/src/share/vm/interpreter/linkResolver.cpp, line 620]
Event: 7.161 Thread 0xb620ac00 Implicit null exception at 0xa7427fbe to 0xa742816d
Event: 7.163 Thread 0xb620ac00 Implicit null exception at 0xa73929cb to 0xa7392a10

Events (10 events):
Event: 9.259 loading class org/springframework/boot/autoconfigure/web/ResourceProperties$Fixed done
Event: 9.259 loading class org/springframework/boot/autoconfigure/web/ResourceProperties$Content
Event: 9.259 loading class org/springframework/boot/autoconfigure/web/ResourceProperties$Content done
Event: 9.313 loading class org/webjars/WebJarAssetLocator
Event: 9.313 loading class org/webjars/WebJarAssetLocator done
Event: 9.313 loading class org/webjars$WebJarAssetLocator
Event: 9.313 loading class org/webjars$WebJarAssetLocator done
Event: 9.315 loading class org/springframework/beans/factory/annotation/Autowired
Event: 9.315 loading class org/springframework/beans/factory/annotation/Autowired done
Event: 9.340 Executing VM operation: ParallelGCFailedAllocation


Dynamic libraries:
08048000-08049000 r-xp 00000000 08:01 1693449    /usr/lib/jvm/java-8-openjdk-i386/jre/bin/java
08049000-0804a000 r--p 00000000 08:01 1693449    /usr/lib/jvm/java-8-openjdk-i386/jre/bin/java
0804a000-0804b000 rw-p 00001000 08:01 1693449    /usr/lib/jvm/java-8-openjdk-i386/jre/bin/java
0840b000-0845f000 rw-p 00000000 00:00 0          [heap]
5fc00000-5fc78000 rw-p 00000000 00:00 0 
5fc78000-5fd00000 ---p 00000000 00:00 0 
5fe00000-5fea6000 rw-p 00000000 00:00 0 
5fea6000-5ff00000 ---p 00000000 00:00 0 
60000000-60100000 rw-p 00000000 00:00 0 
60100000-601d7000 rw-p 00000000 00:00 0 
601d7000-60200000 ---p 00000000 00:00 0 
60200000-60300000 rw-p 00000000 00:00 0 
60300000-60400000 rw-p 00000000 00:00 0 
60400000-60500000 rw-p 00000000 00:00 0 
60500000-60600000 rw-p 00000000 00:00 0 
60600000-60700000 rw-p 00000000 00:00 0 
60700000-607ff000 rw-p 00000000 00:00 0 
607ff000-60800000 ---p 00000000 00:00 0 
60800000-60900000 rw-p 00000000 00:00 0 
60900000-60a00000 rw-p 00000000 00:00 0 
60a00000-60afd000 rw-p 00000000 00:00 0 
60afd000-60b00000 ---p 00000000 00:00 0 
60b00000-60c00000 rw-p 00000000 00:00 0 
60c00000-60d00000 rw-p 00000000 00:00 0 
60d00000-60dfc000 rw-p 00000000 00:00 0 
60dfc000-60e00000 ---p 00000000 00:00 0 
60e00000-60f00000 rw-p 00000000 00:00 0 
60f00000-60ff9000 rw-p 00000000 00:00 0 
60ff9000-61000000 ---p 00000000 00:00 0 
61000000-61100000 rw-p 00000000 00:00 0 
61100000-61200000 rw-p 00000000 00:00 0 
6123a000-61243000 r-xp 00000000 08:01 1693434    /usr/lib/jvm/java-8-openjdk-i386/jre/lib/i386/libmanagement.so
61243000-61244000 r--p 00008000 08:01 1693434    /usr/lib/jvm/java-8-openjdk-i386/jre/lib/i386/libmanagement.so
61244000-61245000 rw-p 00009000 08:01 1693434    /usr/lib/jvm/java-8-openjdk-i386/jre/lib/i386/libmanagement.so
61245000-6124a000 r--s 002f9000 08:01 1692594    /usr/lib/jvm/java-8-openjdk-i386/jre/lib/charsets.jar
6124a000-6124d000 ---p 00000000 00:00 0 
6124d000-6129b000 rw-p 00000000 00:00 0 
6129b000-612a9000 r--s 0007c000 08:01 2657517    /home/sarnobat/.m2/repository/org/springframework/spring-test/4.2.5.RELEASE/spring-test-4.2.5.RELEASE.jar
612a9000-612aa000 r--s 0000c000 08:01 2796529    /home/sarnobat/.m2/repository/org/hamcrest/hamcrest-library/1.3/hamcrest-library-1.3.jar
612aa000-612ac000 r--s 00009000 08:01 2657515    /home/sarnobat/.m2/repository/org/objenesis/objenesis/2.1/objenesis-2.1.jar
612ac000-612c8000 r--s 00103000 08:01 2657513    /home/sarnobat/.m2/repository/org/mockito/mockito-core/1.10.19/mockito-core-1.10.19.jar
612c8000-612ca000 r--s 00009000 08:01 2733514    /home/sarnobat/.m2/repository/org/hamcrest/hamcrest-core/1.3/hamcrest-core-1.3.jar
612ca000-612d2000 r--s 00045000 08:01 2495292    /home/sarnobat/.m2/repository/junit/junit/4.12/junit-4.12.jar
612d2000-612d3000 r--s 00000000 08:01 2657494    /home/sarnobat/.m2/repository/org/springframework/boot/spring-boot-starter-test/1.3.3.RELEASE/spring-boot-starter-test-1.3.3.RELEASE.jar
612d3000-612d7000 r--s 0002e000 08:01 2657508    /home/sarnobat/.m2/repository/org/apache/tomcat/tomcat-util-scan/9.0.0.M4/tomcat-util-scan-9.0.0.M4.jar
612d7000-612db000 r--s 0001b000 08:01 2657505    /home/sarnobat/.m2/repository/org/apache/tomcat/tomcat-util/9.0.0.M4/tomcat-util-9.0.0.M4.jar
612db000-612e6000 r--s 000aa000 08:01 2657491    /home/sarnobat/.m2/repository/org/apache/tomcat/tomcat-coyote/9.0.0.M4/tomcat-coyote-9.0.0.M4.jar
612e6000-612e8000 r--s 00007000 08:01 2657486    /home/sarnobat/.m2/repository/org/apache/tomcat/tomcat-jni/9.0.0.M4/tomcat-jni-9.0.0.M4.jar
612e8000-612e9000 r--s 00002000 08:01 2650198    /home/sarnobat/.m2/repository/org/apache/tomcat/tomcat-api/9.0.0.M4/tomcat-api-9.0.0.M4.jar
612e9000-612eb000 r--s 00003000 08:01 2650170    /home/sarnobat/.m2/repository/org/apache/tomcat/tomcat-annotations-api/9.0.0.M4/tomcat-annotations-api-9.0.0.M4.jar
612eb000-612ff000 r--s 0016e000 08:01 2650148    /home/sarnobat/.m2/repository/org/apache/tomcat/tomcat-catalina/9.0.0.M4/tomcat-catalina-9.0.0.M4.jar
612ff000-62f00000 rw-p 00000000 00:00 0 
62f00000-62ffc000 rw-p 00000000 00:00 0 
62ffc000-63000000 ---p 00000000 00:00 0 
63000000-63002000 r--s 00012000 08:01 2650160    /home/sarnobat/.m2/repository/org/apache/tomcat/tomcat-el-api/8.0.32/tomcat-el-api-8.0.32.jar
63002000-63004000 r--s 0000d000 08:01 2650157    /home/sarnobat/.m2/repository/org/apache/tomcat/tomcat-jsp-api/8.0.32/tomcat-jsp-api-8.0.32.jar
63004000-63008000 r--s 00040000 08:01 2650150    /home/sarnobat/.m2/repository/org/apache/tomcat/tomcat-servlet-api/9.0.0.M4/tomcat-servlet-api-9.0.0.M4.jar
63008000-63019000 r--s 000c6000 08:01 2650135    /home/sarnobat/.m2/repository/org/springframework/spring-webmvc/4.2.5.RELEASE/spring-webmvc-4.2.5.RELEASE.jar
63019000-6302a000 r--s 000ab000 08:01 2650132    /home/sarnobat/.m2/repository/org/springframework/spring-web/4.2.5.RELEASE/spring-web-4.2.5.RELEASE.jar
6302a000-6302e000 r--s 0003c000 08:01 2796576    /home/sarnobat/.m2/repository/com/fasterxml/jackson/core/jackson-core/2.6.5/jackson-core-2.6.5.jar
6302e000-63031000 r--s 00009000 08:01 2796574    /home/sarnobat/.m2/repository/com/fasterxml/jackson/core/jackson-annotations/2.6.5/jackson-annotations-2.6.5.jar
63031000-63042000 r--s 0010d000 08:01 2796572    /home/sarnobat/.m2/repository/com/fasterxml/jackson/core/jackson-databind/2.6.5/jackson-databind-2.6.5.jar
63042000-63058000 r-xp 00000000 08:01 1693426    /usr/lib/jvm/java-8-openjdk-i386/jre/lib/i386/libnet.so
63058000-63059000 r--p 00015000 08:01 1693426    /usr/lib/jvm/java-8-openjdk-i386/jre/lib/i386/libnet.so
63059000-6305a000 rw-p 00016000 08:01 1693426    /usr/lib/jvm/java-8-openjdk-i386/jre/lib/i386/libnet.so
6305a000-6305b000 ---p 00000000 00:00 0 
6305b000-630db000 rw-p 00000000 00:00 0 
630db000-630de000 ---p 00000000 00:00 0 
630de000-6312c000 rw-p 00000000 00:00 0 
6312c000-6312f000 ---p 00000000 00:00 0 
6312f000-631ad000 rw-p 00000000 00:00 0 
631ad000-631b0000 ---p 00000000 00:00 0 
631b0000-6322e000 rw-p 00000000 00:00 0 
6322e000-63231000 ---p 00000000 00:00 0 
63231000-632af000 rw-p 00000000 00:00 0 
632af000-632b2000 ---p 00000000 00:00 0 
632b2000-63300000 rw-p 00000000 00:00 0 
63300000-63500000 r--p 00000000 08:01 1110568    /usr/lib/locale/locale-archive
63500000-635f3000 rw-p 00000000 00:00 0 
635f3000-63600000 ---p 00000000 00:00 0 
63600000-63621000 rw-p 00000000 00:00 0 
63621000-63700000 ---p 00000000 00:00 0 
63700000-63800000 rw-p 00000000 00:00 0 
63800000-63802000 r--s 0000e000 08:01 2796570    /home/sarnobat/.m2/repository/com/fasterxml/classmate/1.1.0/classmate-1.1.0.jar
63802000-63804000 r--s 0000f000 08:01 2650129    /home/sarnobat/.m2/repository/org/jboss/logging/jboss-logging/3.3.0.Final/jboss-logging-3.3.0.Final.jar
63804000-63814000 r--s 0009c000 08:01 2650102    /home/sarnobat/.m2/repository/org/hibernate/hibernate-validator/5.2.4.Final/hibernate-validator-5.2.4.Final.jar
63814000-63817000 ---p 00000000 00:00 0 
63817000-63865000 rw-p 00000000 00:00 0 
63865000-63866000 ---p 00000000 00:00 0 
63866000-638e6000 rw-p 00000000 00:00 0 
638e6000-63ab4000 r--s 03c2c000 08:01 1692598    /usr/lib/jvm/java-8-openjdk-i386/jre/lib/rt.jar
63ab4000-63efa000 rw-p 00000000 00:00 0 
63efa000-63f00000 ---p 00000000 00:00 0 
63f00000-66300000 rw-p 00000000 00:00 0 
66300000-663ff000 rw-p 00000000 00:00 0 
663ff000-66400000 ---p 00000000 00:00 0 
66400000-66401000 r--s 00009000 08:01 2650165    /home/sarnobat/.m2/repository/org/apache/tomcat/tomcat-juli/9.0.0.M4/tomcat-juli-9.0.0.M4.jar
66401000-66402000 r--s 00000000 08:01 2650097    /home/sarnobat/.m2/repository/org/springframework/boot/spring-boot-starter-validation/1.3.3.RELEASE/spring-boot-starter-validation-1.3.3.RELEASE.jar
66402000-66408000 r--s 00037000 08:01 2650084    /home/sarnobat/.m2/repository/org/apache/tomcat/embed/tomcat-embed-websocket/8.0.32/tomcat-embed-websocket-8.0.32.jar
66408000-66409000 r--s 00009000 08:01 2650073    /home/sarnobat/.m2/repository/org/apache/tomcat/embed/tomcat-embed-logging-juli/8.0.32/tomcat-embed-logging-juli-8.0.32.jar
66409000-6642e000 r--s 00290000 08:01 2650039    /home/sarnobat/.m2/repository/org/apache/tomcat/embed/tomcat-embed-core/8.0.32/tomcat-embed-core-8.0.32.jar
6642e000-66431000 ---p 00000000 00:00 0 
66431000-6647f000 rw-p 00000000 00:00 0 
6647f000-66480000 ---p 00000000 00:00 0 
66480000-66500000 rw-p 00000000 00:00 0 
66500000-665fe000 rw-p 00000000 00:00 0 
665fe000-66600000 ---p 00000000 00:00 0 
66600000-66605000 r--s 00036000 08:01 2650043    /home/sarnobat/.m2/repository/org/apache/tomcat/embed/tomcat-embed-el/8.0.32/tomcat-embed-el-8.0.32.jar
66605000-66616000 r-xp 00000000 08:01 1693431    /usr/lib/jvm/java-8-openjdk-i386/jre/lib/i386/libnio.so
66616000-66617000 r--p 00010000 08:01 1693431    /usr/lib/jvm/java-8-openjdk-i386/jre/lib/i386/libnio.so
66617000-66618000 rw-p 00011000 08:01 1693431    /usr/lib/jvm/java-8-openjdk-i386/jre/lib/i386/libnio.so
66618000-66619000 r--s 00000000 08:01 2650035    /home/sarnobat/.m2/repository/org/springframework/boot/spring-boot-starter-tomcat/1.3.3.RELEASE/spring-boot-starter-tomcat-1.3.3.RELEASE.jar
66619000-6661a000 r--s 00000000 08:01 2650033    /home/sarnobat/.m2/repository/org/springframework/boot/spring-boot-starter-web/1.3.3.RELEASE/spring-boot-starter-web-1.3.3.RELEASE.jar
6661a000-66620000 r--s 0003c000 08:01 2650030    /home/sarnobat/.m2/repository/org/yaml/snakeyaml/1.16/snakeyaml-1.16.jar
66620000-66622000 r--s 00004000 08:01 2796567    /home/sarnobat/.m2/repository/org/slf4j/log4j-over-slf4j/1.7.16/log4j-over-slf4j-1.7.16.jar
66622000-66624000 r--s 00000000 08:01 2796565    /home/sarnobat/.m2/repository/org/slf4j/jul-to-slf4j/1.7.16/jul-to-slf4j-1.7.16.jar
66624000-66626000 r--s 00003000 08:01 2796563    /home/sarnobat/.m2/repository/org/slf4j/jcl-over-slf4j/1.7.16/jcl-over-slf4j-1.7.16.jar
66626000-66631000 r--s 00065000 08:01 2650024    /home/sarnobat/.m2/repository/ch/qos/logback/logback-core/1.1.5/logback-core-1.1.5.jar
66631000-6667f000 rw-p 00000000 00:00 0 
6667f000-66680000 ---p 00000000 00:00 0 
66680000-66700000 rw-p 00000000 00:00 0 
66700000-66721000 rw-p 00000000 00:00 0 
66721000-66800000 ---p 00000000 00:00 0 
66800000-66817000 r--s 000a2000 08:01 2641678    /home/sarnobat/.m2/repository/org/springframework/boot/spring-boot-autoconfigure/1.3.3.RELEASE/spring-boot-autoconfigure-1.3.3.RELEASE.jar
66817000-66824000 r--s 000a6000 08:01 2641689    /home/sarnobat/.m2/repository/org/springframework/spring-beans/4.2.5.RELEASE/spring-beans-4.2.5.RELEASE.jar
66824000-6687f000 rw-p 00000000 00:00 0 
6687f000-66880000 ---p 00000000 00:00 0 
66880000-66900000 rw-p 00000000 00:00 0 
66900000-66921000 rw-p 00000000 00:00 0 
66921000-66a00000 ---p 00000000 00:00 0 
66a00000-66a06000 r--s 0003f000 08:01 2650009    /home/sarnobat/.m2/repository/ch/qos/logback/logback-classic/1.1.5/logback-classic-1.1.5.jar
66a06000-66a0f000 r--s 00052000 08:01 2641687    /home/sarnobat/.m2/repository/org/springframework/spring-aop/4.2.5.RELEASE/spring-aop-4.2.5.RELEASE.jar
66a0f000-66a28000 r--s 000f3000 08:01 2641676    /home/sarnobat/.m2/repository/org/springframework/spring-context/4.2.5.RELEASE/spring-context-4.2.5.RELEASE.jar
66a28000-66a29000 ---p 00000000 00:00 0 
66a29000-66abf000 rw-p 00000000 00:00 0 
66abf000-66bff000 ---p 00000000 00:00 0 
66bff000-66c15000 rw-p 00000000 00:00 0 
66c15000-66d54000 ---p 00000000 00:00 0 
66d54000-66d68000 rw-p 00000000 00:00 0 
66d68000-66dff000 ---p 00000000 00:00 0 
66dff000-698c0000 rw-p 00000000 00:00 0 
698c0000-918c0000 ---p 00000000 00:00 0 
918c0000-93e40000 rw-p 00000000 00:00 0 
96740000-a6e00000 ---p 00000000 00:00 0 
a6e00000-a6e01000 r--s 00009000 08:01 2796554    /home/sarnobat/.m2/repository/org/slf4j/slf4j-api/1.7.16/slf4j-api-1.7.16.jar
a6e01000-a6e17000 r--s 000f2000 08:01 2641681    /home/sarnobat/.m2/repository/org/springframework/spring-core/4.2.5.RELEASE/spring-core-4.2.5.RELEASE.jar
a6e17000-a6e25000 r--s 00078000 08:01 2641674    /home/sarnobat/.m2/repository/org/springframework/boot/spring-boot/1.3.3.RELEASE/spring-boot-1.3.3.RELEASE.jar
a6e25000-a6e40000 r--s 00394000 08:01 1692580    /usr/lib/jvm/java-8-openjdk-i386/jre/lib/ext/cldrdata.jar
a6e40000-a6e51000 rw-p 00000000 00:00 0 
a6e51000-a7200000 ---p 00000000 00:00 0 
a7200000-a7640000 rwxp 00000000 00:00 0 
a7640000-b6200000 ---p 00000000 00:00 0 
b6200000-b62fe000 rw-p 00000000 00:00 0 
b62fe000-b6300000 ---p 00000000 00:00 0 
b6300000-b6301000 r--s 00000000 08:01 2650006    /home/sarnobat/.m2/repository/org/springframework/boot/spring-boot-starter-logging/1.3.3.RELEASE/spring-boot-starter-logging-1.3.3.RELEASE.jar
b6301000-b6306000 r--s 0003c000 08:01 2641692    /home/sarnobat/.m2/repository/org/springframework/spring-expression/4.2.5.RELEASE/spring-expression-4.2.5.RELEASE.jar
b6306000-b6308000 r--s 00000000 08:01 2717532    /home/sarnobat/.m2/repository/aopalliance/aopalliance/1.0/aopalliance-1.0.jar
b6308000-b630c000 r--s 0000c000 08:01 2717440    /home/sarnobat/.m2/repository/javax/validation/validation-api/1.1.0.Final/validation-api-1.1.0.Final.jar
b630c000-b630e000 r--s 00008000 08:01 1692578    /usr/lib/jvm/java-8-openjdk-i386/jre/lib/ext/sunec.jar
b630e000-b6329000 r--s 001d6000 08:01 1692582    /usr/lib/jvm/java-8-openjdk-i386/jre/lib/ext/nashorn.jar
b6329000-b632e000 r--s 0003b000 08:01 1692576    /usr/lib/jvm/java-8-openjdk-i386/jre/lib/ext/sunjce_provider.jar
b632e000-b6338000 r--s 00116000 08:01 1692574    /usr/lib/jvm/java-8-openjdk-i386/jre/lib/ext/localedata.jar
b6338000-b6350000 rw-p 00000000 00:00 0 
b6350000-b635b000 r-xp 00000000 08:01 3402889    /lib/i386-linux-gnu/libnss_files-2.23.so
b635b000-b635c000 r--p 0000a000 08:01 3402889    /lib/i386-linux-gnu/libnss_files-2.23.so
b635c000-b635d000 rw-p 0000b000 08:01 3402889    /lib/i386-linux-gnu/libnss_files-2.23.so
b635d000-b6363000 rw-p 00000000 00:00 0 
b6363000-b636e000 r-xp 00000000 08:01 3402895    /lib/i386-linux-gnu/libnss_nis-2.23.so
b636e000-b636f000 r--p 0000a000 08:01 3402895    /lib/i386-linux-gnu/libnss_nis-2.23.so
b636f000-b6370000 rw-p 0000b000 08:01 3402895    /lib/i386-linux-gnu/libnss_nis-2.23.so
b6370000-b6387000 r-xp 00000000 08:01 3402652    /lib/i386-linux-gnu/libnsl-2.23.so
b6387000-b6388000 r--p 00016000 08:01 3402652    /lib/i386-linux-gnu/libnsl-2.23.so
b6388000-b6389000 rw-p 00017000 08:01 3402652    /lib/i386-linux-gnu/libnsl-2.23.so
b6389000-b638b000 rw-p 00000000 00:00 0 
b638b000-b6393000 r-xp 00000000 08:01 3402720    /lib/i386-linux-gnu/libnss_compat-2.23.so
b6393000-b6394000 r--p 00007000 08:01 3402720    /lib/i386-linux-gnu/libnss_compat-2.23.so
b6394000-b6395000 rw-p 00008000 08:01 3402720    /lib/i386-linux-gnu/libnss_compat-2.23.so
b6395000-b6396000 r--s 00000000 08:01 2641672    /home/sarnobat/.m2/repository/org/springframework/boot/spring-boot-starter/1.3.3.RELEASE/spring-boot-starter-1.3.3.RELEASE.jar
b6396000-b6398000 r--s 00001000 08:01 1692579    /usr/lib/jvm/java-8-openjdk-i386/jre/lib/ext/dnsns.jar
b6398000-b639b000 r--s 0000f000 08:01 1692575    /usr/lib/jvm/java-8-openjdk-i386/jre/lib/ext/icedtea-sound.jar
b639b000-b63a3000 r-xp 00000000 08:01 1693413    /usr/lib/jvm/java-8-openjdk-i386/jre/lib/i386/libzip.so
b63a3000-b63a4000 r--p 00007000 08:01 1693413    /usr/lib/jvm/java-8-openjdk-i386/jre/lib/i386/libzip.so
b63a4000-b63a5000 rw-p 00008000 08:01 1693413    /usr/lib/jvm/java-8-openjdk-i386/jre/lib/i386/libzip.so
b63a5000-b63ad000 rw-s 00000000 08:01 2576953    /tmp/hsperfdata_sarnobat/1402
b63ad000-b63d5000 r-xp 00000000 08:01 1693416    /usr/lib/jvm/java-8-openjdk-i386/jre/lib/i386/libjava.so
b63d5000-b63d6000 r--p 00027000 08:01 1693416    /usr/lib/jvm/java-8-openjdk-i386/jre/lib/i386/libjava.so
b63d6000-b63d7000 rw-p 00028000 08:01 1693416    /usr/lib/jvm/java-8-openjdk-i386/jre/lib/i386/libjava.so
b63d7000-b63de000 r-xp 00000000 08:01 3402905    /lib/i386-linux-gnu/librt-2.23.so
b63de000-b63df000 r--p 00006000 08:01 3402905    /lib/i386-linux-gnu/librt-2.23.so
b63df000-b63e0000 rw-p 00007000 08:01 3402905    /lib/i386-linux-gnu/librt-2.23.so
b63e0000-b63e3000 ---p 00000000 00:00 0 
b63e3000-b6431000 rw-p 00000000 00:00 0 
b6431000-b644d000 r-xp 00000000 08:01 3402590    /lib/i386-linux-gnu/libgcc_s.so.1
b644d000-b644e000 rw-p 0001b000 08:01 3402590    /lib/i386-linux-gnu/libgcc_s.so.1
b644e000-b64a1000 r-xp 00000000 08:01 3402651    /lib/i386-linux-gnu/libm-2.23.so
b64a1000-b64a2000 r--p 00052000 08:01 3402651    /lib/i386-linux-gnu/libm-2.23.so
b64a2000-b64a3000 rw-p 00053000 08:01 3402651    /lib/i386-linux-gnu/libm-2.23.so
b64a3000-b6610000 r-xp 00000000 08:01 1104849    /usr/lib/i386-linux-gnu/libstdc++.so.6.0.21
b6610000-b6611000 ---p 0016d000 08:01 1104849    /usr/lib/i386-linux-gnu/libstdc++.so.6.0.21
b6611000-b6616000 r--p 0016d000 08:01 1104849    /usr/lib/i386-linux-gnu/libstdc++.so.6.0.21
b6616000-b6617000 rw-p 00172000 08:01 1104849    /usr/lib/i386-linux-gnu/libstdc++.so.6.0.21
b6617000-b661a000 rw-p 00000000 00:00 0 
b661a000-b70f0000 r-xp 00000000 08:01 1693411    /usr/lib/jvm/java-8-openjdk-i386/jre/lib/i386/server/libjvm.so
b70f0000-b7136000 r--p 00ad5000 08:01 1693411    /usr/lib/jvm/java-8-openjdk-i386/jre/lib/i386/server/libjvm.so
b7136000-b714d000 rw-p 00b1b000 08:01 1693411    /usr/lib/jvm/java-8-openjdk-i386/jre/lib/i386/server/libjvm.so
b714d000-b756d000 rw-p 00000000 00:00 0 
b756d000-b7586000 r-xp 00000000 08:01 3402662    /lib/i386-linux-gnu/libpthread-2.23.so
b7586000-b7587000 r--p 00018000 08:01 3402662    /lib/i386-linux-gnu/libpthread-2.23.so
b7587000-b7588000 rw-p 00019000 08:01 3402662    /lib/i386-linux-gnu/libpthread-2.23.so
b7588000-b758a000 rw-p 00000000 00:00 0 
b758a000-b758d000 r-xp 00000000 08:01 3402697    /lib/i386-linux-gnu/libdl-2.23.so
b758d000-b758e000 r--p 00002000 08:01 3402697    /lib/i386-linux-gnu/libdl-2.23.so
b758e000-b758f000 rw-p 00003000 08:01 3402697    /lib/i386-linux-gnu/libdl-2.23.so
b758f000-b7590000 rw-p 00000000 00:00 0 
b7590000-b75a9000 r-xp 00000000 08:01 3402741    /lib/i386-linux-gnu/libz.so.1.2.8
b75a9000-b75aa000 r--p 00018000 08:01 3402741    /lib/i386-linux-gnu/libz.so.1.2.8
b75aa000-b75ab000 rw-p 00019000 08:01 3402741    /lib/i386-linux-gnu/libz.so.1.2.8
b75ab000-b775b000 r-xp 00000000 08:01 3402663    /lib/i386-linux-gnu/libc-2.23.so
b775b000-b775d000 r--p 001af000 08:01 3402663    /lib/i386-linux-gnu/libc-2.23.so
b775d000-b775e000 rw-p 001b1000 08:01 3402663    /lib/i386-linux-gnu/libc-2.23.so
b775e000-b7761000 rw-p 00000000 00:00 0 
b7761000-b7762000 r--s 00010000 08:01 1692581    /usr/lib/jvm/java-8-openjdk-i386/jre/lib/ext/zipfs.jar
b7762000-b7763000 r--s 0000a000 08:01 1692577    /usr/lib/jvm/java-8-openjdk-i386/jre/lib/ext/jaccess.jar
b7763000-b7766000 r--s 00038000 08:01 1692573    /usr/lib/jvm/java-8-openjdk-i386/jre/lib/ext/sunpkcs11.jar
b7766000-b7767000 r--p 002d4000 08:01 1110568    /usr/lib/locale/locale-archive
b7767000-b7768000 rw-p 00000000 00:00 0 
b7768000-b7769000 ---p 00000000 00:00 0 
b7769000-b7777000 r-xp 00000000 08:01 1693425    /usr/lib/jvm/java-8-openjdk-i386/jre/lib/i386/libverify.so
b7777000-b7778000 r--p 0000d000 08:01 1693425    /usr/lib/jvm/java-8-openjdk-i386/jre/lib/i386/libverify.so
b7778000-b7779000 rw-p 0000e000 08:01 1693425    /usr/lib/jvm/java-8-openjdk-i386/jre/lib/i386/libverify.so
b7779000-b7786000 r-xp 00000000 08:01 1693421    /usr/lib/jvm/java-8-openjdk-i386/jre/lib/i386/jli/libjli.so
b7786000-b7787000 r--p 0000c000 08:01 1693421    /usr/lib/jvm/java-8-openjdk-i386/jre/lib/i386/jli/libjli.so
b7787000-b7788000 rw-p 0000d000 08:01 1693421    /usr/lib/jvm/java-8-openjdk-i386/jre/lib/i386/jli/libjli.so
b7788000-b7789000 rw-p 00000000 00:00 0 
b7789000-b778c000 r--p 00000000 00:00 0          [vvar]
b778c000-b778d000 r-xp 00000000 00:00 0          [vdso]
b778d000-b77b0000 r-xp 00000000 08:01 3402661    /lib/i386-linux-gnu/ld-2.23.so
b77b0000-b77b1000 r--p 00022000 08:01 3402661    /lib/i386-linux-gnu/ld-2.23.so
b77b1000-b77b2000 rw-p 00023000 08:01 3402661    /lib/i386-linux-gnu/ld-2.23.so
bfad4000-bfaf6000 rw-p 00000000 00:00 0          [stack]

VM Arguments:
jvm_args: -Dfile.encoding=UTF-8 
java_command: com.sentriot.proto.WebdavApplication
java_class_path (initial): /home/sarnobat/github/deprecated-webdav-server-tomcat-spring-boot/target/classes:/home/sarnobat/.m2/repository/javax/validation/validation-api/1.1.0.Final/validation-api-1.1.0.Final.jar:/home/sarnobat/.m2/repository/org/springframework/boot/spring-boot-starter/1.3.3.RELEASE/spring-boot-starter-1.3.3.RELEASE.jar:/home/sarnobat/.m2/repository/org/springframework/boot/spring-boot/1.3.3.RELEASE/spring-boot-1.3.3.RELEASE.jar:/home/sarnobat/.m2/repository/org/springframework/spring-core/4.2.5.RELEASE/spring-core-4.2.5.RELEASE.jar:/home/sarnobat/.m2/repository/org/springframework/spring-context/4.2.5.RELEASE/spring-context-4.2.5.RELEASE.jar:/home/sarnobat/.m2/repository/org/springframework/spring-aop/4.2.5.RELEASE/spring-aop-4.2.5.RELEASE.jar:/home/sarnobat/.m2/repository/aopalliance/aopalliance/1.0/aopalliance-1.0.jar:/home/sarnobat/.m2/repository/org/springframework/spring-beans/4.2.5.RELEASE/spring-beans-4.2.5.RELEASE.jar:/home/sarnobat/.m2/repository/org/springframework/spring-expression/4.2.5.RELEASE/spring-expression-4.2.5.RELEASE.jar:/home/sarnobat/.m2/repository/org/springframework/boot/spring-boot-autoconfigure/1.3.3.RELEASE/spring-boot-autoconfigure-1.3.3.RELEASE.jar:/home/sarnobat/.m2/repository/org/springframework/boot/spring-boot-starter-logging/1.3.3.RELEASE/spring-boot-starter-logging-1.3.3.RELEASE.jar:/home/sarnobat/.m2/repository/ch/qos/logback/logback-classic/1.1.5/logback-classic-1.1.5.jar:/home/sarnobat/.m2/repository/ch/qos/logback/logback-core/1.1.5/logback-core-1.1.5.jar:/home/sarnobat/.m2/repository/org/slf4j/slf4j-api/1.7.16/slf4j-api-1.7.16.jar:/home/sarnobat/.m2/repository/org/slf4j/jcl-over-slf4j/1.7.16/jcl-over-slf4j-1.7.16.jar:/home/sarnobat/.m2/repository/org/slf4j/jul-to-slf4j/1.7.16/jul-to-slf4j-1.7.16.jar:/home/sarnobat/.m2/repository/org/slf4j/log4j-over-slf4j/1.7.16/log4j-over-slf4j-1.7.16.jar:/home/sarnobat/.m2/repository/org/yaml/snakeyaml/1.16/snakeyaml-1.16.jar:/home/sarnobat/.m2/repository/org/springfram
Launcher Type: SUN_STANDARD

Environment Variables:
PATH=/usr/bin:/bin
SHELL=/bin/sh

Signal Handlers:
SIGSEGV: [libjvm.so+0x8db350], sa_mask[0]=11111111011111111101111111111110, sa_flags=SA_RESTART|SA_SIGINFO
SIGBUS: [libjvm.so+0x8db350], sa_mask[0]=11111111011111111101111111111110, sa_flags=SA_RESTART|SA_SIGINFO
SIGFPE: [libjvm.so+0x73fd00], sa_mask[0]=11111111011111111101111111111110, sa_flags=SA_RESTART|SA_SIGINFO
SIGPIPE: [libjvm.so+0x73fd00], sa_mask[0]=11111111011111111101111111111110, sa_flags=SA_RESTART|SA_SIGINFO
SIGXFSZ: [libjvm.so+0x73fd00], sa_mask[0]=11111111011111111101111111111110, sa_flags=SA_RESTART|SA_SIGINFO
SIGILL: [libjvm.so+0x73fd00], sa_mask[0]=11111111011111111101111111111110, sa_flags=SA_RESTART|SA_SIGINFO
SIGUSR1: SIG_DFL, sa_mask[0]=00000000000000000000000000000000, sa_flags=none
SIGUSR2: [libjvm.so+0x73fb40], sa_mask[0]=00000000000000000000000000000000, sa_flags=SA_RESTART|SA_SIGINFO
SIGHUP: [libjvm.so+0x7402d0], sa_mask[0]=11111111011111111101111111111110, sa_flags=SA_RESTART|SA_SIGINFO
SIGINT: [libjvm.so+0x7402d0], sa_mask[0]=11111111011111111101111111111110, sa_flags=SA_RESTART|SA_SIGINFO
SIGTERM: [libjvm.so+0x7402d0], sa_mask[0]=11111111011111111101111111111110, sa_flags=SA_RESTART|SA_SIGINFO
SIGQUIT: [libjvm.so+0x7402d0], sa_mask[0]=11111111011111111101111111111110, sa_flags=SA_RESTART|SA_SIGINFO


---------------  S Y S T E M  ---------------

OS:DISTRIB_ID=Ubuntu
DISTRIB_RELEASE=16.04
DISTRIB_CODENAME=xenial
DISTRIB_DESCRIPTION="Ubuntu 16.04.1 LTS"

uname:Linux 4.4.0-116-generic #140-Ubuntu SMP Mon Feb 12 21:22:43 UTC 2018 i686
libc:glibc 2.23 NPTL 2.23 
rlimit: STACK 8192k, CORE 0k, NPROC 63055, NOFILE 1048576, AS infinity
load average:4.19 3.03 2.98

/proc/meminfo:
MemTotal:        8107396 kB
MemFree:          440652 kB
MemAvailable:      16280 kB
Buffers:            9376 kB
Cached:           174608 kB
SwapCached:        13852 kB
Active:          6187836 kB
Inactive:        1240868 kB
Active(anon):    6145184 kB
Inactive(anon):  1201880 kB
Active(file):      42652 kB
Inactive(file):    38988 kB
Unevictable:           0 kB
Mlocked:               0 kB
HighTotal:       7292552 kB
HighFree:         130556 kB
LowTotal:         814844 kB
LowFree:          310096 kB
SwapTotal:       4007932 kB
SwapFree:              0 kB
Dirty:              1636 kB
Writeback:             0 kB
AnonPages:       7231144 kB
Mapped:            40920 kB
Shmem:            102244 kB
Slab:              88056 kB
SReclaimable:      33952 kB
SUnreclaim:        54104 kB
KernelStack:       25048 kB
PageTables:        59608 kB
NFS_Unstable:          0 kB
Bounce:                0 kB
WritebackTmp:          0 kB
CommitLimit:     8061628 kB
Committed_AS:   32466924 kB
VmallocTotal:     122880 kB
VmallocUsed:           0 kB
VmallocChunk:          0 kB
AnonHugePages:   4704256 kB
CmaTotal:              0 kB
CmaFree:               0 kB
HugePages_Total:       0
HugePages_Free:        0
HugePages_Rsvd:        0
HugePages_Surp:        0
Hugepagesize:       2048 kB
DirectMap4k:       55288 kB
DirectMap2M:      856064 kB


CPU:total 4 (initial active 4) (2 cores per cpu, 2 threads per core) family 6 model 58 stepping 9, cmov, cx8, fxsr, mmx, sse, sse2, sse3, ssse3, sse4.1, sse4.2, popcnt, avx, aes, clmul, erms, ht, tsc, tscinvbit, tscinv

/proc/cpuinfo:
processor	: 0
vendor_id	: GenuineIntel
cpu family	: 6
model		: 58
model name	: Intel(R) Core(TM) i5-3427U CPU @ 1.80GHz
stepping	: 9
microcode	: 0x17
cpu MHz		: 2599.988
cache size	: 3072 KB
physical id	: 0
siblings	: 4
core id		: 0
cpu cores	: 2
apicid		: 0
initial apicid	: 0
fdiv_bug	: no
f00f_bug	: no
coma_bug	: no
fpu		: yes
fpu_exception	: yes
cpuid level	: 13
wp		: yes
flags		: fpu vme de pse tsc msr pae mce cx8 apic sep mtrr pge mca cmov pat pse36 clflush dts acpi mmx fxsr sse sse2 ss ht tm pbe nx rdtscp lm constant_tsc arch_perfmon pebs bts xtopology nonstop_tsc aperfmperf eagerfpu pni pclmulqdq dtes64 monitor ds_cpl vmx smx est tm2 ssse3 cx16 xtpr pdcm sse4_1 sse4_2 x2apic popcnt tsc_deadline_timer aes xsave avx f16c rdrand lahf_lm epb retpoline tpr_shadow vnmi flexpriority ept vpid fsgsbase smep erms xsaveopt dtherm ida arat pln pts
bugs		: cpu_meltdown spectre_v1 spectre_v2
bogomips	: 4589.71
clflush size	: 64
cache_alignment	: 64
address sizes	: 36 bits physical, 48 bits virtual
power management:

processor	: 1
vendor_id	: GenuineIntel
cpu family	: 6
model		: 58
model name	: Intel(R) Core(TM) i5-3427U CPU @ 1.80GHz
stepping	: 9
microcode	: 0x17
cpu MHz		: 2599.988
cache size	: 3072 KB
physical id	: 0
siblings	: 4
core id		: 1
cpu cores	: 2
apicid		: 2
initial apicid	: 2
fdiv_bug	: no
f00f_bug	: no
coma_bug	: no
fpu		: yes
fpu_exception	: yes
cpuid level	: 13
wp		: yes
flags		: fpu vme de pse tsc msr pae mce cx8 apic sep mtrr pge mca cmov pat pse36 clflush dts acpi mmx fxsr sse sse2 ss ht tm pbe nx rdtscp lm constant_tsc arch_perfmon pebs bts xtopology nonstop_tsc aperfmperf eagerfpu pni pclmulqdq dtes64 monitor ds_cpl vmx smx est tm2 ssse3 cx16 xtpr pdcm sse4_1 sse4_2 x2apic popcnt tsc_deadline_timer aes xsave avx f16c rdrand lahf_lm epb retpoline tpr_shadow vnmi flexpriority ept vpid fsgsbase smep erms xsaveopt dtherm ida arat pln pts
bugs		: cpu_meltdown spectre_v1 spectre_v2
bogomips	: 4589.71
clflush size	: 64
cache_alignment	: 64
address sizes	: 36 bits physical, 48 bits virtual
power management:

processor	: 2
vendor_id	: GenuineIntel
cpu family	: 6
model		: 58
model name	: Intel(R) Core(TM) i5-3427U CPU @ 1.80GHz
stepping	: 9
microcode	: 0x17
cpu MHz		: 2599.988
cache size	: 3072 KB
physical id	: 0
siblings	: 4
core id		: 0
cpu cores	: 2
apicid		: 1
initial apicid	: 1
fdiv_bug	: no
f00f_bug	: no
coma_bug	: no
fpu		: yes
fpu_exception	: yes
cpuid level	: 13
wp		: yes
flags		: fpu vme de pse tsc msr pae mce cx8 apic sep mtrr pge mca cmov pat pse36 clflush dts acpi mmx fxsr sse sse2 ss ht tm pbe nx rdtscp lm constant_tsc arch_perfmon pebs bts xtopology nonstop_tsc aperfmperf eagerfpu pni pclmulqdq dtes64 monitor ds_cpl vmx smx est tm2 ssse3 cx16 xtpr pdcm sse4_1 sse4_2 x2apic popcnt tsc_deadline_timer aes xsave avx f16c rdrand lahf_lm epb retpoline tpr_shadow vnmi flexpriority ept vpid fsgsbase smep erms xsaveopt dtherm ida arat pln pts
bugs		: cpu_meltdown spectre_v1 spectre_v2
bogomips	: 4589.71
clflush size	: 64
cache_alignment	: 64
address sizes	: 36 bits physical, 48 bits virtual
power management:

processor	: 3
vendor_id	: GenuineIntel
cpu family	: 6
model		: 58
model name	: Intel(R) Core(TM) i5-3427U CPU @ 1.80GHz
stepping	: 9
microcode	: 0x17
cpu MHz		: 2599.988
cache size	: 3072 KB
physical id	: 0
siblings	: 4
core id		: 1
cpu cores	: 2
apicid		: 3
initial apicid	: 3
fdiv_bug	: no
f00f_bug	: no
coma_bug	: no
fpu		: yes
fpu_exception	: yes
cpuid level	: 13
wp		: yes
flags		: fpu vme de pse tsc msr pae mce cx8 apic sep mtrr pge mca cmov pat pse36 clflush dts acpi mmx fxsr sse sse2 ss ht tm pbe nx rdtscp lm constant_tsc arch_perfmon pebs bts xtopology nonstop_tsc aperfmperf eagerfpu pni pclmulqdq dtes64 monitor ds_cpl vmx smx est tm2 ssse3 cx16 xtpr pdcm sse4_1 sse4_2 x2apic popcnt tsc_deadline_timer aes xsave avx f16c rdrand lahf_lm epb retpoline tpr_shadow vnmi flexpriority ept vpid fsgsbase smep erms xsaveopt dtherm ida arat pln pts
bugs		: cpu_meltdown spectre_v1 spectre_v2
bogomips	: 4589.71
clflush size	: 64
cache_alignment	: 64
address sizes	: 36 bits physical, 48 bits virtual
power management:



Memory: 4k page, physical 8107396k(440652k free), swap 4007932k(0k free)

vm_info: OpenJDK Server VM (25.162-b12) for linux-x86 JRE (1.8.0_162-8u162-b12-0ubuntu0.16.04.2-b12), built on Mar 14 2018 12:07:04 by "buildd" with gcc 5.4.0 20160609

time: Thu Apr 12 21:40:10 2018
elapsed time: 9 seconds (0d 0h 0m 9s)

